{"/Users/wyuntian/Documents/cpsc310_team70/test/EchoSpec.js":{"path":"/Users/wyuntian/Documents/cpsc310_team70/test/EchoSpec.js","statementMap":{"0":{"start":{"line":2,"column":15},"end":{"line":2,"column":44}},"1":{"start":{"line":3,"column":13},"end":{"line":3,"column":28}},"2":{"start":{"line":4,"column":13},"end":{"line":4,"column":35}},"3":{"start":{"line":5,"column":22},"end":{"line":5,"column":64}},"4":{"start":{"line":6,"column":11},"end":{"line":6,"column":26}},"5":{"start":{"line":7,"column":15},"end":{"line":7,"column":35}},"6":{"start":{"line":8,"column":10},"end":{"line":8,"column":26}},"7":{"start":{"line":9,"column":13},"end":{"line":9,"column":30}},"8":{"start":{"line":10,"column":0},"end":{"line":97,"column":3}},"9":{"start":{"line":11,"column":4},"end":{"line":11,"column":24}},"10":{"start":{"line":13,"column":8},"end":{"line":13,"column":57}},"11":{"start":{"line":14,"column":8},"end":{"line":14,"column":57}},"12":{"start":{"line":15,"column":8},"end":{"line":15,"column":55}},"13":{"start":{"line":17,"column":13},"end":{"line":17,"column":17}},"14":{"start":{"line":18,"column":4},"end":{"line":20,"column":7}},"15":{"start":{"line":19,"column":8},"end":{"line":19,"column":43}},"16":{"start":{"line":21,"column":4},"end":{"line":23,"column":7}},"17":{"start":{"line":22,"column":8},"end":{"line":22,"column":65}},"18":{"start":{"line":24,"column":4},"end":{"line":26,"column":7}},"19":{"start":{"line":25,"column":8},"end":{"line":25,"column":69}},"20":{"start":{"line":27,"column":4},"end":{"line":29,"column":7}},"21":{"start":{"line":28,"column":8},"end":{"line":28,"column":64}},"22":{"start":{"line":30,"column":4},"end":{"line":32,"column":7}},"23":{"start":{"line":31,"column":8},"end":{"line":31,"column":68}},"24":{"start":{"line":33,"column":4},"end":{"line":39,"column":7}},"25":{"start":{"line":34,"column":18},"end":{"line":34,"column":54}},"26":{"start":{"line":35,"column":8},"end":{"line":35,"column":49}},"27":{"start":{"line":36,"column":8},"end":{"line":36,"column":25}},"28":{"start":{"line":37,"column":8},"end":{"line":37,"column":46}},"29":{"start":{"line":38,"column":8},"end":{"line":38,"column":74}},"30":{"start":{"line":40,"column":4},"end":{"line":46,"column":7}},"31":{"start":{"line":41,"column":18},"end":{"line":41,"column":50}},"32":{"start":{"line":42,"column":8},"end":{"line":42,"column":49}},"33":{"start":{"line":43,"column":8},"end":{"line":43,"column":25}},"34":{"start":{"line":44,"column":8},"end":{"line":44,"column":46}},"35":{"start":{"line":45,"column":8},"end":{"line":45,"column":66}},"36":{"start":{"line":47,"column":4},"end":{"line":53,"column":7}},"37":{"start":{"line":48,"column":18},"end":{"line":48,"column":57}},"38":{"start":{"line":49,"column":8},"end":{"line":49,"column":49}},"39":{"start":{"line":50,"column":8},"end":{"line":50,"column":25}},"40":{"start":{"line":51,"column":8},"end":{"line":51,"column":46}},"41":{"start":{"line":52,"column":8},"end":{"line":52,"column":81}},"42":{"start":{"line":54,"column":4},"end":{"line":61,"column":7}},"43":{"start":{"line":55,"column":18},"end":{"line":55,"column":52}},"44":{"start":{"line":56,"column":8},"end":{"line":56,"column":49}},"45":{"start":{"line":57,"column":8},"end":{"line":57,"column":25}},"46":{"start":{"line":58,"column":8},"end":{"line":58,"column":46}},"47":{"start":{"line":59,"column":8},"end":{"line":59,"column":58}},"48":{"start":{"line":60,"column":8},"end":{"line":60,"column":81}},"49":{"start":{"line":62,"column":4},"end":{"line":96,"column":7}},"50":{"start":{"line":63,"column":8},"end":{"line":63,"column":27}},"51":{"start":{"line":64,"column":21},"end":{"line":64,"column":47}},"52":{"start":{"line":65,"column":18},"end":{"line":65,"column":41}},"53":{"start":{"line":66,"column":8},"end":{"line":66,"column":54}},"54":{"start":{"line":67,"column":8},"end":{"line":73,"column":9}},"55":{"start":{"line":68,"column":12},"end":{"line":68,"column":50}},"56":{"start":{"line":69,"column":12},"end":{"line":69,"column":33}},"57":{"start":{"line":72,"column":12},"end":{"line":72,"column":87}},"58":{"start":{"line":74,"column":8},"end":{"line":95,"column":11}},"59":{"start":{"line":75,"column":12},"end":{"line":76,"column":26}},"60":{"start":{"line":78,"column":12},"end":{"line":78,"column":33}},"61":{"start":{"line":80,"column":12},"end":{"line":80,"column":55}},"62":{"start":{"line":81,"column":12},"end":{"line":82,"column":36}},"63":{"start":{"line":84,"column":12},"end":{"line":84,"column":33}},"64":{"start":{"line":86,"column":12},"end":{"line":86,"column":55}},"65":{"start":{"line":87,"column":12},"end":{"line":87,"column":34}},"66":{"start":{"line":89,"column":12},"end":{"line":89,"column":33}},"67":{"start":{"line":91,"column":12},"end":{"line":91,"column":59}},"68":{"start":{"line":92,"column":12},"end":{"line":92,"column":33}},"69":{"start":{"line":94,"column":12},"end":{"line":94,"column":33}}},"fnMap":{"0":{"name":"(anonymous_0)","decl":{"start":{"line":10,"column":21},"end":{"line":10,"column":22}},"loc":{"start":{"line":10,"column":33},"end":{"line":97,"column":1}}},"1":{"name":"sanityCheck","decl":{"start":{"line":12,"column":13},"end":{"line":12,"column":24}},"loc":{"start":{"line":12,"column":35},"end":{"line":16,"column":5}}},"2":{"name":"(anonymous_2)","decl":{"start":{"line":18,"column":15},"end":{"line":18,"column":16}},"loc":{"start":{"line":18,"column":27},"end":{"line":20,"column":5}}},"3":{"name":"(anonymous_3)","decl":{"start":{"line":21,"column":11},"end":{"line":21,"column":12}},"loc":{"start":{"line":21,"column":23},"end":{"line":23,"column":5}}},"4":{"name":"(anonymous_4)","decl":{"start":{"line":24,"column":15},"end":{"line":24,"column":16}},"loc":{"start":{"line":24,"column":27},"end":{"line":26,"column":5}}},"5":{"name":"(anonymous_5)","decl":{"start":{"line":27,"column":10},"end":{"line":27,"column":11}},"loc":{"start":{"line":27,"column":22},"end":{"line":29,"column":5}}},"6":{"name":"(anonymous_6)","decl":{"start":{"line":30,"column":14},"end":{"line":30,"column":15}},"loc":{"start":{"line":30,"column":26},"end":{"line":32,"column":5}}},"7":{"name":"(anonymous_7)","decl":{"start":{"line":33,"column":33},"end":{"line":33,"column":34}},"loc":{"start":{"line":33,"column":45},"end":{"line":39,"column":5}}},"8":{"name":"(anonymous_8)","decl":{"start":{"line":40,"column":41},"end":{"line":40,"column":42}},"loc":{"start":{"line":40,"column":53},"end":{"line":46,"column":5}}},"9":{"name":"(anonymous_9)","decl":{"start":{"line":47,"column":67},"end":{"line":47,"column":68}},"loc":{"start":{"line":47,"column":79},"end":{"line":53,"column":5}}},"10":{"name":"(anonymous_10)","decl":{"start":{"line":54,"column":64},"end":{"line":54,"column":65}},"loc":{"start":{"line":54,"column":76},"end":{"line":61,"column":5}}},"11":{"name":"(anonymous_11)","decl":{"start":{"line":62,"column":22},"end":{"line":62,"column":23}},"loc":{"start":{"line":62,"column":34},"end":{"line":96,"column":5}}},"12":{"name":"(anonymous_12)","decl":{"start":{"line":74,"column":35},"end":{"line":74,"column":36}},"loc":{"start":{"line":74,"column":54},"end":{"line":77,"column":9}}},"13":{"name":"(anonymous_13)","decl":{"start":{"line":77,"column":17},"end":{"line":77,"column":18}},"loc":{"start":{"line":77,"column":32},"end":{"line":79,"column":9}}},"14":{"name":"(anonymous_14)","decl":{"start":{"line":79,"column":16},"end":{"line":79,"column":17}},"loc":{"start":{"line":79,"column":31},"end":{"line":83,"column":9}}},"15":{"name":"(anonymous_15)","decl":{"start":{"line":83,"column":17},"end":{"line":83,"column":18}},"loc":{"start":{"line":83,"column":32},"end":{"line":85,"column":9}}},"16":{"name":"(anonymous_16)","decl":{"start":{"line":85,"column":16},"end":{"line":85,"column":17}},"loc":{"start":{"line":85,"column":31},"end":{"line":88,"column":9}}},"17":{"name":"(anonymous_17)","decl":{"start":{"line":88,"column":16},"end":{"line":88,"column":17}},"loc":{"start":{"line":88,"column":35},"end":{"line":90,"column":9}}},"18":{"name":"(anonymous_18)","decl":{"start":{"line":90,"column":17},"end":{"line":90,"column":18}},"loc":{"start":{"line":90,"column":32},"end":{"line":93,"column":9}}},"19":{"name":"(anonymous_19)","decl":{"start":{"line":93,"column":17},"end":{"line":93,"column":18}},"loc":{"start":{"line":93,"column":32},"end":{"line":95,"column":9}}}},"branchMap":{},"s":{"0":1,"1":1,"2":1,"3":1,"4":1,"5":1,"6":1,"7":1,"8":1,"9":1,"10":4,"11":4,"12":4,"13":1,"14":1,"15":5,"16":1,"17":1,"18":1,"19":5,"20":1,"21":1,"22":1,"23":5,"24":1,"25":1,"26":1,"27":1,"28":1,"29":1,"30":1,"31":1,"32":1,"33":1,"34":1,"35":1,"36":1,"37":1,"38":1,"39":1,"40":1,"41":1,"42":1,"43":1,"44":1,"45":1,"46":1,"47":1,"48":1,"49":1,"50":1,"51":1,"52":1,"53":1,"54":1,"55":1,"56":0,"57":1,"58":1,"59":1,"60":0,"61":1,"62":1,"63":0,"64":1,"65":1,"66":0,"67":1,"68":1,"69":0},"f":{"0":1,"1":4,"2":5,"3":1,"4":5,"5":1,"6":5,"7":1,"8":1,"9":1,"10":1,"11":1,"12":1,"13":0,"14":1,"15":0,"16":1,"17":0,"18":1,"19":0},"b":{},"_coverageSchema":"332fd63041d2c1bcb487cc26dd0d5f7d97098a6c","hash":"7ffbbbcf539ab4aefc20068757b2e97a507a5f04","contentHash":"7091f33c698267990855f34f37f99ffa_10.1.2"},"/Users/wyuntian/Documents/cpsc310_team70/src/rest/Server.js":{"path":"/Users/wyuntian/Documents/cpsc310_team70/src/rest/Server.js","statementMap":{"0":{"start":{"line":2,"column":14},"end":{"line":2,"column":32}},"1":{"start":{"line":3,"column":13},"end":{"line":3,"column":31}},"2":{"start":{"line":4,"column":14},"end":{"line":73,"column":3}},"3":{"start":{"line":6,"column":8},"end":{"line":6,"column":62}},"4":{"start":{"line":7,"column":8},"end":{"line":7,"column":25}},"5":{"start":{"line":9,"column":4},"end":{"line":17,"column":6}},"6":{"start":{"line":10,"column":8},"end":{"line":10,"column":47}},"7":{"start":{"line":11,"column":19},"end":{"line":11,"column":23}},"8":{"start":{"line":12,"column":8},"end":{"line":16,"column":11}},"9":{"start":{"line":13,"column":12},"end":{"line":15,"column":15}},"10":{"start":{"line":14,"column":16},"end":{"line":14,"column":30}},"11":{"start":{"line":18,"column":4},"end":{"line":50,"column":6}},"12":{"start":{"line":19,"column":19},"end":{"line":19,"column":23}},"13":{"start":{"line":20,"column":8},"end":{"line":49,"column":11}},"14":{"start":{"line":21,"column":12},"end":{"line":48,"column":13}},"15":{"start":{"line":22,"column":16},"end":{"line":22,"column":63}},"16":{"start":{"line":23,"column":16},"end":{"line":25,"column":19}},"17":{"start":{"line":26,"column":16},"end":{"line":30,"column":19}},"18":{"start":{"line":27,"column":20},"end":{"line":27,"column":67}},"19":{"start":{"line":28,"column":20},"end":{"line":28,"column":83}},"20":{"start":{"line":29,"column":20},"end":{"line":29,"column":34}},"21":{"start":{"line":31,"column":16},"end":{"line":34,"column":19}},"22":{"start":{"line":32,"column":20},"end":{"line":32,"column":34}},"23":{"start":{"line":33,"column":20},"end":{"line":33,"column":34}},"24":{"start":{"line":35,"column":16},"end":{"line":35,"column":57}},"25":{"start":{"line":36,"column":16},"end":{"line":39,"column":19}},"26":{"start":{"line":37,"column":20},"end":{"line":37,"column":97}},"27":{"start":{"line":38,"column":20},"end":{"line":38,"column":34}},"28":{"start":{"line":40,"column":16},"end":{"line":43,"column":19}},"29":{"start":{"line":41,"column":20},"end":{"line":41,"column":83}},"30":{"start":{"line":42,"column":20},"end":{"line":42,"column":32}},"31":{"start":{"line":46,"column":16},"end":{"line":46,"column":72}},"32":{"start":{"line":47,"column":16},"end":{"line":47,"column":28}},"33":{"start":{"line":51,"column":4},"end":{"line":63,"column":6}},"34":{"start":{"line":52,"column":8},"end":{"line":52,"column":89}},"35":{"start":{"line":53,"column":8},"end":{"line":61,"column":9}},"36":{"start":{"line":54,"column":25},"end":{"line":54,"column":59}},"37":{"start":{"line":55,"column":12},"end":{"line":55,"column":80}},"38":{"start":{"line":56,"column":12},"end":{"line":56,"column":47}},"39":{"start":{"line":59,"column":12},"end":{"line":59,"column":70}},"40":{"start":{"line":60,"column":12},"end":{"line":60,"column":50}},"41":{"start":{"line":62,"column":8},"end":{"line":62,"column":22}},"42":{"start":{"line":64,"column":4},"end":{"line":71,"column":6}},"43":{"start":{"line":65,"column":8},"end":{"line":70,"column":9}},"44":{"start":{"line":66,"column":12},"end":{"line":66,"column":71}},"45":{"start":{"line":69,"column":12},"end":{"line":69,"column":74}},"46":{"start":{"line":72,"column":4},"end":{"line":72,"column":18}},"47":{"start":{"line":74,"column":0},"end":{"line":74,"column":62}},"48":{"start":{"line":75,"column":0},"end":{"line":75,"column":25}}},"fnMap":{"0":{"name":"(anonymous_0)","decl":{"start":{"line":4,"column":14},"end":{"line":4,"column":15}},"loc":{"start":{"line":4,"column":26},"end":{"line":73,"column":1}}},"1":{"name":"Server","decl":{"start":{"line":5,"column":13},"end":{"line":5,"column":19}},"loc":{"start":{"line":5,"column":26},"end":{"line":8,"column":5}}},"2":{"name":"(anonymous_2)","decl":{"start":{"line":9,"column":28},"end":{"line":9,"column":29}},"loc":{"start":{"line":9,"column":40},"end":{"line":17,"column":5}}},"3":{"name":"(anonymous_3)","decl":{"start":{"line":12,"column":27},"end":{"line":12,"column":28}},"loc":{"start":{"line":12,"column":46},"end":{"line":16,"column":9}}},"4":{"name":"(anonymous_4)","decl":{"start":{"line":13,"column":28},"end":{"line":13,"column":29}},"loc":{"start":{"line":13,"column":40},"end":{"line":15,"column":13}}},"5":{"name":"(anonymous_5)","decl":{"start":{"line":18,"column":29},"end":{"line":18,"column":30}},"loc":{"start":{"line":18,"column":41},"end":{"line":50,"column":5}}},"6":{"name":"(anonymous_6)","decl":{"start":{"line":20,"column":27},"end":{"line":20,"column":28}},"loc":{"start":{"line":20,"column":54},"end":{"line":49,"column":9}}},"7":{"name":"crossOrigin","decl":{"start":{"line":26,"column":39},"end":{"line":26,"column":50}},"loc":{"start":{"line":26,"column":67},"end":{"line":30,"column":17}}},"8":{"name":"(anonymous_8)","decl":{"start":{"line":31,"column":35},"end":{"line":31,"column":36}},"loc":{"start":{"line":31,"column":61},"end":{"line":34,"column":17}}},"9":{"name":"(anonymous_9)","decl":{"start":{"line":36,"column":44},"end":{"line":36,"column":45}},"loc":{"start":{"line":36,"column":56},"end":{"line":39,"column":17}}},"10":{"name":"(anonymous_10)","decl":{"start":{"line":40,"column":38},"end":{"line":40,"column":39}},"loc":{"start":{"line":40,"column":53},"end":{"line":43,"column":17}}},"11":{"name":"(anonymous_11)","decl":{"start":{"line":51,"column":18},"end":{"line":51,"column":19}},"loc":{"start":{"line":51,"column":44},"end":{"line":63,"column":5}}},"12":{"name":"(anonymous_12)","decl":{"start":{"line":64,"column":25},"end":{"line":64,"column":26}},"loc":{"start":{"line":64,"column":40},"end":{"line":71,"column":5}}}},"branchMap":{"0":{"loc":{"start":{"line":65,"column":8},"end":{"line":70,"column":9}},"type":"if","locations":[{"start":{"line":65,"column":8},"end":{"line":70,"column":9}},{"start":{"line":65,"column":8},"end":{"line":70,"column":9}}]},"1":{"loc":{"start":{"line":65,"column":12},"end":{"line":65,"column":54}},"type":"binary-expr","locations":[{"start":{"line":65,"column":12},"end":{"line":65,"column":38}},{"start":{"line":65,"column":42},"end":{"line":65,"column":54}}]}},"s":{"0":1,"1":1,"2":1,"3":1,"4":1,"5":1,"6":1,"7":1,"8":1,"9":1,"10":1,"11":1,"12":2,"13":2,"14":2,"15":2,"16":2,"17":2,"18":2,"19":2,"20":2,"21":2,"22":1,"23":1,"24":2,"25":2,"26":1,"27":1,"28":2,"29":1,"30":1,"31":0,"32":0,"33":1,"34":2,"35":2,"36":2,"37":1,"38":1,"39":1,"40":1,"41":1,"42":1,"43":5,"44":3,"45":2,"46":1,"47":1,"48":1},"f":{"0":1,"1":1,"2":1,"3":1,"4":1,"5":2,"6":2,"7":2,"8":1,"9":1,"10":1,"11":2,"12":5},"b":{"0":[3,2],"1":[5,4]},"_coverageSchema":"332fd63041d2c1bcb487cc26dd0d5f7d97098a6c","hash":"5db1629e80be7201cc6e9ed779150559745726a3","contentHash":"1427aa8cafc0daf82a23769a2845a7c2_10.1.2"},"/Users/wyuntian/Documents/cpsc310_team70/src/Util.js":{"path":"/Users/wyuntian/Documents/cpsc310_team70/src/Util.js","statementMap":{"0":{"start":{"line":2,"column":11},"end":{"line":21,"column":3}},"1":{"start":{"line":5,"column":4},"end":{"line":7,"column":6}},"2":{"start":{"line":6,"column":8},"end":{"line":6,"column":71}},"3":{"start":{"line":8,"column":4},"end":{"line":10,"column":6}},"4":{"start":{"line":9,"column":8},"end":{"line":9,"column":71}},"5":{"start":{"line":11,"column":4},"end":{"line":13,"column":6}},"6":{"start":{"line":12,"column":8},"end":{"line":12,"column":73}},"7":{"start":{"line":14,"column":4},"end":{"line":16,"column":6}},"8":{"start":{"line":15,"column":8},"end":{"line":15,"column":73}},"9":{"start":{"line":17,"column":4},"end":{"line":19,"column":6}},"10":{"start":{"line":18,"column":8},"end":{"line":18,"column":71}},"11":{"start":{"line":20,"column":4},"end":{"line":20,"column":15}},"12":{"start":{"line":22,"column":0},"end":{"line":22,"column":62}},"13":{"start":{"line":23,"column":0},"end":{"line":23,"column":22}}},"fnMap":{"0":{"name":"(anonymous_0)","decl":{"start":{"line":2,"column":11},"end":{"line":2,"column":12}},"loc":{"start":{"line":2,"column":23},"end":{"line":21,"column":1}}},"1":{"name":"Log","decl":{"start":{"line":3,"column":13},"end":{"line":3,"column":16}},"loc":{"start":{"line":3,"column":19},"end":{"line":4,"column":5}}},"2":{"name":"(anonymous_2)","decl":{"start":{"line":5,"column":16},"end":{"line":5,"column":17}},"loc":{"start":{"line":5,"column":31},"end":{"line":7,"column":5}}},"3":{"name":"(anonymous_3)","decl":{"start":{"line":8,"column":15},"end":{"line":8,"column":16}},"loc":{"start":{"line":8,"column":30},"end":{"line":10,"column":5}}},"4":{"name":"(anonymous_4)","decl":{"start":{"line":11,"column":15},"end":{"line":11,"column":16}},"loc":{"start":{"line":11,"column":30},"end":{"line":13,"column":5}}},"5":{"name":"(anonymous_5)","decl":{"start":{"line":14,"column":16},"end":{"line":14,"column":17}},"loc":{"start":{"line":14,"column":31},"end":{"line":16,"column":5}}},"6":{"name":"(anonymous_6)","decl":{"start":{"line":17,"column":15},"end":{"line":17,"column":16}},"loc":{"start":{"line":17,"column":30},"end":{"line":19,"column":5}}}},"branchMap":{},"s":{"0":1,"1":1,"2":68,"3":1,"4":7,"5":1,"6":0,"7":1,"8":1,"9":1,"10":61,"11":1,"12":1,"13":1},"f":{"0":1,"1":0,"2":68,"3":7,"4":0,"5":1,"6":61},"b":{},"_coverageSchema":"332fd63041d2c1bcb487cc26dd0d5f7d97098a6c","hash":"309480fce74249786326c6e813d076a8fd7dd936","contentHash":"d10f8bf0e88dd41eb45a214ae0a3addd_10.1.2"},"/Users/wyuntian/Documents/cpsc310_team70/src/controller/InsightFacade.js":{"path":"/Users/wyuntian/Documents/cpsc310_team70/src/controller/InsightFacade.js","statementMap":{"0":{"start":{"line":2,"column":9},"end":{"line":2,"column":22}},"1":{"start":{"line":3,"column":13},"end":{"line":3,"column":31}},"2":{"start":{"line":4,"column":9},"end":{"line":4,"column":22}},"3":{"start":{"line":5,"column":12},"end":{"line":5,"column":28}},"4":{"start":{"line":6,"column":10},"end":{"line":6,"column":26}},"5":{"start":{"line":7,"column":13},"end":{"line":7,"column":30}},"6":{"start":{"line":8,"column":11},"end":{"line":8,"column":26}},"7":{"start":{"line":9,"column":13},"end":{"line":9,"column":28}},"8":{"start":{"line":10,"column":18},"end":{"line":10,"column":40}},"9":{"start":{"line":11,"column":14},"end":{"line":11,"column":16}},"10":{"start":{"line":12,"column":15},"end":{"line":12,"column":17}},"11":{"start":{"line":13,"column":12},"end":{"line":13,"column":13}},"12":{"start":{"line":14,"column":21},"end":{"line":14,"column":23}},"13":{"start":{"line":15,"column":21},"end":{"line":15,"column":23}},"14":{"start":{"line":16,"column":17},"end":{"line":16,"column":19}},"15":{"start":{"line":17,"column":21},"end":{"line":639,"column":3}},"16":{"start":{"line":19,"column":8},"end":{"line":19,"column":58}},"17":{"start":{"line":21,"column":4},"end":{"line":29,"column":6}},"18":{"start":{"line":22,"column":8},"end":{"line":28,"column":9}},"19":{"start":{"line":23,"column":12},"end":{"line":23,"column":28}},"20":{"start":{"line":24,"column":12},"end":{"line":24,"column":24}},"21":{"start":{"line":27,"column":12},"end":{"line":27,"column":25}},"22":{"start":{"line":31,"column":4},"end":{"line":39,"column":6}},"23":{"start":{"line":32,"column":8},"end":{"line":38,"column":9}},"24":{"start":{"line":33,"column":12},"end":{"line":33,"column":34}},"25":{"start":{"line":34,"column":12},"end":{"line":34,"column":24}},"26":{"start":{"line":37,"column":12},"end":{"line":37,"column":25}},"27":{"start":{"line":40,"column":4},"end":{"line":118,"column":6}},"28":{"start":{"line":41,"column":8},"end":{"line":117,"column":11}},"29":{"start":{"line":42,"column":29},"end":{"line":45,"column":13}},"30":{"start":{"line":46,"column":23},"end":{"line":46,"column":27}},"31":{"start":{"line":47,"column":29},"end":{"line":47,"column":47}},"32":{"start":{"line":48,"column":25},"end":{"line":48,"column":27}},"33":{"start":{"line":49,"column":23},"end":{"line":49,"column":105}},"34":{"start":{"line":50,"column":12},"end":{"line":65,"column":13}},"35":{"start":{"line":51,"column":16},"end":{"line":52,"column":146}},"36":{"start":{"line":53,"column":16},"end":{"line":54,"column":146}},"37":{"start":{"line":55,"column":31},"end":{"line":56,"column":145}},"38":{"start":{"line":59,"column":16},"end":{"line":60,"column":146}},"39":{"start":{"line":61,"column":16},"end":{"line":62,"column":146}},"40":{"start":{"line":63,"column":31},"end":{"line":64,"column":145}},"41":{"start":{"line":66,"column":29},"end":{"line":66,"column":57}},"42":{"start":{"line":67,"column":12},"end":{"line":116,"column":15}},"43":{"start":{"line":68,"column":16},"end":{"line":68,"column":40}},"44":{"start":{"line":69,"column":30},"end":{"line":69,"column":32}},"45":{"start":{"line":70,"column":16},"end":{"line":70,"column":71}},"46":{"start":{"line":70,"column":50},"end":{"line":70,"column":67}},"47":{"start":{"line":71,"column":16},"end":{"line":115,"column":19}},"48":{"start":{"line":72,"column":37},"end":{"line":72,"column":56}},"49":{"start":{"line":73,"column":20},"end":{"line":73,"column":61}},"50":{"start":{"line":74,"column":20},"end":{"line":74,"column":61}},"51":{"start":{"line":75,"column":20},"end":{"line":75,"column":38}},"52":{"start":{"line":76,"column":20},"end":{"line":114,"column":21}},"53":{"start":{"line":77,"column":37},"end":{"line":77,"column":39}},"54":{"start":{"line":78,"column":36},"end":{"line":78,"column":38}},"55":{"start":{"line":79,"column":37},"end":{"line":79,"column":39}},"56":{"start":{"line":80,"column":24},"end":{"line":110,"column":25}},"57":{"start":{"line":81,"column":28},"end":{"line":88,"column":29}},"58":{"start":{"line":82,"column":32},"end":{"line":83,"column":132}},"59":{"start":{"line":86,"column":32},"end":{"line":87,"column":132}},"60":{"start":{"line":89,"column":28},"end":{"line":89,"column":43}},"61":{"start":{"line":90,"column":28},"end":{"line":105,"column":29}},"62":{"start":{"line":91,"column":47},"end":{"line":91,"column":49}},"63":{"start":{"line":92,"column":32},"end":{"line":92,"column":54}},"64":{"start":{"line":93,"column":32},"end":{"line":93,"column":97}},"65":{"start":{"line":94,"column":32},"end":{"line":94,"column":130}},"66":{"start":{"line":95,"column":32},"end":{"line":95,"column":126}},"67":{"start":{"line":96,"column":32},"end":{"line":96,"column":95}},"68":{"start":{"line":97,"column":32},"end":{"line":97,"column":114}},"69":{"start":{"line":98,"column":32},"end":{"line":98,"column":115}},"70":{"start":{"line":99,"column":32},"end":{"line":99,"column":110}},"71":{"start":{"line":100,"column":32},"end":{"line":100,"column":130}},"72":{"start":{"line":101,"column":32},"end":{"line":101,"column":80}},"73":{"start":{"line":102,"column":32},"end":{"line":102,"column":80}},"74":{"start":{"line":103,"column":32},"end":{"line":103,"column":119}},"75":{"start":{"line":104,"column":32},"end":{"line":104,"column":54}},"76":{"start":{"line":106,"column":28},"end":{"line":106,"column":44}},"77":{"start":{"line":109,"column":28},"end":{"line":109,"column":40}},"78":{"start":{"line":113,"column":24},"end":{"line":113,"column":36}},"79":{"start":{"line":119,"column":4},"end":{"line":308,"column":6}},"80":{"start":{"line":120,"column":19},"end":{"line":120,"column":23}},"81":{"start":{"line":121,"column":22},"end":{"line":124,"column":9}},"82":{"start":{"line":125,"column":8},"end":{"line":131,"column":9}},"83":{"start":{"line":126,"column":12},"end":{"line":130,"column":15}},"84":{"start":{"line":127,"column":16},"end":{"line":127,"column":35}},"85":{"start":{"line":128,"column":16},"end":{"line":128,"column":67}},"86":{"start":{"line":129,"column":16},"end":{"line":129,"column":39}},"87":{"start":{"line":132,"column":8},"end":{"line":226,"column":9}},"88":{"start":{"line":133,"column":12},"end":{"line":225,"column":15}},"89":{"start":{"line":134,"column":16},"end":{"line":224,"column":19}},"90":{"start":{"line":135,"column":43},"end":{"line":135,"column":45}},"91":{"start":{"line":136,"column":20},"end":{"line":138,"column":23}},"92":{"start":{"line":137,"column":24},"end":{"line":137,"column":65}},"93":{"start":{"line":139,"column":36},"end":{"line":139,"column":38}},"94":{"start":{"line":140,"column":20},"end":{"line":223,"column":23}},"95":{"start":{"line":141,"column":24},"end":{"line":143,"column":25}},"96":{"start":{"line":142,"column":28},"end":{"line":142,"column":56}},"97":{"start":{"line":144,"column":38},"end":{"line":144,"column":50}},"98":{"start":{"line":145,"column":39},"end":{"line":145,"column":60}},"99":{"start":{"line":146,"column":35},"end":{"line":148,"column":42}},"100":{"start":{"line":149,"column":42},"end":{"line":149,"column":44}},"101":{"start":{"line":150,"column":40},"end":{"line":150,"column":42}},"102":{"start":{"line":151,"column":24},"end":{"line":162,"column":25}},"103":{"start":{"line":152,"column":37},"end":{"line":152,"column":55}},"104":{"start":{"line":153,"column":40},"end":{"line":153,"column":83}},"105":{"start":{"line":154,"column":40},"end":{"line":154,"column":97}},"106":{"start":{"line":155,"column":42},"end":{"line":155,"column":85}},"107":{"start":{"line":156,"column":39},"end":{"line":156,"column":91}},"108":{"start":{"line":157,"column":43},"end":{"line":160,"column":29}},"109":{"start":{"line":161,"column":28},"end":{"line":161,"column":56}},"110":{"start":{"line":163,"column":24},"end":{"line":163,"column":47}},"111":{"start":{"line":164,"column":24},"end":{"line":164,"column":64}},"112":{"start":{"line":165,"column":51},"end":{"line":165,"column":53}},"113":{"start":{"line":166,"column":35},"end":{"line":166,"column":37}},"114":{"start":{"line":167,"column":24},"end":{"line":176,"column":27}},"115":{"start":{"line":168,"column":28},"end":{"line":175,"column":29}},"116":{"start":{"line":169,"column":32},"end":{"line":174,"column":33}},"117":{"start":{"line":170,"column":36},"end":{"line":170,"column":82}},"118":{"start":{"line":173,"column":36},"end":{"line":173,"column":53}},"119":{"start":{"line":177,"column":44},"end":{"line":177,"column":46}},"120":{"start":{"line":178,"column":24},"end":{"line":217,"column":27}},"121":{"start":{"line":179,"column":28},"end":{"line":186,"column":29}},"122":{"start":{"line":180,"column":42},"end":{"line":180,"column":49}},"123":{"start":{"line":181,"column":32},"end":{"line":185,"column":33}},"124":{"start":{"line":182,"column":36},"end":{"line":184,"column":37}},"125":{"start":{"line":183,"column":40},"end":{"line":183,"column":67}},"126":{"start":{"line":187,"column":28},"end":{"line":192,"column":29}},"127":{"start":{"line":188,"column":32},"end":{"line":188,"column":51}},"128":{"start":{"line":189,"column":32},"end":{"line":189,"column":79}},"129":{"start":{"line":190,"column":32},"end":{"line":190,"column":48}},"130":{"start":{"line":191,"column":32},"end":{"line":191,"column":39}},"131":{"start":{"line":193,"column":28},"end":{"line":200,"column":29}},"132":{"start":{"line":194,"column":32},"end":{"line":194,"column":51}},"133":{"start":{"line":195,"column":32},"end":{"line":195,"column":70}},"134":{"start":{"line":198,"column":32},"end":{"line":198,"column":51}},"135":{"start":{"line":199,"column":32},"end":{"line":199,"column":74}},"136":{"start":{"line":201,"column":38},"end":{"line":201,"column":67}},"137":{"start":{"line":202,"column":28},"end":{"line":211,"column":31}},"138":{"start":{"line":203,"column":32},"end":{"line":208,"column":33}},"139":{"start":{"line":204,"column":36},"end":{"line":204,"column":55}},"140":{"start":{"line":205,"column":36},"end":{"line":205,"column":98}},"141":{"start":{"line":206,"column":36},"end":{"line":206,"column":52}},"142":{"start":{"line":207,"column":36},"end":{"line":207,"column":43}},"143":{"start":{"line":209,"column":32},"end":{"line":209,"column":49}},"144":{"start":{"line":210,"column":32},"end":{"line":210,"column":39}},"145":{"start":{"line":213,"column":28},"end":{"line":213,"column":47}},"146":{"start":{"line":214,"column":28},"end":{"line":214,"column":90}},"147":{"start":{"line":215,"column":28},"end":{"line":215,"column":44}},"148":{"start":{"line":216,"column":28},"end":{"line":216,"column":35}},"149":{"start":{"line":219,"column":24},"end":{"line":219,"column":43}},"150":{"start":{"line":220,"column":24},"end":{"line":220,"column":86}},"151":{"start":{"line":221,"column":24},"end":{"line":221,"column":40}},"152":{"start":{"line":222,"column":24},"end":{"line":222,"column":31}},"153":{"start":{"line":227,"column":8},"end":{"line":307,"column":9}},"154":{"start":{"line":228,"column":12},"end":{"line":306,"column":15}},"155":{"start":{"line":229,"column":16},"end":{"line":305,"column":19}},"156":{"start":{"line":230,"column":43},"end":{"line":230,"column":45}},"157":{"start":{"line":231,"column":20},"end":{"line":233,"column":23}},"158":{"start":{"line":232,"column":24},"end":{"line":232,"column":65}},"159":{"start":{"line":234,"column":36},"end":{"line":234,"column":38}},"160":{"start":{"line":235,"column":20},"end":{"line":299,"column":23}},"161":{"start":{"line":236,"column":24},"end":{"line":269,"column":25}},"162":{"start":{"line":237,"column":28},"end":{"line":268,"column":29}},"163":{"start":{"line":238,"column":32},"end":{"line":243,"column":33}},"164":{"start":{"line":239,"column":47},"end":{"line":239,"column":78}},"165":{"start":{"line":242,"column":36},"end":{"line":242,"column":63}},"166":{"start":{"line":244,"column":32},"end":{"line":267,"column":33}},"167":{"start":{"line":245,"column":36},"end":{"line":266,"column":37}},"168":{"start":{"line":246,"column":48},"end":{"line":246,"column":54}},"169":{"start":{"line":247,"column":40},"end":{"line":265,"column":41}},"170":{"start":{"line":248,"column":57},"end":{"line":248,"column":59}},"171":{"start":{"line":249,"column":44},"end":{"line":249,"column":80}},"172":{"start":{"line":250,"column":44},"end":{"line":250,"column":77}},"173":{"start":{"line":251,"column":44},"end":{"line":251,"column":75}},"174":{"start":{"line":252,"column":44},"end":{"line":252,"column":88}},"175":{"start":{"line":253,"column":44},"end":{"line":253,"column":79}},"176":{"start":{"line":254,"column":44},"end":{"line":254,"column":77}},"177":{"start":{"line":255,"column":44},"end":{"line":255,"column":77}},"178":{"start":{"line":256,"column":44},"end":{"line":256,"column":79}},"179":{"start":{"line":257,"column":44},"end":{"line":257,"column":75}},"180":{"start":{"line":258,"column":44},"end":{"line":263,"column":45}},"181":{"start":{"line":259,"column":48},"end":{"line":259,"column":91}},"182":{"start":{"line":262,"column":48},"end":{"line":262,"column":76}},"183":{"start":{"line":264,"column":44},"end":{"line":264,"column":67}},"184":{"start":{"line":270,"column":24},"end":{"line":275,"column":25}},"185":{"start":{"line":271,"column":28},"end":{"line":271,"column":47}},"186":{"start":{"line":272,"column":28},"end":{"line":272,"column":76}},"187":{"start":{"line":273,"column":28},"end":{"line":273,"column":44}},"188":{"start":{"line":274,"column":28},"end":{"line":274,"column":35}},"189":{"start":{"line":276,"column":24},"end":{"line":283,"column":25}},"190":{"start":{"line":277,"column":28},"end":{"line":277,"column":47}},"191":{"start":{"line":278,"column":28},"end":{"line":278,"column":66}},"192":{"start":{"line":281,"column":28},"end":{"line":281,"column":47}},"193":{"start":{"line":282,"column":28},"end":{"line":282,"column":70}},"194":{"start":{"line":284,"column":34},"end":{"line":284,"column":59}},"195":{"start":{"line":285,"column":24},"end":{"line":293,"column":27}},"196":{"start":{"line":286,"column":28},"end":{"line":290,"column":29}},"197":{"start":{"line":287,"column":32},"end":{"line":287,"column":51}},"198":{"start":{"line":288,"column":32},"end":{"line":288,"column":94}},"199":{"start":{"line":289,"column":32},"end":{"line":289,"column":48}},"200":{"start":{"line":291,"column":28},"end":{"line":291,"column":45}},"201":{"start":{"line":292,"column":28},"end":{"line":292,"column":35}},"202":{"start":{"line":295,"column":24},"end":{"line":295,"column":43}},"203":{"start":{"line":296,"column":24},"end":{"line":296,"column":86}},"204":{"start":{"line":297,"column":24},"end":{"line":297,"column":40}},"205":{"start":{"line":298,"column":24},"end":{"line":298,"column":31}},"206":{"start":{"line":301,"column":20},"end":{"line":301,"column":39}},"207":{"start":{"line":302,"column":20},"end":{"line":302,"column":82}},"208":{"start":{"line":303,"column":20},"end":{"line":303,"column":36}},"209":{"start":{"line":304,"column":20},"end":{"line":304,"column":27}},"210":{"start":{"line":309,"column":4},"end":{"line":330,"column":6}},"211":{"start":{"line":310,"column":25},"end":{"line":313,"column":9}},"212":{"start":{"line":314,"column":8},"end":{"line":329,"column":11}},"213":{"start":{"line":315,"column":12},"end":{"line":318,"column":13}},"214":{"start":{"line":316,"column":16},"end":{"line":316,"column":38}},"215":{"start":{"line":317,"column":16},"end":{"line":317,"column":42}},"216":{"start":{"line":319,"column":12},"end":{"line":328,"column":13}},"217":{"start":{"line":320,"column":16},"end":{"line":320,"column":34}},"218":{"start":{"line":321,"column":16},"end":{"line":321,"column":38}},"219":{"start":{"line":322,"column":16},"end":{"line":322,"column":35}},"220":{"start":{"line":323,"column":16},"end":{"line":323,"column":36}},"221":{"start":{"line":326,"column":16},"end":{"line":326,"column":38}},"222":{"start":{"line":327,"column":16},"end":{"line":327,"column":35}},"223":{"start":{"line":331,"column":4},"end":{"line":385,"column":6}},"224":{"start":{"line":332,"column":19},"end":{"line":332,"column":23}},"225":{"start":{"line":333,"column":8},"end":{"line":384,"column":11}},"226":{"start":{"line":334,"column":12},"end":{"line":341,"column":13}},"227":{"start":{"line":335,"column":16},"end":{"line":337,"column":17}},"228":{"start":{"line":336,"column":20},"end":{"line":336,"column":78}},"229":{"start":{"line":340,"column":16},"end":{"line":340,"column":74}},"230":{"start":{"line":342,"column":21},"end":{"line":342,"column":38}},"231":{"start":{"line":343,"column":25},"end":{"line":343,"column":27}},"232":{"start":{"line":344,"column":12},"end":{"line":351,"column":13}},"233":{"start":{"line":345,"column":16},"end":{"line":347,"column":17}},"234":{"start":{"line":346,"column":20},"end":{"line":346,"column":66}},"235":{"start":{"line":350,"column":16},"end":{"line":350,"column":76}},"236":{"start":{"line":352,"column":24},"end":{"line":352,"column":38}},"237":{"start":{"line":353,"column":26},"end":{"line":353,"column":42}},"238":{"start":{"line":354,"column":12},"end":{"line":359,"column":13}},"239":{"start":{"line":355,"column":27},"end":{"line":355,"column":33}},"240":{"start":{"line":356,"column":16},"end":{"line":358,"column":17}},"241":{"start":{"line":357,"column":20},"end":{"line":357,"column":38}},"242":{"start":{"line":360,"column":28},"end":{"line":360,"column":30}},"243":{"start":{"line":361,"column":29},"end":{"line":361,"column":49}},"244":{"start":{"line":362,"column":26},"end":{"line":362,"column":44}},"245":{"start":{"line":363,"column":12},"end":{"line":371,"column":13}},"246":{"start":{"line":364,"column":26},"end":{"line":364,"column":38}},"247":{"start":{"line":365,"column":27},"end":{"line":365,"column":29}},"248":{"start":{"line":366,"column":16},"end":{"line":369,"column":17}},"249":{"start":{"line":367,"column":32},"end":{"line":367,"column":45}},"250":{"start":{"line":368,"column":20},"end":{"line":368,"column":45}},"251":{"start":{"line":370,"column":16},"end":{"line":370,"column":37}},"252":{"start":{"line":372,"column":25},"end":{"line":372,"column":27}},"253":{"start":{"line":373,"column":12},"end":{"line":382,"column":13}},"254":{"start":{"line":374,"column":31},"end":{"line":374,"column":47}},"255":{"start":{"line":375,"column":16},"end":{"line":381,"column":19}},"256":{"start":{"line":376,"column":20},"end":{"line":377,"column":34}},"257":{"start":{"line":377,"column":24},"end":{"line":377,"column":34}},"258":{"start":{"line":378,"column":20},"end":{"line":379,"column":33}},"259":{"start":{"line":379,"column":24},"end":{"line":379,"column":33}},"260":{"start":{"line":380,"column":20},"end":{"line":380,"column":29}},"261":{"start":{"line":383,"column":12},"end":{"line":383,"column":64}},"262":{"start":{"line":386,"column":4},"end":{"line":393,"column":6}},"263":{"start":{"line":387,"column":19},"end":{"line":387,"column":23}},"264":{"start":{"line":388,"column":8},"end":{"line":389,"column":29}},"265":{"start":{"line":389,"column":12},"end":{"line":389,"column":29}},"266":{"start":{"line":390,"column":8},"end":{"line":391,"column":27}},"267":{"start":{"line":391,"column":12},"end":{"line":391,"column":27}},"268":{"start":{"line":392,"column":8},"end":{"line":392,"column":18}},"269":{"start":{"line":394,"column":4},"end":{"line":429,"column":6}},"270":{"start":{"line":395,"column":19},"end":{"line":395,"column":23}},"271":{"start":{"line":396,"column":8},"end":{"line":397,"column":25}},"272":{"start":{"line":397,"column":12},"end":{"line":397,"column":25}},"273":{"start":{"line":398,"column":19},"end":{"line":398,"column":37}},"274":{"start":{"line":399,"column":8},"end":{"line":400,"column":25}},"275":{"start":{"line":400,"column":12},"end":{"line":400,"column":25}},"276":{"start":{"line":401,"column":19},"end":{"line":401,"column":33}},"277":{"start":{"line":402,"column":19},"end":{"line":402,"column":33}},"278":{"start":{"line":403,"column":20},"end":{"line":403,"column":37}},"279":{"start":{"line":404,"column":8},"end":{"line":405,"column":25}},"280":{"start":{"line":405,"column":12},"end":{"line":405,"column":25}},"281":{"start":{"line":406,"column":8},"end":{"line":407,"column":25}},"282":{"start":{"line":407,"column":12},"end":{"line":407,"column":25}},"283":{"start":{"line":408,"column":8},"end":{"line":409,"column":25}},"284":{"start":{"line":409,"column":12},"end":{"line":409,"column":25}},"285":{"start":{"line":410,"column":23},"end":{"line":410,"column":38}},"286":{"start":{"line":411,"column":8},"end":{"line":412,"column":25}},"287":{"start":{"line":412,"column":12},"end":{"line":412,"column":25}},"288":{"start":{"line":413,"column":8},"end":{"line":418,"column":9}},"289":{"start":{"line":414,"column":20},"end":{"line":414,"column":34}},"290":{"start":{"line":415,"column":12},"end":{"line":417,"column":13}},"291":{"start":{"line":416,"column":16},"end":{"line":416,"column":29}},"292":{"start":{"line":419,"column":8},"end":{"line":425,"column":9}},"293":{"start":{"line":420,"column":24},"end":{"line":420,"column":37}},"294":{"start":{"line":421,"column":12},"end":{"line":422,"column":29}},"295":{"start":{"line":422,"column":16},"end":{"line":422,"column":29}},"296":{"start":{"line":423,"column":12},"end":{"line":424,"column":29}},"297":{"start":{"line":424,"column":16},"end":{"line":424,"column":29}},"298":{"start":{"line":426,"column":8},"end":{"line":427,"column":25}},"299":{"start":{"line":427,"column":12},"end":{"line":427,"column":25}},"300":{"start":{"line":428,"column":8},"end":{"line":428,"column":20}},"301":{"start":{"line":430,"column":4},"end":{"line":433,"column":6}},"302":{"start":{"line":431,"column":19},"end":{"line":431,"column":23}},"303":{"start":{"line":432,"column":8},"end":{"line":432,"column":56}},"304":{"start":{"line":434,"column":4},"end":{"line":438,"column":6}},"305":{"start":{"line":435,"column":8},"end":{"line":436,"column":25}},"306":{"start":{"line":436,"column":12},"end":{"line":436,"column":25}},"307":{"start":{"line":437,"column":8},"end":{"line":437,"column":142}},"308":{"start":{"line":439,"column":4},"end":{"line":443,"column":6}},"309":{"start":{"line":440,"column":8},"end":{"line":441,"column":25}},"310":{"start":{"line":441,"column":12},"end":{"line":441,"column":25}},"311":{"start":{"line":442,"column":8},"end":{"line":442,"column":147}},"312":{"start":{"line":444,"column":4},"end":{"line":484,"column":6}},"313":{"start":{"line":445,"column":19},"end":{"line":445,"column":23}},"314":{"start":{"line":446,"column":8},"end":{"line":448,"column":9}},"315":{"start":{"line":447,"column":12},"end":{"line":447,"column":25}},"316":{"start":{"line":449,"column":8},"end":{"line":450,"column":25}},"317":{"start":{"line":450,"column":12},"end":{"line":450,"column":25}},"318":{"start":{"line":451,"column":18},"end":{"line":451,"column":37}},"319":{"start":{"line":452,"column":8},"end":{"line":462,"column":9}},"320":{"start":{"line":453,"column":28},"end":{"line":453,"column":36}},"321":{"start":{"line":454,"column":12},"end":{"line":455,"column":29}},"322":{"start":{"line":455,"column":16},"end":{"line":455,"column":29}},"323":{"start":{"line":456,"column":12},"end":{"line":460,"column":13}},"324":{"start":{"line":457,"column":24},"end":{"line":457,"column":39}},"325":{"start":{"line":458,"column":16},"end":{"line":459,"column":33}},"326":{"start":{"line":459,"column":20},"end":{"line":459,"column":33}},"327":{"start":{"line":461,"column":12},"end":{"line":461,"column":24}},"328":{"start":{"line":463,"column":8},"end":{"line":471,"column":9}},"329":{"start":{"line":464,"column":28},"end":{"line":464,"column":36}},"330":{"start":{"line":465,"column":12},"end":{"line":466,"column":29}},"331":{"start":{"line":466,"column":16},"end":{"line":466,"column":29}},"332":{"start":{"line":467,"column":25},"end":{"line":467,"column":47}},"333":{"start":{"line":468,"column":12},"end":{"line":469,"column":29}},"334":{"start":{"line":469,"column":16},"end":{"line":469,"column":29}},"335":{"start":{"line":470,"column":12},"end":{"line":470,"column":88}},"336":{"start":{"line":472,"column":8},"end":{"line":474,"column":9}},"337":{"start":{"line":473,"column":12},"end":{"line":473,"column":49}},"338":{"start":{"line":475,"column":8},"end":{"line":483,"column":9}},"339":{"start":{"line":476,"column":28},"end":{"line":476,"column":36}},"340":{"start":{"line":477,"column":12},"end":{"line":478,"column":29}},"341":{"start":{"line":478,"column":16},"end":{"line":478,"column":29}},"342":{"start":{"line":479,"column":25},"end":{"line":479,"column":47}},"343":{"start":{"line":480,"column":12},"end":{"line":481,"column":29}},"344":{"start":{"line":481,"column":16},"end":{"line":481,"column":29}},"345":{"start":{"line":482,"column":12},"end":{"line":482,"column":88}},"346":{"start":{"line":485,"column":4},"end":{"line":545,"column":6}},"347":{"start":{"line":486,"column":18},"end":{"line":486,"column":40}},"348":{"start":{"line":487,"column":18},"end":{"line":487,"column":29}},"349":{"start":{"line":488,"column":8},"end":{"line":492,"column":9}},"350":{"start":{"line":489,"column":24},"end":{"line":489,"column":43}},"351":{"start":{"line":490,"column":22},"end":{"line":490,"column":32}},"352":{"start":{"line":491,"column":12},"end":{"line":491,"column":37}},"353":{"start":{"line":493,"column":8},"end":{"line":497,"column":9}},"354":{"start":{"line":494,"column":24},"end":{"line":494,"column":43}},"355":{"start":{"line":495,"column":22},"end":{"line":495,"column":32}},"356":{"start":{"line":496,"column":12},"end":{"line":496,"column":37}},"357":{"start":{"line":498,"column":8},"end":{"line":502,"column":9}},"358":{"start":{"line":499,"column":24},"end":{"line":499,"column":43}},"359":{"start":{"line":500,"column":22},"end":{"line":500,"column":32}},"360":{"start":{"line":501,"column":12},"end":{"line":501,"column":38}},"361":{"start":{"line":503,"column":8},"end":{"line":544,"column":9}},"362":{"start":{"line":504,"column":24},"end":{"line":504,"column":43}},"363":{"start":{"line":505,"column":22},"end":{"line":505,"column":32}},"364":{"start":{"line":506,"column":12},"end":{"line":507,"column":29}},"365":{"start":{"line":507,"column":16},"end":{"line":507,"column":29}},"366":{"start":{"line":508,"column":12},"end":{"line":509,"column":28}},"367":{"start":{"line":509,"column":16},"end":{"line":509,"column":28}},"368":{"start":{"line":510,"column":12},"end":{"line":513,"column":13}},"369":{"start":{"line":511,"column":32},"end":{"line":511,"column":64}},"370":{"start":{"line":512,"column":16},"end":{"line":512,"column":59}},"371":{"start":{"line":514,"column":12},"end":{"line":519,"column":13}},"372":{"start":{"line":515,"column":32},"end":{"line":515,"column":60}},"373":{"start":{"line":516,"column":16},"end":{"line":517,"column":33}},"374":{"start":{"line":517,"column":20},"end":{"line":517,"column":33}},"375":{"start":{"line":518,"column":16},"end":{"line":518,"column":96}},"376":{"start":{"line":520,"column":12},"end":{"line":523,"column":13}},"377":{"start":{"line":521,"column":32},"end":{"line":521,"column":64}},"378":{"start":{"line":522,"column":16},"end":{"line":522,"column":60}},"379":{"start":{"line":524,"column":12},"end":{"line":524,"column":39}},"380":{"start":{"line":527,"column":12},"end":{"line":529,"column":13}},"381":{"start":{"line":528,"column":16},"end":{"line":528,"column":47}},"382":{"start":{"line":530,"column":12},"end":{"line":536,"column":13}},"383":{"start":{"line":531,"column":29},"end":{"line":531,"column":54}},"384":{"start":{"line":532,"column":16},"end":{"line":534,"column":17}},"385":{"start":{"line":533,"column":20},"end":{"line":533,"column":65}},"386":{"start":{"line":535,"column":16},"end":{"line":535,"column":30}},"387":{"start":{"line":537,"column":12},"end":{"line":543,"column":13}},"388":{"start":{"line":538,"column":29},"end":{"line":538,"column":54}},"389":{"start":{"line":539,"column":16},"end":{"line":541,"column":17}},"390":{"start":{"line":540,"column":20},"end":{"line":540,"column":65}},"391":{"start":{"line":542,"column":16},"end":{"line":542,"column":30}},"392":{"start":{"line":546,"column":4},"end":{"line":581,"column":6}},"393":{"start":{"line":547,"column":19},"end":{"line":547,"column":23}},"394":{"start":{"line":548,"column":8},"end":{"line":549,"column":25}},"395":{"start":{"line":549,"column":12},"end":{"line":549,"column":25}},"396":{"start":{"line":550,"column":19},"end":{"line":550,"column":37}},"397":{"start":{"line":551,"column":8},"end":{"line":552,"column":25}},"398":{"start":{"line":552,"column":12},"end":{"line":552,"column":25}},"399":{"start":{"line":553,"column":19},"end":{"line":553,"column":33}},"400":{"start":{"line":554,"column":19},"end":{"line":554,"column":33}},"401":{"start":{"line":555,"column":20},"end":{"line":555,"column":37}},"402":{"start":{"line":556,"column":8},"end":{"line":557,"column":25}},"403":{"start":{"line":557,"column":12},"end":{"line":557,"column":25}},"404":{"start":{"line":558,"column":8},"end":{"line":559,"column":25}},"405":{"start":{"line":559,"column":12},"end":{"line":559,"column":25}},"406":{"start":{"line":560,"column":8},"end":{"line":561,"column":25}},"407":{"start":{"line":561,"column":12},"end":{"line":561,"column":25}},"408":{"start":{"line":562,"column":23},"end":{"line":562,"column":38}},"409":{"start":{"line":563,"column":8},"end":{"line":564,"column":25}},"410":{"start":{"line":564,"column":12},"end":{"line":564,"column":25}},"411":{"start":{"line":565,"column":8},"end":{"line":570,"column":9}},"412":{"start":{"line":566,"column":20},"end":{"line":566,"column":34}},"413":{"start":{"line":567,"column":12},"end":{"line":569,"column":13}},"414":{"start":{"line":568,"column":16},"end":{"line":568,"column":29}},"415":{"start":{"line":571,"column":8},"end":{"line":577,"column":9}},"416":{"start":{"line":572,"column":24},"end":{"line":572,"column":37}},"417":{"start":{"line":573,"column":12},"end":{"line":574,"column":29}},"418":{"start":{"line":574,"column":16},"end":{"line":574,"column":29}},"419":{"start":{"line":575,"column":12},"end":{"line":576,"column":29}},"420":{"start":{"line":576,"column":16},"end":{"line":576,"column":29}},"421":{"start":{"line":578,"column":8},"end":{"line":579,"column":25}},"422":{"start":{"line":579,"column":12},"end":{"line":579,"column":25}},"423":{"start":{"line":580,"column":8},"end":{"line":580,"column":20}},"424":{"start":{"line":582,"column":4},"end":{"line":585,"column":6}},"425":{"start":{"line":583,"column":19},"end":{"line":583,"column":23}},"426":{"start":{"line":584,"column":8},"end":{"line":584,"column":56}},"427":{"start":{"line":586,"column":4},"end":{"line":590,"column":6}},"428":{"start":{"line":587,"column":8},"end":{"line":588,"column":25}},"429":{"start":{"line":588,"column":12},"end":{"line":588,"column":25}},"430":{"start":{"line":589,"column":8},"end":{"line":589,"column":83}},"431":{"start":{"line":591,"column":4},"end":{"line":596,"column":6}},"432":{"start":{"line":592,"column":8},"end":{"line":593,"column":25}},"433":{"start":{"line":593,"column":12},"end":{"line":593,"column":25}},"434":{"start":{"line":594,"column":8},"end":{"line":595,"column":89}},"435":{"start":{"line":597,"column":4},"end":{"line":637,"column":6}},"436":{"start":{"line":598,"column":19},"end":{"line":598,"column":23}},"437":{"start":{"line":599,"column":8},"end":{"line":601,"column":9}},"438":{"start":{"line":600,"column":12},"end":{"line":600,"column":25}},"439":{"start":{"line":602,"column":8},"end":{"line":603,"column":25}},"440":{"start":{"line":603,"column":12},"end":{"line":603,"column":25}},"441":{"start":{"line":604,"column":18},"end":{"line":604,"column":37}},"442":{"start":{"line":605,"column":8},"end":{"line":615,"column":9}},"443":{"start":{"line":606,"column":28},"end":{"line":606,"column":36}},"444":{"start":{"line":607,"column":12},"end":{"line":608,"column":29}},"445":{"start":{"line":608,"column":16},"end":{"line":608,"column":29}},"446":{"start":{"line":609,"column":12},"end":{"line":613,"column":13}},"447":{"start":{"line":610,"column":24},"end":{"line":610,"column":39}},"448":{"start":{"line":611,"column":16},"end":{"line":612,"column":33}},"449":{"start":{"line":612,"column":20},"end":{"line":612,"column":33}},"450":{"start":{"line":614,"column":12},"end":{"line":614,"column":24}},"451":{"start":{"line":616,"column":8},"end":{"line":618,"column":9}},"452":{"start":{"line":617,"column":12},"end":{"line":617,"column":49}},"453":{"start":{"line":619,"column":8},"end":{"line":627,"column":9}},"454":{"start":{"line":620,"column":28},"end":{"line":620,"column":36}},"455":{"start":{"line":621,"column":12},"end":{"line":622,"column":29}},"456":{"start":{"line":622,"column":16},"end":{"line":622,"column":29}},"457":{"start":{"line":623,"column":25},"end":{"line":623,"column":47}},"458":{"start":{"line":624,"column":12},"end":{"line":625,"column":29}},"459":{"start":{"line":625,"column":16},"end":{"line":625,"column":29}},"460":{"start":{"line":626,"column":12},"end":{"line":626,"column":88}},"461":{"start":{"line":628,"column":8},"end":{"line":636,"column":9}},"462":{"start":{"line":629,"column":28},"end":{"line":629,"column":36}},"463":{"start":{"line":630,"column":12},"end":{"line":631,"column":29}},"464":{"start":{"line":631,"column":16},"end":{"line":631,"column":29}},"465":{"start":{"line":632,"column":25},"end":{"line":632,"column":47}},"466":{"start":{"line":633,"column":12},"end":{"line":634,"column":29}},"467":{"start":{"line":634,"column":16},"end":{"line":634,"column":29}},"468":{"start":{"line":635,"column":12},"end":{"line":635,"column":88}},"469":{"start":{"line":638,"column":4},"end":{"line":638,"column":25}},"470":{"start":{"line":640,"column":0},"end":{"line":640,"column":62}},"471":{"start":{"line":641,"column":0},"end":{"line":641,"column":32}}},"fnMap":{"0":{"name":"(anonymous_0)","decl":{"start":{"line":17,"column":21},"end":{"line":17,"column":22}},"loc":{"start":{"line":17,"column":33},"end":{"line":639,"column":1}}},"1":{"name":"InsightFacade","decl":{"start":{"line":18,"column":13},"end":{"line":18,"column":26}},"loc":{"start":{"line":18,"column":29},"end":{"line":20,"column":5}}},"2":{"name":"(anonymous_2)","decl":{"start":{"line":21,"column":37},"end":{"line":21,"column":38}},"loc":{"start":{"line":21,"column":52},"end":{"line":29,"column":5}}},"3":{"name":"(anonymous_3)","decl":{"start":{"line":31,"column":41},"end":{"line":31,"column":42}},"loc":{"start":{"line":31,"column":60},"end":{"line":39,"column":5}}},"4":{"name":"(anonymous_4)","decl":{"start":{"line":40,"column":49},"end":{"line":40,"column":50}},"loc":{"start":{"line":40,"column":70},"end":{"line":118,"column":5}}},"5":{"name":"(anonymous_5)","decl":{"start":{"line":41,"column":27},"end":{"line":41,"column":28}},"loc":{"start":{"line":41,"column":54},"end":{"line":117,"column":9}}},"6":{"name":"(anonymous_6)","decl":{"start":{"line":67,"column":81},"end":{"line":67,"column":82}},"loc":{"start":{"line":67,"column":96},"end":{"line":116,"column":13}}},"7":{"name":"(anonymous_7)","decl":{"start":{"line":70,"column":31},"end":{"line":70,"column":32}},"loc":{"start":{"line":70,"column":48},"end":{"line":70,"column":69}}},"8":{"name":"(anonymous_8)","decl":{"start":{"line":71,"column":30},"end":{"line":71,"column":31}},"loc":{"start":{"line":71,"column":42},"end":{"line":115,"column":17}}},"9":{"name":"(anonymous_9)","decl":{"start":{"line":119,"column":41},"end":{"line":119,"column":42}},"loc":{"start":{"line":119,"column":64},"end":{"line":308,"column":5}}},"10":{"name":"(anonymous_10)","decl":{"start":{"line":126,"column":31},"end":{"line":126,"column":32}},"loc":{"start":{"line":126,"column":59},"end":{"line":130,"column":13}}},"11":{"name":"(anonymous_11)","decl":{"start":{"line":133,"column":31},"end":{"line":133,"column":32}},"loc":{"start":{"line":133,"column":58},"end":{"line":225,"column":13}}},"12":{"name":"(anonymous_12)","decl":{"start":{"line":134,"column":64},"end":{"line":134,"column":65}},"loc":{"start":{"line":134,"column":80},"end":{"line":224,"column":17}}},"13":{"name":"(anonymous_13)","decl":{"start":{"line":136,"column":33},"end":{"line":136,"column":34}},"loc":{"start":{"line":136,"column":49},"end":{"line":138,"column":21}}},"14":{"name":"(anonymous_14)","decl":{"start":{"line":140,"column":55},"end":{"line":140,"column":56}},"loc":{"start":{"line":140,"column":75},"end":{"line":218,"column":21}}},"15":{"name":"(anonymous_15)","decl":{"start":{"line":167,"column":42},"end":{"line":167,"column":43}},"loc":{"start":{"line":167,"column":59},"end":{"line":176,"column":25}}},"16":{"name":"(anonymous_16)","decl":{"start":{"line":178,"column":47},"end":{"line":178,"column":48}},"loc":{"start":{"line":178,"column":63},"end":{"line":212,"column":25}}},"17":{"name":"(anonymous_17)","decl":{"start":{"line":202,"column":50},"end":{"line":202,"column":51}},"loc":{"start":{"line":202,"column":79},"end":{"line":211,"column":29}}},"18":{"name":"(anonymous_18)","decl":{"start":{"line":212,"column":33},"end":{"line":212,"column":34}},"loc":{"start":{"line":212,"column":46},"end":{"line":217,"column":25}}},"19":{"name":"(anonymous_19)","decl":{"start":{"line":218,"column":29},"end":{"line":218,"column":30}},"loc":{"start":{"line":218,"column":45},"end":{"line":223,"column":21}}},"20":{"name":"(anonymous_20)","decl":{"start":{"line":228,"column":31},"end":{"line":228,"column":32}},"loc":{"start":{"line":228,"column":58},"end":{"line":306,"column":13}}},"21":{"name":"(anonymous_21)","decl":{"start":{"line":229,"column":64},"end":{"line":229,"column":65}},"loc":{"start":{"line":229,"column":80},"end":{"line":300,"column":17}}},"22":{"name":"(anonymous_22)","decl":{"start":{"line":231,"column":33},"end":{"line":231,"column":34}},"loc":{"start":{"line":231,"column":49},"end":{"line":233,"column":21}}},"23":{"name":"(anonymous_23)","decl":{"start":{"line":235,"column":55},"end":{"line":235,"column":56}},"loc":{"start":{"line":235,"column":75},"end":{"line":294,"column":21}}},"24":{"name":"(anonymous_24)","decl":{"start":{"line":285,"column":46},"end":{"line":285,"column":47}},"loc":{"start":{"line":285,"column":75},"end":{"line":293,"column":25}}},"25":{"name":"(anonymous_25)","decl":{"start":{"line":294,"column":29},"end":{"line":294,"column":30}},"loc":{"start":{"line":294,"column":45},"end":{"line":299,"column":21}}},"26":{"name":"(anonymous_26)","decl":{"start":{"line":300,"column":25},"end":{"line":300,"column":26}},"loc":{"start":{"line":300,"column":38},"end":{"line":305,"column":17}}},"27":{"name":"(anonymous_27)","decl":{"start":{"line":309,"column":44},"end":{"line":309,"column":45}},"loc":{"start":{"line":309,"column":58},"end":{"line":330,"column":5}}},"28":{"name":"(anonymous_28)","decl":{"start":{"line":314,"column":27},"end":{"line":314,"column":28}},"loc":{"start":{"line":314,"column":54},"end":{"line":329,"column":9}}},"29":{"name":"(anonymous_29)","decl":{"start":{"line":331,"column":43},"end":{"line":331,"column":44}},"loc":{"start":{"line":331,"column":60},"end":{"line":385,"column":5}}},"30":{"name":"(anonymous_30)","decl":{"start":{"line":333,"column":27},"end":{"line":333,"column":28}},"loc":{"start":{"line":333,"column":54},"end":{"line":384,"column":9}}},"31":{"name":"(anonymous_31)","decl":{"start":{"line":375,"column":31},"end":{"line":375,"column":32}},"loc":{"start":{"line":375,"column":47},"end":{"line":381,"column":17}}},"32":{"name":"(anonymous_32)","decl":{"start":{"line":386,"column":36},"end":{"line":386,"column":37}},"loc":{"start":{"line":386,"column":53},"end":{"line":393,"column":5}}},"33":{"name":"(anonymous_33)","decl":{"start":{"line":394,"column":45},"end":{"line":394,"column":46}},"loc":{"start":{"line":394,"column":62},"end":{"line":429,"column":5}}},"34":{"name":"(anonymous_34)","decl":{"start":{"line":430,"column":37},"end":{"line":430,"column":38}},"loc":{"start":{"line":430,"column":53},"end":{"line":433,"column":5}}},"35":{"name":"(anonymous_35)","decl":{"start":{"line":434,"column":38},"end":{"line":434,"column":39}},"loc":{"start":{"line":434,"column":51},"end":{"line":438,"column":5}}},"36":{"name":"(anonymous_36)","decl":{"start":{"line":439,"column":38},"end":{"line":439,"column":39}},"loc":{"start":{"line":439,"column":51},"end":{"line":443,"column":5}}},"37":{"name":"(anonymous_37)","decl":{"start":{"line":444,"column":45},"end":{"line":444,"column":46}},"loc":{"start":{"line":444,"column":60},"end":{"line":484,"column":5}}},"38":{"name":"(anonymous_38)","decl":{"start":{"line":485,"column":37},"end":{"line":485,"column":38}},"loc":{"start":{"line":485,"column":61},"end":{"line":545,"column":5}}},"39":{"name":"(anonymous_39)","decl":{"start":{"line":546,"column":45},"end":{"line":546,"column":46}},"loc":{"start":{"line":546,"column":62},"end":{"line":581,"column":5}}},"40":{"name":"(anonymous_40)","decl":{"start":{"line":582,"column":37},"end":{"line":582,"column":38}},"loc":{"start":{"line":582,"column":53},"end":{"line":585,"column":5}}},"41":{"name":"(anonymous_41)","decl":{"start":{"line":586,"column":38},"end":{"line":586,"column":39}},"loc":{"start":{"line":586,"column":51},"end":{"line":590,"column":5}}},"42":{"name":"(anonymous_42)","decl":{"start":{"line":591,"column":38},"end":{"line":591,"column":39}},"loc":{"start":{"line":591,"column":51},"end":{"line":596,"column":5}}},"43":{"name":"(anonymous_43)","decl":{"start":{"line":597,"column":45},"end":{"line":597,"column":46}},"loc":{"start":{"line":597,"column":60},"end":{"line":637,"column":5}}}},"branchMap":{"0":{"loc":{"start":{"line":50,"column":12},"end":{"line":65,"column":13}},"type":"if","locations":[{"start":{"line":50,"column":12},"end":{"line":65,"column":13}},{"start":{"line":50,"column":12},"end":{"line":65,"column":13}}]},"1":{"loc":{"start":{"line":76,"column":20},"end":{"line":114,"column":21}},"type":"if","locations":[{"start":{"line":76,"column":20},"end":{"line":114,"column":21}},{"start":{"line":76,"column":20},"end":{"line":114,"column":21}}]},"2":{"loc":{"start":{"line":81,"column":28},"end":{"line":88,"column":29}},"type":"if","locations":[{"start":{"line":81,"column":28},"end":{"line":88,"column":29}},{"start":{"line":81,"column":28},"end":{"line":88,"column":29}}]},"3":{"loc":{"start":{"line":125,"column":8},"end":{"line":131,"column":9}},"type":"if","locations":[{"start":{"line":125,"column":8},"end":{"line":131,"column":9}},{"start":{"line":125,"column":8},"end":{"line":131,"column":9}}]},"4":{"loc":{"start":{"line":125,"column":12},"end":{"line":125,"column":46}},"type":"binary-expr","locations":[{"start":{"line":125,"column":12},"end":{"line":125,"column":28}},{"start":{"line":125,"column":32},"end":{"line":125,"column":46}}]},"5":{"loc":{"start":{"line":132,"column":8},"end":{"line":226,"column":9}},"type":"if","locations":[{"start":{"line":132,"column":8},"end":{"line":226,"column":9}},{"start":{"line":132,"column":8},"end":{"line":226,"column":9}}]},"6":{"loc":{"start":{"line":168,"column":28},"end":{"line":175,"column":29}},"type":"if","locations":[{"start":{"line":168,"column":28},"end":{"line":175,"column":29}},{"start":{"line":168,"column":28},"end":{"line":175,"column":29}}]},"7":{"loc":{"start":{"line":181,"column":32},"end":{"line":185,"column":33}},"type":"if","locations":[{"start":{"line":181,"column":32},"end":{"line":185,"column":33}},{"start":{"line":181,"column":32},"end":{"line":185,"column":33}}]},"8":{"loc":{"start":{"line":187,"column":28},"end":{"line":192,"column":29}},"type":"if","locations":[{"start":{"line":187,"column":28},"end":{"line":192,"column":29}},{"start":{"line":187,"column":28},"end":{"line":192,"column":29}}]},"9":{"loc":{"start":{"line":193,"column":28},"end":{"line":200,"column":29}},"type":"if","locations":[{"start":{"line":193,"column":28},"end":{"line":200,"column":29}},{"start":{"line":193,"column":28},"end":{"line":200,"column":29}}]},"10":{"loc":{"start":{"line":203,"column":32},"end":{"line":208,"column":33}},"type":"if","locations":[{"start":{"line":203,"column":32},"end":{"line":208,"column":33}},{"start":{"line":203,"column":32},"end":{"line":208,"column":33}}]},"11":{"loc":{"start":{"line":227,"column":8},"end":{"line":307,"column":9}},"type":"if","locations":[{"start":{"line":227,"column":8},"end":{"line":307,"column":9}},{"start":{"line":227,"column":8},"end":{"line":307,"column":9}}]},"12":{"loc":{"start":{"line":237,"column":28},"end":{"line":268,"column":29}},"type":"if","locations":[{"start":{"line":237,"column":28},"end":{"line":268,"column":29}},{"start":{"line":237,"column":28},"end":{"line":268,"column":29}}]},"13":{"loc":{"start":{"line":244,"column":32},"end":{"line":267,"column":33}},"type":"if","locations":[{"start":{"line":244,"column":32},"end":{"line":267,"column":33}},{"start":{"line":244,"column":32},"end":{"line":267,"column":33}}]},"14":{"loc":{"start":{"line":247,"column":40},"end":{"line":265,"column":41}},"type":"if","locations":[{"start":{"line":247,"column":40},"end":{"line":265,"column":41}},{"start":{"line":247,"column":40},"end":{"line":265,"column":41}}]},"15":{"loc":{"start":{"line":258,"column":44},"end":{"line":263,"column":45}},"type":"if","locations":[{"start":{"line":258,"column":44},"end":{"line":263,"column":45}},{"start":{"line":258,"column":44},"end":{"line":263,"column":45}}]},"16":{"loc":{"start":{"line":270,"column":24},"end":{"line":275,"column":25}},"type":"if","locations":[{"start":{"line":270,"column":24},"end":{"line":275,"column":25}},{"start":{"line":270,"column":24},"end":{"line":275,"column":25}}]},"17":{"loc":{"start":{"line":276,"column":24},"end":{"line":283,"column":25}},"type":"if","locations":[{"start":{"line":276,"column":24},"end":{"line":283,"column":25}},{"start":{"line":276,"column":24},"end":{"line":283,"column":25}}]},"18":{"loc":{"start":{"line":286,"column":28},"end":{"line":290,"column":29}},"type":"if","locations":[{"start":{"line":286,"column":28},"end":{"line":290,"column":29}},{"start":{"line":286,"column":28},"end":{"line":290,"column":29}}]},"19":{"loc":{"start":{"line":315,"column":12},"end":{"line":318,"column":13}},"type":"if","locations":[{"start":{"line":315,"column":12},"end":{"line":318,"column":13}},{"start":{"line":315,"column":12},"end":{"line":318,"column":13}}]},"20":{"loc":{"start":{"line":315,"column":18},"end":{"line":315,"column":52}},"type":"binary-expr","locations":[{"start":{"line":315,"column":18},"end":{"line":315,"column":34}},{"start":{"line":315,"column":38},"end":{"line":315,"column":52}}]},"21":{"loc":{"start":{"line":319,"column":12},"end":{"line":328,"column":13}},"type":"if","locations":[{"start":{"line":319,"column":12},"end":{"line":328,"column":13}},{"start":{"line":319,"column":12},"end":{"line":328,"column":13}}]},"22":{"loc":{"start":{"line":335,"column":16},"end":{"line":337,"column":17}},"type":"if","locations":[{"start":{"line":335,"column":16},"end":{"line":337,"column":17}},{"start":{"line":335,"column":16},"end":{"line":337,"column":17}}]},"23":{"loc":{"start":{"line":335,"column":20},"end":{"line":335,"column":78}},"type":"binary-expr","locations":[{"start":{"line":335,"column":20},"end":{"line":335,"column":47}},{"start":{"line":335,"column":51},"end":{"line":335,"column":78}}]},"24":{"loc":{"start":{"line":345,"column":16},"end":{"line":347,"column":17}},"type":"if","locations":[{"start":{"line":345,"column":16},"end":{"line":347,"column":17}},{"start":{"line":345,"column":16},"end":{"line":347,"column":17}}]},"25":{"loc":{"start":{"line":356,"column":16},"end":{"line":358,"column":17}},"type":"if","locations":[{"start":{"line":356,"column":16},"end":{"line":358,"column":17}},{"start":{"line":356,"column":16},"end":{"line":358,"column":17}}]},"26":{"loc":{"start":{"line":373,"column":12},"end":{"line":382,"column":13}},"type":"if","locations":[{"start":{"line":373,"column":12},"end":{"line":382,"column":13}},{"start":{"line":373,"column":12},"end":{"line":382,"column":13}}]},"27":{"loc":{"start":{"line":376,"column":20},"end":{"line":377,"column":34}},"type":"if","locations":[{"start":{"line":376,"column":20},"end":{"line":377,"column":34}},{"start":{"line":376,"column":20},"end":{"line":377,"column":34}}]},"28":{"loc":{"start":{"line":378,"column":20},"end":{"line":379,"column":33}},"type":"if","locations":[{"start":{"line":378,"column":20},"end":{"line":379,"column":33}},{"start":{"line":378,"column":20},"end":{"line":379,"column":33}}]},"29":{"loc":{"start":{"line":388,"column":8},"end":{"line":389,"column":29}},"type":"if","locations":[{"start":{"line":388,"column":8},"end":{"line":389,"column":29}},{"start":{"line":388,"column":8},"end":{"line":389,"column":29}}]},"30":{"loc":{"start":{"line":390,"column":8},"end":{"line":391,"column":27}},"type":"if","locations":[{"start":{"line":390,"column":8},"end":{"line":391,"column":27}},{"start":{"line":390,"column":8},"end":{"line":391,"column":27}}]},"31":{"loc":{"start":{"line":396,"column":8},"end":{"line":397,"column":25}},"type":"if","locations":[{"start":{"line":396,"column":8},"end":{"line":397,"column":25}},{"start":{"line":396,"column":8},"end":{"line":397,"column":25}}]},"32":{"loc":{"start":{"line":396,"column":12},"end":{"line":396,"column":42}},"type":"binary-expr","locations":[{"start":{"line":396,"column":12},"end":{"line":396,"column":26}},{"start":{"line":396,"column":30},"end":{"line":396,"column":42}}]},"33":{"loc":{"start":{"line":399,"column":8},"end":{"line":400,"column":25}},"type":"if","locations":[{"start":{"line":399,"column":8},"end":{"line":400,"column":25}},{"start":{"line":399,"column":8},"end":{"line":400,"column":25}}]},"34":{"loc":{"start":{"line":399,"column":12},"end":{"line":399,"column":89}},"type":"binary-expr","locations":[{"start":{"line":399,"column":12},"end":{"line":399,"column":29}},{"start":{"line":399,"column":34},"end":{"line":399,"column":57}},{"start":{"line":399,"column":63},"end":{"line":399,"column":88}}]},"35":{"loc":{"start":{"line":404,"column":8},"end":{"line":405,"column":25}},"type":"if","locations":[{"start":{"line":404,"column":8},"end":{"line":405,"column":25}},{"start":{"line":404,"column":8},"end":{"line":405,"column":25}}]},"36":{"loc":{"start":{"line":406,"column":8},"end":{"line":407,"column":25}},"type":"if","locations":[{"start":{"line":406,"column":8},"end":{"line":407,"column":25}},{"start":{"line":406,"column":8},"end":{"line":407,"column":25}}]},"37":{"loc":{"start":{"line":406,"column":12},"end":{"line":406,"column":60}},"type":"binary-expr","locations":[{"start":{"line":406,"column":13},"end":{"line":406,"column":37}},{"start":{"line":406,"column":42},"end":{"line":406,"column":60}}]},"38":{"loc":{"start":{"line":408,"column":8},"end":{"line":409,"column":25}},"type":"if","locations":[{"start":{"line":408,"column":8},"end":{"line":409,"column":25}},{"start":{"line":408,"column":8},"end":{"line":409,"column":25}}]},"39":{"loc":{"start":{"line":408,"column":12},"end":{"line":408,"column":59}},"type":"binary-expr","locations":[{"start":{"line":408,"column":13},"end":{"line":408,"column":36}},{"start":{"line":408,"column":41},"end":{"line":408,"column":59}}]},"40":{"loc":{"start":{"line":411,"column":8},"end":{"line":412,"column":25}},"type":"if","locations":[{"start":{"line":411,"column":8},"end":{"line":412,"column":25}},{"start":{"line":411,"column":8},"end":{"line":412,"column":25}}]},"41":{"loc":{"start":{"line":411,"column":12},"end":{"line":411,"column":63}},"type":"binary-expr","locations":[{"start":{"line":411,"column":13},"end":{"line":411,"column":37}},{"start":{"line":411,"column":42},"end":{"line":411,"column":63}}]},"42":{"loc":{"start":{"line":415,"column":12},"end":{"line":417,"column":13}},"type":"if","locations":[{"start":{"line":415,"column":12},"end":{"line":417,"column":13}},{"start":{"line":415,"column":12},"end":{"line":417,"column":13}}]},"43":{"loc":{"start":{"line":419,"column":8},"end":{"line":425,"column":9}},"type":"if","locations":[{"start":{"line":419,"column":8},"end":{"line":425,"column":9}},{"start":{"line":419,"column":8},"end":{"line":425,"column":9}}]},"44":{"loc":{"start":{"line":421,"column":12},"end":{"line":422,"column":29}},"type":"if","locations":[{"start":{"line":421,"column":12},"end":{"line":422,"column":29}},{"start":{"line":421,"column":12},"end":{"line":422,"column":29}}]},"45":{"loc":{"start":{"line":423,"column":12},"end":{"line":424,"column":29}},"type":"if","locations":[{"start":{"line":423,"column":12},"end":{"line":424,"column":29}},{"start":{"line":423,"column":12},"end":{"line":424,"column":29}}]},"46":{"loc":{"start":{"line":426,"column":8},"end":{"line":427,"column":25}},"type":"if","locations":[{"start":{"line":426,"column":8},"end":{"line":427,"column":25}},{"start":{"line":426,"column":8},"end":{"line":427,"column":25}}]},"47":{"loc":{"start":{"line":432,"column":15},"end":{"line":432,"column":55}},"type":"binary-expr","locations":[{"start":{"line":432,"column":15},"end":{"line":432,"column":33}},{"start":{"line":432,"column":37},"end":{"line":432,"column":55}}]},"48":{"loc":{"start":{"line":435,"column":8},"end":{"line":436,"column":25}},"type":"if","locations":[{"start":{"line":435,"column":8},"end":{"line":436,"column":25}},{"start":{"line":435,"column":8},"end":{"line":436,"column":25}}]},"49":{"loc":{"start":{"line":437,"column":15},"end":{"line":437,"column":141}},"type":"binary-expr","locations":[{"start":{"line":437,"column":16},"end":{"line":437,"column":35}},{"start":{"line":437,"column":41},"end":{"line":437,"column":61}},{"start":{"line":437,"column":67},"end":{"line":437,"column":87}},{"start":{"line":437,"column":93},"end":{"line":437,"column":114}},{"start":{"line":437,"column":120},"end":{"line":437,"column":140}}]},"50":{"loc":{"start":{"line":440,"column":8},"end":{"line":441,"column":25}},"type":"if","locations":[{"start":{"line":440,"column":8},"end":{"line":441,"column":25}},{"start":{"line":440,"column":8},"end":{"line":441,"column":25}}]},"51":{"loc":{"start":{"line":442,"column":15},"end":{"line":442,"column":146}},"type":"binary-expr","locations":[{"start":{"line":442,"column":16},"end":{"line":442,"column":36}},{"start":{"line":442,"column":42},"end":{"line":442,"column":60}},{"start":{"line":442,"column":66},"end":{"line":442,"column":92}},{"start":{"line":442,"column":98},"end":{"line":442,"column":119}},{"start":{"line":442,"column":125},"end":{"line":442,"column":145}}]},"52":{"loc":{"start":{"line":446,"column":8},"end":{"line":448,"column":9}},"type":"if","locations":[{"start":{"line":446,"column":8},"end":{"line":448,"column":9}},{"start":{"line":446,"column":8},"end":{"line":448,"column":9}}]},"53":{"loc":{"start":{"line":449,"column":8},"end":{"line":450,"column":25}},"type":"if","locations":[{"start":{"line":449,"column":8},"end":{"line":450,"column":25}},{"start":{"line":449,"column":8},"end":{"line":450,"column":25}}]},"54":{"loc":{"start":{"line":452,"column":8},"end":{"line":462,"column":9}},"type":"if","locations":[{"start":{"line":452,"column":8},"end":{"line":462,"column":9}},{"start":{"line":452,"column":8},"end":{"line":462,"column":9}}]},"55":{"loc":{"start":{"line":452,"column":12},"end":{"line":452,"column":41}},"type":"binary-expr","locations":[{"start":{"line":452,"column":12},"end":{"line":452,"column":25}},{"start":{"line":452,"column":29},"end":{"line":452,"column":41}}]},"56":{"loc":{"start":{"line":454,"column":12},"end":{"line":455,"column":29}},"type":"if","locations":[{"start":{"line":454,"column":12},"end":{"line":455,"column":29}},{"start":{"line":454,"column":12},"end":{"line":455,"column":29}}]},"57":{"loc":{"start":{"line":454,"column":16},"end":{"line":454,"column":69}},"type":"binary-expr","locations":[{"start":{"line":454,"column":17},"end":{"line":454,"column":42}},{"start":{"line":454,"column":47},"end":{"line":454,"column":69}}]},"58":{"loc":{"start":{"line":458,"column":16},"end":{"line":459,"column":33}},"type":"if","locations":[{"start":{"line":458,"column":16},"end":{"line":459,"column":33}},{"start":{"line":458,"column":16},"end":{"line":459,"column":33}}]},"59":{"loc":{"start":{"line":463,"column":8},"end":{"line":471,"column":9}},"type":"if","locations":[{"start":{"line":463,"column":8},"end":{"line":471,"column":9}},{"start":{"line":463,"column":8},"end":{"line":471,"column":9}}]},"60":{"loc":{"start":{"line":463,"column":12},"end":{"line":463,"column":56}},"type":"binary-expr","locations":[{"start":{"line":463,"column":12},"end":{"line":463,"column":24}},{"start":{"line":463,"column":28},"end":{"line":463,"column":40}},{"start":{"line":463,"column":44},"end":{"line":463,"column":56}}]},"61":{"loc":{"start":{"line":465,"column":12},"end":{"line":466,"column":29}},"type":"if","locations":[{"start":{"line":465,"column":12},"end":{"line":466,"column":29}},{"start":{"line":465,"column":12},"end":{"line":466,"column":29}}]},"62":{"loc":{"start":{"line":468,"column":12},"end":{"line":469,"column":29}},"type":"if","locations":[{"start":{"line":468,"column":12},"end":{"line":469,"column":29}},{"start":{"line":468,"column":12},"end":{"line":469,"column":29}}]},"63":{"loc":{"start":{"line":470,"column":19},"end":{"line":470,"column":87}},"type":"binary-expr","locations":[{"start":{"line":470,"column":19},"end":{"line":470,"column":42}},{"start":{"line":470,"column":47},"end":{"line":470,"column":86}}]},"64":{"loc":{"start":{"line":472,"column":8},"end":{"line":474,"column":9}},"type":"if","locations":[{"start":{"line":472,"column":8},"end":{"line":474,"column":9}},{"start":{"line":472,"column":8},"end":{"line":474,"column":9}}]},"65":{"loc":{"start":{"line":475,"column":8},"end":{"line":483,"column":9}},"type":"if","locations":[{"start":{"line":475,"column":8},"end":{"line":483,"column":9}},{"start":{"line":475,"column":8},"end":{"line":483,"column":9}}]},"66":{"loc":{"start":{"line":477,"column":12},"end":{"line":478,"column":29}},"type":"if","locations":[{"start":{"line":477,"column":12},"end":{"line":478,"column":29}},{"start":{"line":477,"column":12},"end":{"line":478,"column":29}}]},"67":{"loc":{"start":{"line":480,"column":12},"end":{"line":481,"column":29}},"type":"if","locations":[{"start":{"line":480,"column":12},"end":{"line":481,"column":29}},{"start":{"line":480,"column":12},"end":{"line":481,"column":29}}]},"68":{"loc":{"start":{"line":482,"column":19},"end":{"line":482,"column":87}},"type":"binary-expr","locations":[{"start":{"line":482,"column":19},"end":{"line":482,"column":42}},{"start":{"line":482,"column":47},"end":{"line":482,"column":86}}]},"69":{"loc":{"start":{"line":488,"column":8},"end":{"line":492,"column":9}},"type":"if","locations":[{"start":{"line":488,"column":8},"end":{"line":492,"column":9}},{"start":{"line":488,"column":8},"end":{"line":492,"column":9}}]},"70":{"loc":{"start":{"line":493,"column":8},"end":{"line":497,"column":9}},"type":"if","locations":[{"start":{"line":493,"column":8},"end":{"line":497,"column":9}},{"start":{"line":493,"column":8},"end":{"line":497,"column":9}}]},"71":{"loc":{"start":{"line":498,"column":8},"end":{"line":502,"column":9}},"type":"if","locations":[{"start":{"line":498,"column":8},"end":{"line":502,"column":9}},{"start":{"line":498,"column":8},"end":{"line":502,"column":9}}]},"72":{"loc":{"start":{"line":503,"column":8},"end":{"line":544,"column":9}},"type":"if","locations":[{"start":{"line":503,"column":8},"end":{"line":544,"column":9}},{"start":{"line":503,"column":8},"end":{"line":544,"column":9}}]},"73":{"loc":{"start":{"line":506,"column":12},"end":{"line":507,"column":29}},"type":"if","locations":[{"start":{"line":506,"column":12},"end":{"line":507,"column":29}},{"start":{"line":506,"column":12},"end":{"line":507,"column":29}}]},"74":{"loc":{"start":{"line":506,"column":16},"end":{"line":506,"column":50}},"type":"binary-expr","locations":[{"start":{"line":506,"column":16},"end":{"line":506,"column":32}},{"start":{"line":506,"column":36},"end":{"line":506,"column":50}}]},"75":{"loc":{"start":{"line":508,"column":12},"end":{"line":509,"column":28}},"type":"if","locations":[{"start":{"line":508,"column":12},"end":{"line":509,"column":28}},{"start":{"line":508,"column":12},"end":{"line":509,"column":28}}]},"76":{"loc":{"start":{"line":508,"column":16},"end":{"line":508,"column":68}},"type":"binary-expr","locations":[{"start":{"line":508,"column":16},"end":{"line":508,"column":32}},{"start":{"line":508,"column":36},"end":{"line":508,"column":50}},{"start":{"line":508,"column":54},"end":{"line":508,"column":68}}]},"77":{"loc":{"start":{"line":510,"column":12},"end":{"line":513,"column":13}},"type":"if","locations":[{"start":{"line":510,"column":12},"end":{"line":513,"column":13}},{"start":{"line":510,"column":12},"end":{"line":513,"column":13}}]},"78":{"loc":{"start":{"line":510,"column":16},"end":{"line":510,"column":61}},"type":"binary-expr","locations":[{"start":{"line":510,"column":16},"end":{"line":510,"column":30}},{"start":{"line":510,"column":34},"end":{"line":510,"column":61}}]},"79":{"loc":{"start":{"line":514,"column":12},"end":{"line":519,"column":13}},"type":"if","locations":[{"start":{"line":514,"column":12},"end":{"line":519,"column":13}},{"start":{"line":514,"column":12},"end":{"line":519,"column":13}}]},"80":{"loc":{"start":{"line":514,"column":16},"end":{"line":514,"column":61}},"type":"binary-expr","locations":[{"start":{"line":514,"column":16},"end":{"line":514,"column":30}},{"start":{"line":514,"column":34},"end":{"line":514,"column":61}}]},"81":{"loc":{"start":{"line":516,"column":16},"end":{"line":517,"column":33}},"type":"if","locations":[{"start":{"line":516,"column":16},"end":{"line":517,"column":33}},{"start":{"line":516,"column":16},"en
[...]
32,"column":17},"end":{"line":432,"column":18}},"loc":{"start":{"line":432,"column":32},"end":{"line":435,"column":9}}},"68":{"name":"(anonymous_68)","decl":{"start":{"line":437,"column":32},"end":{"line":437,"column":33}},"loc":{"start":{"line":437,"column":44},"end":{"line":456,"column":5}}},"69":{"name":"(anonymous_69)","decl":{"start":{"line":449,"column":16},"end":{"line":449,"column":17}},"loc":{"start":{"line":449,"column":34},"end":{"line":452,"column":9}}},"70":{"name":"(anonymous_70)","decl":{"start":{"line":452,"column":17},"end":{"line":452,"column":18}},"loc":{"start":{"line":452,"column":32},"end":{"line":455,"column":9}}},"71":{"name":"(anonymous_71)","decl":{"start":{"line":457,"column":36},"end":{"line":457,"column":37}},"loc":{"start":{"line":457,"column":48},"end":{"line":476,"column":5}}},"72":{"name":"(anonymous_72)","decl":{"start":{"line":469,"column":16},"end":{"line":469,"column":17}},"loc":{"start":{"line":469,"column":34},"end":{"line":472,"column":9}}},"73":{"name":"(anonymous_73)","decl":{"start":{"line":472,"column":17},"end":{"line":472,"column":18}},"loc":{"start":{"line":472,"column":32},"end":{"line":475,"column":9}}},"74":{"name":"(anonymous_74)","decl":{"start":{"line":477,"column":30},"end":{"line":477,"column":31}},"loc":{"start":{"line":477,"column":42},"end":{"line":499,"column":5}}},"75":{"name":"(anonymous_75)","decl":{"start":{"line":490,"column":16},"end":{"line":490,"column":17}},"loc":{"start":{"line":490,"column":34},"end":{"line":495,"column":9}}},"76":{"name":"(anonymous_76)","decl":{"start":{"line":495,"column":17},"end":{"line":495,"column":18}},"loc":{"start":{"line":495,"column":32},"end":{"line":498,"column":9}}},"77":{"name":"(anonymous_77)","decl":{"start":{"line":500,"column":31},"end":{"line":500,"column":32}},"loc":{"start":{"line":500,"column":43},"end":{"line":545,"column":5}}},"78":{"name":"(anonymous_78)","decl":{"start":{"line":523,"column":16},"end":{"line":523,"column":17}},"loc":{"start":{"line":523,"column":34},"end":{"line":541,"column":9}}},"79":{"name":"(anonymous_79)","decl":{"start":{"line":541,"column":17},"end":{"line":541,"column":18}},"loc":{"start":{"line":541,"column":32},"end":{"line":544,"column":9}}},"80":{"name":"(anonymous_80)","decl":{"start":{"line":546,"column":31},"end":{"line":546,"column":32}},"loc":{"start":{"line":546,"column":43},"end":{"line":589,"column":5}}},"81":{"name":"(anonymous_81)","decl":{"start":{"line":575,"column":16},"end":{"line":575,"column":17}},"loc":{"start":{"line":575,"column":34},"end":{"line":585,"column":9}}},"82":{"name":"(anonymous_82)","decl":{"start":{"line":585,"column":17},"end":{"line":585,"column":18}},"loc":{"start":{"line":585,"column":32},"end":{"line":588,"column":9}}},"83":{"name":"(anonymous_83)","decl":{"start":{"line":590,"column":31},"end":{"line":590,"column":32}},"loc":{"start":{"line":590,"column":43},"end":{"line":634,"column":5}}},"84":{"name":"(anonymous_84)","decl":{"start":{"line":619,"column":16},"end":{"line":619,"column":17}},"loc":{"start":{"line":619,"column":34},"end":{"line":630,"column":9}}},"85":{"name":"(anonymous_85)","decl":{"start":{"line":630,"column":17},"end":{"line":630,"column":18}},"loc":{"start":{"line":630,"column":32},"end":{"line":633,"column":9}}},"86":{"name":"(anonymous_86)","decl":{"start":{"line":635,"column":25},"end":{"line":635,"column":26}},"loc":{"start":{"line":635,"column":37},"end":{"line":665,"column":5}}},"87":{"name":"(anonymous_87)","decl":{"start":{"line":648,"column":16},"end":{"line":648,"column":17}},"loc":{"start":{"line":648,"column":34},"end":{"line":661,"column":9}}},"88":{"name":"(anonymous_88)","decl":{"start":{"line":661,"column":17},"end":{"line":661,"column":18}},"loc":{"start":{"line":661,"column":32},"end":{"line":664,"column":9}}},"89":{"name":"(anonymous_89)","decl":{"start":{"line":666,"column":24},"end":{"line":666,"column":25}},"loc":{"start":{"line":666,"column":36},"end":{"line":768,"column":5}}},"90":{"name":"(anonymous_90)","decl":{"start":{"line":703,"column":16},"end":{"line":703,"column":17}},"loc":{"start":{"line":703,"column":34},"end":{"line":764,"column":9}}},"91":{"name":"(anonymous_91)","decl":{"start":{"line":764,"column":17},"end":{"line":764,"column":18}},"loc":{"start":{"line":764,"column":32},"end":{"line":767,"column":9}}},"92":{"name":"(anonymous_92)","decl":{"start":{"line":769,"column":18},"end":{"line":769,"column":19}},"loc":{"start":{"line":769,"column":30},"end":{"line":800,"column":5}}},"93":{"name":"(anonymous_93)","decl":{"start":{"line":785,"column":16},"end":{"line":785,"column":17}},"loc":{"start":{"line":785,"column":34},"end":{"line":796,"column":9}}},"94":{"name":"(anonymous_94)","decl":{"start":{"line":796,"column":17},"end":{"line":796,"column":18}},"loc":{"start":{"line":796,"column":32},"end":{"line":799,"column":9}}},"95":{"name":"(anonymous_95)","decl":{"start":{"line":801,"column":16},"end":{"line":801,"column":17}},"loc":{"start":{"line":801,"column":28},"end":{"line":899,"column":5}}},"96":{"name":"(anonymous_96)","decl":{"start":{"line":834,"column":16},"end":{"line":834,"column":17}},"loc":{"start":{"line":834,"column":34},"end":{"line":895,"column":9}}},"97":{"name":"(anonymous_97)","decl":{"start":{"line":895,"column":17},"end":{"line":895,"column":18}},"loc":{"start":{"line":895,"column":32},"end":{"line":898,"column":9}}},"98":{"name":"(anonymous_98)","decl":{"start":{"line":900,"column":16},"end":{"line":900,"column":17}},"loc":{"start":{"line":900,"column":28},"end":{"line":971,"column":5}}},"99":{"name":"(anonymous_99)","decl":{"start":{"line":914,"column":16},"end":{"line":914,"column":17}},"loc":{"start":{"line":914,"column":34},"end":{"line":967,"column":9}}},"100":{"name":"(anonymous_100)","decl":{"start":{"line":967,"column":17},"end":{"line":967,"column":18}},"loc":{"start":{"line":967,"column":32},"end":{"line":970,"column":9}}},"101":{"name":"(anonymous_101)","decl":{"start":{"line":972,"column":33},"end":{"line":972,"column":34}},"loc":{"start":{"line":972,"column":45},"end":{"line":991,"column":5}}},"102":{"name":"(anonymous_102)","decl":{"start":{"line":984,"column":16},"end":{"line":984,"column":17}},"loc":{"start":{"line":984,"column":34},"end":{"line":987,"column":9}}},"103":{"name":"(anonymous_103)","decl":{"start":{"line":987,"column":17},"end":{"line":987,"column":18}},"loc":{"start":{"line":987,"column":32},"end":{"line":990,"column":9}}},"104":{"name":"(anonymous_104)","decl":{"start":{"line":992,"column":33},"end":{"line":992,"column":34}},"loc":{"start":{"line":992,"column":45},"end":{"line":1011,"column":5}}},"105":{"name":"(anonymous_105)","decl":{"start":{"line":1004,"column":16},"end":{"line":1004,"column":17}},"loc":{"start":{"line":1004,"column":34},"end":{"line":1007,"column":9}}},"106":{"name":"(anonymous_106)","decl":{"start":{"line":1007,"column":17},"end":{"line":1007,"column":18}},"loc":{"start":{"line":1007,"column":32},"end":{"line":1010,"column":9}}},"107":{"name":"(anonymous_107)","decl":{"start":{"line":1012,"column":33},"end":{"line":1012,"column":34}},"loc":{"start":{"line":1012,"column":45},"end":{"line":1031,"column":5}}},"108":{"name":"(anonymous_108)","decl":{"start":{"line":1024,"column":16},"end":{"line":1024,"column":17}},"loc":{"start":{"line":1024,"column":34},"end":{"line":1027,"column":9}}},"109":{"name":"(anonymous_109)","decl":{"start":{"line":1027,"column":17},"end":{"line":1027,"column":18}},"loc":{"start":{"line":1027,"column":32},"end":{"line":1030,"column":9}}},"110":{"name":"(anonymous_110)","decl":{"start":{"line":1032,"column":33},"end":{"line":1032,"column":34}},"loc":{"start":{"line":1032,"column":45},"end":{"line":1051,"column":5}}},"111":{"name":"(anonymous_111)","decl":{"start":{"line":1044,"column":16},"end":{"line":1044,"column":17}},"loc":{"start":{"line":1044,"column":34},"end":{"line":1047,"column":9}}},"112":{"name":"(anonymous_112)","decl":{"start":{"line":1047,"column":17},"end":{"line":1047,"column":18}},"loc":{"start":{"line":1047,"column":32},"end":{"line":1050,"column":9}}},"113":{"name":"(anonymous_113)","decl":{"start":{"line":1052,"column":37},"end":{"line":1052,"column":38}},"loc":{"start":{"line":1052,"column":49},"end":{"line":1071,"column":5}}},"114":{"name":"(anonymous_114)","decl":{"start":{"line":1064,"column":16},"end":{"line":1064,"column":17}},"loc":{"start":{"line":1064,"column":34},"end":{"line":1067,"column":9}}},"115":{"name":"(anonymous_115)","decl":{"start":{"line":1067,"column":17},"end":{"line":1067,"column":18}},"loc":{"start":{"line":1067,"column":32},"end":{"line":1070,"column":9}}},"116":{"name":"(anonymous_116)","decl":{"start":{"line":1072,"column":26},"end":{"line":1072,"column":27}},"loc":{"start":{"line":1072,"column":38},"end":{"line":1097,"column":5}}},"117":{"name":"(anonymous_117)","decl":{"start":{"line":1084,"column":16},"end":{"line":1084,"column":17}},"loc":{"start":{"line":1084,"column":34},"end":{"line":1093,"column":9}}},"118":{"name":"(anonymous_118)","decl":{"start":{"line":1093,"column":17},"end":{"line":1093,"column":18}},"loc":{"start":{"line":1093,"column":32},"end":{"line":1096,"column":9}}},"119":{"name":"(anonymous_119)","decl":{"start":{"line":1098,"column":25},"end":{"line":1098,"column":26}},"loc":{"start":{"line":1098,"column":37},"end":{"line":1122,"column":5}}},"120":{"name":"(anonymous_120)","decl":{"start":{"line":1110,"column":16},"end":{"line":1110,"column":17}},"loc":{"start":{"line":1110,"column":34},"end":{"line":1118,"column":9}}},"121":{"name":"(anonymous_121)","decl":{"start":{"line":1118,"column":17},"end":{"line":1118,"column":18}},"loc":{"start":{"line":1118,"column":32},"end":{"line":1121,"column":9}}},"122":{"name":"(anonymous_122)","decl":{"start":{"line":1123,"column":19},"end":{"line":1123,"column":20}},"loc":{"start":{"line":1123,"column":31},"end":{"line":1151,"column":5}}},"123":{"name":"(anonymous_123)","decl":{"start":{"line":1138,"column":16},"end":{"line":1138,"column":17}},"loc":{"start":{"line":1138,"column":34},"end":{"line":1147,"column":9}}},"124":{"name":"(anonymous_124)","decl":{"start":{"line":1147,"column":17},"end":{"line":1147,"column":18}},"loc":{"start":{"line":1147,"column":32},"end":{"line":1150,"column":9}}},"125":{"name":"(anonymous_125)","decl":{"start":{"line":1152,"column":17},"end":{"line":1152,"column":18}},"loc":{"start":{"line":1152,"column":29},"end":{"line":1252,"column":5}}},"126":{"name":"(anonymous_126)","decl":{"start":{"line":1164,"column":16},"end":{"line":1164,"column":17}},"loc":{"start":{"line":1164,"column":34},"end":{"line":1248,"column":9}}},"127":{"name":"(anonymous_127)","decl":{"start":{"line":1248,"column":17},"end":{"line":1248,"column":18}},"loc":{"start":{"line":1248,"column":32},"end":{"line":1251,"column":9}}},"128":{"name":"(anonymous_128)","decl":{"start":{"line":1253,"column":23},"end":{"line":1253,"column":24}},"loc":{"start":{"line":1253,"column":35},"end":{"line":1286,"column":5}}},"129":{"name":"(anonymous_129)","decl":{"start":{"line":1266,"column":16},"end":{"line":1266,"column":17}},"loc":{"start":{"line":1266,"column":34},"end":{"line":1282,"column":9}}},"130":{"name":"(anonymous_130)","decl":{"start":{"line":1282,"column":17},"end":{"line":1282,"column":18}},"loc":{"start":{"line":1282,"column":32},"end":{"line":1285,"column":9}}},"131":{"name":"(anonymous_131)","decl":{"start":{"line":1287,"column":17},"end":{"line":1287,"column":18}},"loc":{"start":{"line":1287,"column":29},"end":{"line":1318,"column":5}}},"132":{"name":"(anonymous_132)","decl":{"start":{"line":1300,"column":16},"end":{"line":1300,"column":17}},"loc":{"start":{"line":1300,"column":34},"end":{"line":1314,"column":9}}},"133":{"name":"(anonymous_133)","decl":{"start":{"line":1314,"column":17},"end":{"line":1314,"column":18}},"loc":{"start":{"line":1314,"column":32},"end":{"line":1317,"column":9}}},"134":{"name":"(anonymous_134)","decl":{"start":{"line":1319,"column":29},"end":{"line":1319,"column":30}},"loc":{"start":{"line":1319,"column":41},"end":{"line":1326,"column":5}}},"135":{"name":"(anonymous_135)","decl":{"start":{"line":1320,"column":41},"end":{"line":1320,"column":42}},"loc":{"start":{"line":1320,"column":57},"end":{"line":1323,"column":9}}},"136":{"name":"(anonymous_136)","decl":{"start":{"line":1323,"column":17},"end":{"line":1323,"column":18}},"loc":{"start":{"line":1323,"column":32},"end":{"line":1325,"column":9}}},"137":{"name":"(anonymous_137)","decl":{"start":{"line":1327,"column":40},"end":{"line":1327,"column":41}},"loc":{"start":{"line":1327,"column":52},"end":{"line":1334,"column":5}}},"138":{"name":"(anonymous_138)","decl":{"start":{"line":1328,"column":40},"end":{"line":1328,"column":41}},"loc":{"start":{"line":1328,"column":56},"end":{"line":1330,"column":9}}},"139":{"name":"(anonymous_139)","decl":{"start":{"line":1330,"column":17},"end":{"line":1330,"column":18}},"loc":{"start":{"line":1330,"column":32},"end":{"line":1333,"column":9}}},"140":{"name":"(anonymous_140)","decl":{"start":{"line":1335,"column":34},"end":{"line":1335,"column":35}},"loc":{"start":{"line":1335,"column":46},"end":{"line":1342,"column":5}}},"141":{"name":"(anonymous_141)","decl":{"start":{"line":1336,"column":41},"end":{"line":1336,"column":42}},"loc":{"start":{"line":1336,"column":57},"end":{"line":1338,"column":9}}},"142":{"name":"(anonymous_142)","decl":{"start":{"line":1338,"column":17},"end":{"line":1338,"column":18}},"loc":{"start":{"line":1338,"column":32},"end":{"line":1341,"column":9}}},"143":{"name":"(anonymous_143)","decl":{"start":{"line":1343,"column":29},"end":{"line":1343,"column":30}},"loc":{"start":{"line":1343,"column":41},"end":{"line":1350,"column":5}}},"144":{"name":"(anonymous_144)","decl":{"start":{"line":1344,"column":39},"end":{"line":1344,"column":40}},"loc":{"start":{"line":1344,"column":55},"end":{"line":1347,"column":9}}},"145":{"name":"(anonymous_145)","decl":{"start":{"line":1347,"column":17},"end":{"line":1347,"column":18}},"loc":{"start":{"line":1347,"column":32},"end":{"line":1349,"column":9}}},"146":{"name":"(anonymous_146)","decl":{"start":{"line":1351,"column":40},"end":{"line":1351,"column":41}},"loc":{"start":{"line":1351,"column":52},"end":{"line":1358,"column":5}}},"147":{"name":"(anonymous_147)","decl":{"start":{"line":1352,"column":38},"end":{"line":1352,"column":39}},"loc":{"start":{"line":1352,"column":54},"end":{"line":1354,"column":9}}},"148":{"name":"(anonymous_148)","decl":{"start":{"line":1354,"column":17},"end":{"line":1354,"column":18}},"loc":{"start":{"line":1354,"column":32},"end":{"line":1357,"column":9}}},"149":{"name":"(anonymous_149)","decl":{"start":{"line":1359,"column":34},"end":{"line":1359,"column":35}},"loc":{"start":{"line":1359,"column":46},"end":{"line":1366,"column":5}}},"150":{"name":"(anonymous_150)","decl":{"start":{"line":1360,"column":39},"end":{"line":1360,"column":40}},"loc":{"start":{"line":1360,"column":55},"end":{"line":1362,"column":9}}},"151":{"name":"(anonymous_151)","decl":{"start":{"line":1362,"column":17},"end":{"line":1362,"column":18}},"loc":{"start":{"line":1362,"column":32},"end":{"line":1365,"column":9}}},"152":{"name":"(anonymous_152)","decl":{"start":{"line":1367,"column":37},"end":{"line":1367,"column":38}},"loc":{"start":{"line":1367,"column":49},"end":{"line":1384,"column":5}}},"153":{"name":"(anonymous_153)","decl":{"start":{"line":1379,"column":16},"end":{"line":1379,"column":17}},"loc":{"start":{"line":1379,"column":34},"end":{"line":1381,"column":9}}},"154":{"name":"(anonymous_154)","decl":{"start":{"line":1381,"column":17},"end":{"line":1381,"column":18}},"loc":{"start":{"line":1381,"column":32},"end":{"line":1383,"column":9}}},"155":{"name":"(anonymous_155)","decl":{"start":{"line":1385,"column":44},"end":{"line":1385,"column":45}},"loc":{"start":{"line":1385,"column":56},"end":{"line":1402,"column":5}}},"156":{"name":"(anonymous_156)","decl":{"start":{"line":1397,"column":16},"end":{"line":1397,"column":17}},"loc":{"start":{"line":1397,"column":34},"end":{"line":1399,"column":9}}},"157":{"name":"(anonymous_157)","decl":{"start":{"line":1399,"column":17},"end":{"line":1399,"column":18}},"loc":{"start":{"line":1399,"column":32},"end":{"line":1401,"column":9}}}},"branchMap":{},"s":{"0":1,"1":1,"2":1,"3":1,"4":1,"5":1,"6":1,"7":52,"8":1,"9":1,"10":0,"11":0,"12":1,"13":1,"14":1,"15":1,"16":0,"17":0,"18":1,"19":1,"20":1,"21":1,"22":0,"23":0,"24":1,"25":1,"26":1,"27":1,"28":0,"29":0,"30":1,"31":1,"32":1,"33":1,"34":0,"35":0,"36":1,"37":1,"38":1,"39":1,"40":0,"41":0,"42":1,"43":1,"44":1,"45":1,"46":0,"47":0,"48":1,"49":1,"50":1,"51":1,"52":0,"53":0,"54":1,"55":1,"56":1,"57":1,"58":0,"59":0,"60":1,"61":1,"62":1,"63":1,"64":0,"65":0,"66":1,"67":1,"68":1,"69":1,"70":0,"71":0,"72":1,"73":1,"74":1,"75":1,"76":0,"77":0,"78":1,"79":1,"80":1,"81":1,"82":0,"83":0,"84":1,"85":1,"86":1,"87":1,"88":0,"89":0,"90":1,"91":1,"92":1,"93":1,"94":0,"95":0,"96":1,"97":1,"98":1,"99":1,"100":0,"101":0,"102":1,"103":1,"104":1,"105":1,"106":0,"107":0,"108":1,"109":1,"110":1,"111":1,"112":0,"113":0,"114":1,"115":1,"116":1,"117":1,"118":0,"119":0,"120":1,"121":1,"122":1,"123":1,"124":0,"125":0,"126":1,"127":1,"128":1,"129":1,"130":0,"131":0,"132":1,"133":1,"134":1,"135":1,"136":0,"137":0,"138":1,"139":1,"140":1,"141":1,"142":0,"143":0,"144":1,"145":1,"146":1,"147":1,"148":0,"149":0,"150":1,"151":1,"152":1,"153":1,"154":1,"155":1,"156":0,"157":0,"158":1,"159":1,"160":1,"161":1,"162":0,"163":0,"164":1,"165":1,"166":1,"167":1,"168":1,"169":0,"170":0,"171":1,"172":1,"173":1,"174":1,"175":1,"176":0,"177":0,"178":1,"179":1,"180":1,"181":1,"182":0,"183":0,"184":1,"185":1,"186":1,"187":1,"188":0,"189":0,"190":1,"191":1,"192":1,"193":1,"194":0,"195":0,"196":1,"197":1,"198":1,"199":1,"200":1,"201":0,"202":0,"203":1,"204":1,"205":1,"206":1,"207":0,"208":0,"209":1,"210":1,"211":0,"212":0,"213":1,"214":1,"215":1,"216":1,"217":0,"218":0,"219":1,"220":1,"221":1,"222":1,"223":0,"224":0,"225":1,"226":1,"227":1,"228":1,"229":0,"230":0,"231":1,"232":1,"233":1,"234":1,"235":0,"236":0,"237":1,"238":1,"239":1,"240":1,"241":1,"242":1,"243":1,"244":0,"245":0,"246":1,"247":1,"248":1,"249":1,"250":1,"251":0,"252":0,"253":1,"254":1,"255":1,"256":1,"257":1,"258":0,"259":0,"260":1,"261":1,"262":1,"263":1,"264":1,"265":1,"266":1,"267":1,"268":1,"269":1,"270":1,"271":1,"272":0,"273":0,"274":1,"275":1,"276":1,"277":1,"278":1,"279":0,"280":0,"281":1,"282":1,"283":1,"284":1,"285":0,"286":1,"287":1,"288":0,"289":1,"290":1,"291":1,"292":1,"293":0,"294":1,"295":1,"296":1,"297":1,"298":1,"299":1,"300":0,"301":1,"302":1,"303":0,"304":1,"305":1,"306":1,"307":1,"308":0,"309":1,"310":1,"311":1,"312":1,"313":0,"314":1,"315":1,"316":1,"317":0,"318":1},"f":{"0":1,"1":52,"2":1,"3":0,"4":1,"5":1,"6":0,"7":1,"8":1,"9":0,"10":1,"11":1,"12":0,"13":1,"14":1,"15":0,"16":1,"17":1,"18":0,"19":1,"20":1,"21":0,"22":1,"23":1,"24":0,"25":1,"26":1,"27":0,"28":1,"29":1,"30":0,"31":1,"32":1,"33":0,"34":1,"35":1,"36":0,"37":1,"38":1,"39":0,"40":1,"41":1,"42":0,"43":1,"44":1,"45":0,"46":1,"47":1,"48":0,"49":1,"50":1,"51":0,"52":1,"53":1,"54":0,"55":1,"56":1,"57":0,"58":1,"59":1,"60":0,"61":1,"62":1,"63":0,"64":1,"65":1,"66":0,"67":1,"68":1,"69":0,"70":1,"71":1,"72":0,"73":1,"74":1,"75":1,"76":0,"77":1,"78":1,"79":0,"80":1,"81":1,"82":0,"83":1,"84":1,"85":0,"86":1,"87":1,"88":0,"89":1,"90":1,"91":0,"92":1,"93":1,"94":0,"95":1,"96":1,"97":0,"98":1,"99":1,"100":0,"101":1,"102":0,"103":1,"104":1,"105":0,"106":1,"107":1,"108":0,"109":1,"110":1,"111":0,"112":1,"113":1,"114":0,"115":1,"116":1,"117":1,"118":0,"119":1,"120":1,"121":0,"122":1,"123":1,"124":0,"125":1,"126":1,"127":1,"128":1,"129":1,"130":0,"131":1,"132":1,"133":0,"134":1,"135":1,"136":0,"137":1,"138":0,"139":1,"140":1,"141":0,"142":1,"143":1,"144":1,"145":0,"146":1,"147":0,"148":1,"149":1,"150":0,"151":1,"152":1,"153":0,"154":1,"155":1,"156":0,"157":1},"b":{},"_coverageSchema":"332fd63041d2c1bcb487cc26dd0d5f7d97098a6c","hash":"55604a87047e5fb24a708570e09915529f74a420","contentHash":"559703a57e32f11dc668177e8032aef1_10.1.2"}}