{"C:\\A  UBC Study\\a 2017\\310\\cpsc310_team70\\test\\EchoSpec.js":{"path":"C:\\A  UBC Study\\a 2017\\310\\cpsc310_team70\\test\\EchoSpec.js","statementMap":{"0":{"start":{"line":2,"column":15},"end":{"line":2,"column":44}},"1":{"start":{"line":3,"column":13},"end":{"line":3,"column":28}},"2":{"start":{"line":4,"column":13},"end":{"line":4,"column":35}},"3":{"start":{"line":5,"column":22},"end":{"line":5,"column":64}},"4":{"start":{"line":6,"column":11},"end":{"line":6,"column":26}},"5":{"start":{"line":7,"column":15},"end":{"line":7,"column":35}},"6":{"start":{"line":8,"column":10},"end":{"line":8,"column":26}},"7":{"start":{"line":9,"column":13},"end":{"line":9,"column":30}},"8":{"start":{"line":10,"column":0},"end":{"line":97,"column":3}},"9":{"start":{"line":11,"column":4},"end":{"line":11,"column":24}},"10":{"start":{"line":13,"column":8},"end":{"line":13,"column":57}},"11":{"start":{"line":14,"column":8},"end":{"line":14,"column":57}},"12":{"start":{"line":15,"column":8},"end":{"line":15,"column":55}},"13":{"start":{"line":17,"column":13},"end":{"line":17,"column":17}},"14":{"start":{"line":18,"column":4},"end":{"line":20,"column":7}},"15":{"start":{"line":19,"column":8},"end":{"line":19,"column":43}},"16":{"start":{"line":21,"column":4},"end":{"line":23,"column":7}},"17":{"start":{"line":22,"column":8},"end":{"line":22,"column":65}},"18":{"start":{"line":24,"column":4},"end":{"line":26,"column":7}},"19":{"start":{"line":25,"column":8},"end":{"line":25,"column":69}},"20":{"start":{"line":27,"column":4},"end":{"line":29,"column":7}},"21":{"start":{"line":28,"column":8},"end":{"line":28,"column":64}},"22":{"start":{"line":30,"column":4},"end":{"line":32,"column":7}},"23":{"start":{"line":31,"column":8},"end":{"line":31,"column":68}},"24":{"start":{"line":33,"column":4},"end":{"line":39,"column":7}},"25":{"start":{"line":34,"column":18},"end":{"line":34,"column":54}},"26":{"start":{"line":35,"column":8},"end":{"line":35,"column":49}},"27":{"start":{"line":36,"column":8},"end":{"line":36,"column":25}},"28":{"start":{"line":37,"column":8},"end":{"line":37,"column":46}},"29":{"start":{"line":38,"column":8},"end":{"line":38,"column":74}},"30":{"start":{"line":40,"column":4},"end":{"line":46,"column":7}},"31":{"start":{"line":41,"column":18},"end":{"line":41,"column":50}},"32":{"start":{"line":42,"column":8},"end":{"line":42,"column":49}},"33":{"start":{"line":43,"column":8},"end":{"line":43,"column":25}},"34":{"start":{"line":44,"column":8},"end":{"line":44,"column":46}},"35":{"start":{"line":45,"column":8},"end":{"line":45,"column":66}},"36":{"start":{"line":47,"column":4},"end":{"line":53,"column":7}},"37":{"start":{"line":48,"column":18},"end":{"line":48,"column":57}},"38":{"start":{"line":49,"column":8},"end":{"line":49,"column":49}},"39":{"start":{"line":50,"column":8},"end":{"line":50,"column":25}},"40":{"start":{"line":51,"column":8},"end":{"line":51,"column":46}},"41":{"start":{"line":52,"column":8},"end":{"line":52,"column":81}},"42":{"start":{"line":54,"column":4},"end":{"line":61,"column":7}},"43":{"start":{"line":55,"column":18},"end":{"line":55,"column":52}},"44":{"start":{"line":56,"column":8},"end":{"line":56,"column":49}},"45":{"start":{"line":57,"column":8},"end":{"line":57,"column":25}},"46":{"start":{"line":58,"column":8},"end":{"line":58,"column":46}},"47":{"start":{"line":59,"column":8},"end":{"line":59,"column":58}},"48":{"start":{"line":60,"column":8},"end":{"line":60,"column":81}},"49":{"start":{"line":62,"column":4},"end":{"line":96,"column":7}},"50":{"start":{"line":63,"column":8},"end":{"line":63,"column":27}},"51":{"start":{"line":64,"column":21},"end":{"line":64,"column":47}},"52":{"start":{"line":65,"column":18},"end":{"line":65,"column":41}},"53":{"start":{"line":66,"column":8},"end":{"line":66,"column":54}},"54":{"start":{"line":67,"column":8},"end":{"line":73,"column":9}},"55":{"start":{"line":68,"column":12},"end":{"line":68,"column":50}},"56":{"start":{"line":69,"column":12},"end":{"line":69,"column":33}},"57":{"start":{"line":72,"column":12},"end":{"line":72,"column":87}},"58":{"start":{"line":74,"column":8},"end":{"line":95,"column":11}},"59":{"start":{"line":75,"column":12},"end":{"line":76,"column":26}},"60":{"start":{"line":78,"column":12},"end":{"line":78,"column":33}},"61":{"start":{"line":80,"column":12},"end":{"line":80,"column":55}},"62":{"start":{"line":81,"column":12},"end":{"line":82,"column":36}},"63":{"start":{"line":84,"column":12},"end":{"line":84,"column":33}},"64":{"start":{"line":86,"column":12},"end":{"line":86,"column":55}},"65":{"start":{"line":87,"column":12},"end":{"line":87,"column":34}},"66":{"start":{"line":89,"column":12},"end":{"line":89,"column":33}},"67":{"start":{"line":91,"column":12},"end":{"line":91,"column":59}},"68":{"start":{"line":92,"column":12},"end":{"line":92,"column":33}},"69":{"start":{"line":94,"column":12},"end":{"line":94,"column":33}}},"fnMap":{"0":{"name":"(anonymous_0)","decl":{"start":{"line":10,"column":21},"end":{"line":10,"column":22}},"loc":{"start":{"line":10,"column":33},"end":{"line":97,"column":1}}},"1":{"name":"sanityCheck","decl":{"start":{"line":12,"column":13},"end":{"line":12,"column":24}},"loc":{"start":{"line":12,"column":35},"end":{"line":16,"column":5}}},"2":{"name":"(anonymous_2)","decl":{"start":{"line":18,"column":15},"end":{"line":18,"column":16}},"loc":{"start":{"line":18,"column":27},"end":{"line":20,"column":5}}},"3":{"name":"(anonymous_3)","decl":{"start":{"line":21,"column":11},"end":{"line":21,"column":12}},"loc":{"start":{"line":21,"column":23},"end":{"line":23,"column":5}}},"4":{"name":"(anonymous_4)","decl":{"start":{"line":24,"column":15},"end":{"line":24,"column":16}},"loc":{"start":{"line":24,"column":27},"end":{"line":26,"column":5}}},"5":{"name":"(anonymous_5)","decl":{"start":{"line":27,"column":10},"end":{"line":27,"column":11}},"loc":{"start":{"line":27,"column":22},"end":{"line":29,"column":5}}},"6":{"name":"(anonymous_6)","decl":{"start":{"line":30,"column":14},"end":{"line":30,"column":15}},"loc":{"start":{"line":30,"column":26},"end":{"line":32,"column":5}}},"7":{"name":"(anonymous_7)","decl":{"start":{"line":33,"column":33},"end":{"line":33,"column":34}},"loc":{"start":{"line":33,"column":45},"end":{"line":39,"column":5}}},"8":{"name":"(anonymous_8)","decl":{"start":{"line":40,"column":41},"end":{"line":40,"column":42}},"loc":{"start":{"line":40,"column":53},"end":{"line":46,"column":5}}},"9":{"name":"(anonymous_9)","decl":{"start":{"line":47,"column":67},"end":{"line":47,"column":68}},"loc":{"start":{"line":47,"column":79},"end":{"line":53,"column":5}}},"10":{"name":"(anonymous_10)","decl":{"start":{"line":54,"column":64},"end":{"line":54,"column":65}},"loc":{"start":{"line":54,"column":76},"end":{"line":61,"column":5}}},"11":{"name":"(anonymous_11)","decl":{"start":{"line":62,"column":22},"end":{"line":62,"column":23}},"loc":{"start":{"line":62,"column":34},"end":{"line":96,"column":5}}},"12":{"name":"(anonymous_12)","decl":{"start":{"line":74,"column":35},"end":{"line":74,"column":36}},"loc":{"start":{"line":74,"column":54},"end":{"line":77,"column":9}}},"13":{"name":"(anonymous_13)","decl":{"start":{"line":77,"column":17},"end":{"line":77,"column":18}},"loc":{"start":{"line":77,"column":32},"end":{"line":79,"column":9}}},"14":{"name":"(anonymous_14)","decl":{"start":{"line":79,"column":16},"end":{"line":79,"column":17}},"loc":{"start":{"line":79,"column":31},"end":{"line":83,"column":9}}},"15":{"name":"(anonymous_15)","decl":{"start":{"line":83,"column":17},"end":{"line":83,"column":18}},"loc":{"start":{"line":83,"column":32},"end":{"line":85,"column":9}}},"16":{"name":"(anonymous_16)","decl":{"start":{"line":85,"column":16},"end":{"line":85,"column":17}},"loc":{"start":{"line":85,"column":31},"end":{"line":88,"column":9}}},"17":{"name":"(anonymous_17)","decl":{"start":{"line":88,"column":16},"end":{"line":88,"column":17}},"loc":{"start":{"line":88,"column":35},"end":{"line":90,"column":9}}},"18":{"name":"(anonymous_18)","decl":{"start":{"line":90,"column":17},"end":{"line":90,"column":18}},"loc":{"start":{"line":90,"column":32},"end":{"line":93,"column":9}}},"19":{"name":"(anonymous_19)","decl":{"start":{"line":93,"column":17},"end":{"line":93,"column":18}},"loc":{"start":{"line":93,"column":32},"end":{"line":95,"column":9}}}},"branchMap":{},"s":{"0":1,"1":1,"2":1,"3":1,"4":1,"5":1,"6":1,"7":1,"8":1,"9":1,"10":4,"11":4,"12":4,"13":1,"14":1,"15":5,"16":1,"17":1,"18":1,"19":5,"20":1,"21":1,"22":1,"23":5,"24":1,"25":1,"26":1,"27":1,"28":1,"29":1,"30":1,"31":1,"32":1,"33":1,"34":1,"35":1,"36":1,"37":1,"38":1,"39":1,"40":1,"41":1,"42":1,"43":1,"44":1,"45":1,"46":1,"47":1,"48":1,"49":1,"50":1,"51":1,"52":1,"53":1,"54":1,"55":1,"56":0,"57":1,"58":1,"59":1,"60":0,"61":1,"62":1,"63":0,"64":1,"65":1,"66":0,"67":1,"68":1,"69":0},"f":{"0":1,"1":4,"2":5,"3":1,"4":5,"5":1,"6":5,"7":1,"8":1,"9":1,"10":1,"11":1,"12":1,"13":0,"14":1,"15":0,"16":1,"17":0,"18":1,"19":0},"b":{},"_coverageSchema":"332fd63041d2c1bcb487cc26dd0d5f7d97098a6c","hash":"cbc120663852b9cd6fd189ad54a589396e69fe7a","contentHash":"3ffe9578b8a47555882065ebff89348d_10.1.2"},"C:\\A  UBC Study\\a 2017\\310\\cpsc310_team70\\src\\rest\\Server.js":{"path":"C:\\A  UBC Study\\a 2017\\310\\cpsc310_team70\\src\\rest\\Server.js","statementMap":{"0":{"start":{"line":2,"column":14},"end":{"line":2,"column":32}},"1":{"start":{"line":3,"column":13},"end":{"line":3,"column":31}},"2":{"start":{"line":4,"column":14},"end":{"line":73,"column":3}},"3":{"start":{"line":6,"column":8},"end":{"line":6,"column":62}},"4":{"start":{"line":7,"column":8},"end":{"line":7,"column":25}},"5":{"start":{"line":9,"column":4},"end":{"line":17,"column":6}},"6":{"start":{"line":10,"column":8},"end":{"line":10,"column":47}},"7":{"start":{"line":11,"column":19},"end":{"line":11,"column":23}},"8":{"start":{"line":12,"column":8},"end":{"line":16,"column":11}},"9":{"start":{"line":13,"column":12},"end":{"line":15,"column":15}},"10":{"start":{"line":14,"column":16},"end":{"line":14,"column":30}},"11":{"start":{"line":18,"column":4},"end":{"line":50,"column":6}},"12":{"start":{"line":19,"column":19},"end":{"line":19,"column":23}},"13":{"start":{"line":20,"column":8},"end":{"line":49,"column":11}},"14":{"start":{"line":21,"column":12},"end":{"line":48,"column":13}},"15":{"start":{"line":22,"column":16},"end":{"line":22,"column":63}},"16":{"start":{"line":23,"column":16},"end":{"line":25,"column":19}},"17":{"start":{"line":26,"column":16},"end":{"line":30,"column":19}},"18":{"start":{"line":27,"column":20},"end":{"line":27,"column":67}},"19":{"start":{"line":28,"column":20},"end":{"line":28,"column":83}},"20":{"start":{"line":29,"column":20},"end":{"line":29,"column":34}},"21":{"start":{"line":31,"column":16},"end":{"line":34,"column":19}},"22":{"start":{"line":32,"column":20},"end":{"line":32,"column":34}},"23":{"start":{"line":33,"column":20},"end":{"line":33,"column":34}},"24":{"start":{"line":35,"column":16},"end":{"line":35,"column":57}},"25":{"start":{"line":36,"column":16},"end":{"line":39,"column":19}},"26":{"start":{"line":37,"column":20},"end":{"line":37,"column":97}},"27":{"start":{"line":38,"column":20},"end":{"line":38,"column":34}},"28":{"start":{"line":40,"column":16},"end":{"line":43,"column":19}},"29":{"start":{"line":41,"column":20},"end":{"line":41,"column":83}},"30":{"start":{"line":42,"column":20},"end":{"line":42,"column":32}},"31":{"start":{"line":46,"column":16},"end":{"line":46,"column":72}},"32":{"start":{"line":47,"column":16},"end":{"line":47,"column":28}},"33":{"start":{"line":51,"column":4},"end":{"line":63,"column":6}},"34":{"start":{"line":52,"column":8},"end":{"line":52,"column":89}},"35":{"start":{"line":53,"column":8},"end":{"line":61,"column":9}},"36":{"start":{"line":54,"column":25},"end":{"line":54,"column":59}},"37":{"start":{"line":55,"column":12},"end":{"line":55,"column":80}},"38":{"start":{"line":56,"column":12},"end":{"line":56,"column":47}},"39":{"start":{"line":59,"column":12},"end":{"line":59,"column":70}},"40":{"start":{"line":60,"column":12},"end":{"line":60,"column":50}},"41":{"start":{"line":62,"column":8},"end":{"line":62,"column":22}},"42":{"start":{"line":64,"column":4},"end":{"line":71,"column":6}},"43":{"start":{"line":65,"column":8},"end":{"line":70,"column":9}},"44":{"start":{"line":66,"column":12},"end":{"line":66,"column":71}},"45":{"start":{"line":69,"column":12},"end":{"line":69,"column":74}},"46":{"start":{"line":72,"column":4},"end":{"line":72,"column":18}},"47":{"start":{"line":74,"column":0},"end":{"line":74,"column":62}},"48":{"start":{"line":75,"column":0},"end":{"line":75,"column":25}}},"fnMap":{"0":{"name":"(anonymous_0)","decl":{"start":{"line":4,"column":14},"end":{"line":4,"column":15}},"loc":{"start":{"line":4,"column":26},"end":{"line":73,"column":1}}},"1":{"name":"Server","decl":{"start":{"line":5,"column":13},"end":{"line":5,"column":19}},"loc":{"start":{"line":5,"column":26},"end":{"line":8,"column":5}}},"2":{"name":"(anonymous_2)","decl":{"start":{"line":9,"column":28},"end":{"line":9,"column":29}},"loc":{"start":{"line":9,"column":40},"end":{"line":17,"column":5}}},"3":{"name":"(anonymous_3)","decl":{"start":{"line":12,"column":27},"end":{"line":12,"column":28}},"loc":{"start":{"line":12,"column":46},"end":{"line":16,"column":9}}},"4":{"name":"(anonymous_4)","decl":{"start":{"line":13,"column":28},"end":{"line":13,"column":29}},"loc":{"start":{"line":13,"column":40},"end":{"line":15,"column":13}}},"5":{"name":"(anonymous_5)","decl":{"start":{"line":18,"column":29},"end":{"line":18,"column":30}},"loc":{"start":{"line":18,"column":41},"end":{"line":50,"column":5}}},"6":{"name":"(anonymous_6)","decl":{"start":{"line":20,"column":27},"end":{"line":20,"column":28}},"loc":{"start":{"line":20,"column":54},"end":{"line":49,"column":9}}},"7":{"name":"crossOrigin","decl":{"start":{"line":26,"column":39},"end":{"line":26,"column":50}},"loc":{"start":{"line":26,"column":67},"end":{"line":30,"column":17}}},"8":{"name":"(anonymous_8)","decl":{"start":{"line":31,"column":35},"end":{"line":31,"column":36}},"loc":{"start":{"line":31,"column":61},"end":{"line":34,"column":17}}},"9":{"name":"(anonymous_9)","decl":{"start":{"line":36,"column":44},"end":{"line":36,"column":45}},"loc":{"start":{"line":36,"column":56},"end":{"line":39,"column":17}}},"10":{"name":"(anonymous_10)","decl":{"start":{"line":40,"column":38},"end":{"line":40,"column":39}},"loc":{"start":{"line":40,"column":53},"end":{"line":43,"column":17}}},"11":{"name":"(anonymous_11)","decl":{"start":{"line":51,"column":18},"end":{"line":51,"column":19}},"loc":{"start":{"line":51,"column":44},"end":{"line":63,"column":5}}},"12":{"name":"(anonymous_12)","decl":{"start":{"line":64,"column":25},"end":{"line":64,"column":26}},"loc":{"start":{"line":64,"column":40},"end":{"line":71,"column":5}}}},"branchMap":{"0":{"loc":{"start":{"line":65,"column":8},"end":{"line":70,"column":9}},"type":"if","locations":[{"start":{"line":65,"column":8},"end":{"line":70,"column":9}},{"start":{"line":65,"column":8},"end":{"line":70,"column":9}}]},"1":{"loc":{"start":{"line":65,"column":12},"end":{"line":65,"column":54}},"type":"binary-expr","locations":[{"start":{"line":65,"column":12},"end":{"line":65,"column":38}},{"start":{"line":65,"column":42},"end":{"line":65,"column":54}}]}},"s":{"0":1,"1":1,"2":1,"3":1,"4":1,"5":1,"6":1,"7":1,"8":1,"9":1,"10":1,"11":1,"12":2,"13":2,"14":2,"15":2,"16":2,"17":2,"18":2,"19":2,"20":2,"21":2,"22":1,"23":1,"24":2,"25":2,"26":1,"27":1,"28":2,"29":1,"30":1,"31":0,"32":0,"33":1,"34":2,"35":2,"36":2,"37":1,"38":1,"39":1,"40":1,"41":1,"42":1,"43":5,"44":3,"45":2,"46":1,"47":1,"48":1},"f":{"0":1,"1":1,"2":1,"3":1,"4":1,"5":2,"6":2,"7":2,"8":1,"9":1,"10":1,"11":2,"12":5},"b":{"0":[3,2],"1":[5,4]},"_coverageSchema":"332fd63041d2c1bcb487cc26dd0d5f7d97098a6c","hash":"8fe69e95de98b167b0fb37c5ecef8e766f739aa4","contentHash":"6cd346b439280a41d6438cd9d3095571_10.1.2"},"C:\\A  UBC Study\\a 2017\\310\\cpsc310_team70\\src\\Util.js":{"path":"C:\\A  UBC Study\\a 2017\\310\\cpsc310_team70\\src\\Util.js","statementMap":{"0":{"start":{"line":2,"column":11},"end":{"line":21,"column":3}},"1":{"start":{"line":5,"column":4},"end":{"line":7,"column":6}},"2":{"start":{"line":6,"column":8},"end":{"line":6,"column":71}},"3":{"start":{"line":8,"column":4},"end":{"line":10,"column":6}},"4":{"start":{"line":9,"column":8},"end":{"line":9,"column":71}},"5":{"start":{"line":11,"column":4},"end":{"line":13,"column":6}},"6":{"start":{"line":12,"column":8},"end":{"line":12,"column":73}},"7":{"start":{"line":14,"column":4},"end":{"line":16,"column":6}},"8":{"start":{"line":15,"column":8},"end":{"line":15,"column":73}},"9":{"start":{"line":17,"column":4},"end":{"line":19,"column":6}},"10":{"start":{"line":18,"column":8},"end":{"line":18,"column":71}},"11":{"start":{"line":20,"column":4},"end":{"line":20,"column":15}},"12":{"start":{"line":22,"column":0},"end":{"line":22,"column":62}},"13":{"start":{"line":23,"column":0},"end":{"line":23,"column":22}}},"fnMap":{"0":{"name":"(anonymous_0)","decl":{"start":{"line":2,"column":11},"end":{"line":2,"column":12}},"loc":{"start":{"line":2,"column":23},"end":{"line":21,"column":1}}},"1":{"name":"Log","decl":{"start":{"line":3,"column":13},"end":{"line":3,"column":16}},"loc":{"start":{"line":3,"column":19},"end":{"line":4,"column":5}}},"2":{"name":"(anonymous_2)","decl":{"start":{"line":5,"column":16},"end":{"line":5,"column":17}},"loc":{"start":{"line":5,"column":31},"end":{"line":7,"column":5}}},"3":{"name":"(anonymous_3)","decl":{"start":{"line":8,"column":15},"end":{"line":8,"column":16}},"loc":{"start":{"line":8,"column":30},"end":{"line":10,"column":5}}},"4":{"name":"(anonymous_4)","decl":{"start":{"line":11,"column":15},"end":{"line":11,"column":16}},"loc":{"start":{"line":11,"column":30},"end":{"line":13,"column":5}}},"5":{"name":"(anonymous_5)","decl":{"start":{"line":14,"column":16},"end":{"line":14,"column":17}},"loc":{"start":{"line":14,"column":31},"end":{"line":16,"column":5}}},"6":{"name":"(anonymous_6)","decl":{"start":{"line":17,"column":15},"end":{"line":17,"column":16}},"loc":{"start":{"line":17,"column":30},"end":{"line":19,"column":5}}}},"branchMap":{},"s":{"0":1,"1":1,"2":63,"3":1,"4":7,"5":1,"6":0,"7":1,"8":1,"9":1,"10":63,"11":1,"12":1,"13":1},"f":{"0":1,"1":0,"2":63,"3":7,"4":0,"5":1,"6":63},"b":{},"_coverageSchema":"332fd63041d2c1bcb487cc26dd0d5f7d97098a6c","hash":"f67c648357beb1825ec81f9078721f4f7e0ba727","contentHash":"76d060dde035f6ada85cda8617f5e819_10.1.2"},"C:\\A  UBC Study\\a 2017\\310\\cpsc310_team70\\src\\controller\\InsightFacade.js":{"path":"C:\\A  UBC Study\\a 2017\\310\\cpsc310_team70\\src\\controller\\InsightFacade.js","statementMap":{"0":{"start":{"line":2,"column":9},"end":{"line":2,"column":22}},"1":{"start":{"line":3,"column":13},"end":{"line":3,"column":31}},"2":{"start":{"line":4,"column":9},"end":{"line":4,"column":22}},"3":{"start":{"line":5,"column":12},"end":{"line":5,"column":28}},"4":{"start":{"line":6,"column":10},"end":{"line":6,"column":26}},"5":{"start":{"line":7,"column":13},"end":{"line":7,"column":30}},"6":{"start":{"line":8,"column":11},"end":{"line":8,"column":26}},"7":{"start":{"line":9,"column":13},"end":{"line":9,"column":28}},"8":{"start":{"line":10,"column":18},"end":{"line":10,"column":40}},"9":{"start":{"line":11,"column":14},"end":{"line":11,"column":16}},"10":{"start":{"line":12,"column":15},"end":{"line":12,"column":17}},"11":{"start":{"line":13,"column":12},"end":{"line":13,"column":13}},"12":{"start":{"line":14,"column":21},"end":{"line":14,"column":23}},"13":{"start":{"line":15,"column":21},"end":{"line":15,"column":23}},"14":{"start":{"line":16,"column":17},"end":{"line":16,"column":19}},"15":{"start":{"line":17,"column":11},"end":{"line":17,"column":13}},"16":{"start":{"line":18,"column":21},"end":{"line":595,"column":3}},"17":{"start":{"line":20,"column":8},"end":{"line":20,"column":58}},"18":{"start":{"line":22,"column":4},"end":{"line":30,"column":6}},"19":{"start":{"line":23,"column":8},"end":{"line":29,"column":9}},"20":{"start":{"line":24,"column":12},"end":{"line":24,"column":28}},"21":{"start":{"line":25,"column":12},"end":{"line":25,"column":24}},"22":{"start":{"line":28,"column":12},"end":{"line":28,"column":25}},"23":{"start":{"line":32,"column":4},"end":{"line":40,"column":6}},"24":{"start":{"line":33,"column":8},"end":{"line":39,"column":9}},"25":{"start":{"line":34,"column":12},"end":{"line":34,"column":34}},"26":{"start":{"line":35,"column":12},"end":{"line":35,"column":24}},"27":{"start":{"line":38,"column":12},"end":{"line":38,"column":25}},"28":{"start":{"line":41,"column":4},"end":{"line":113,"column":6}},"29":{"start":{"line":42,"column":8},"end":{"line":112,"column":11}},"30":{"start":{"line":43,"column":29},"end":{"line":46,"column":13}},"31":{"start":{"line":47,"column":23},"end":{"line":47,"column":27}},"32":{"start":{"line":48,"column":29},"end":{"line":48,"column":47}},"33":{"start":{"line":49,"column":25},"end":{"line":49,"column":27}},"34":{"start":{"line":50,"column":23},"end":{"line":50,"column":105}},"35":{"start":{"line":51,"column":12},"end":{"line":66,"column":13}},"36":{"start":{"line":52,"column":16},"end":{"line":53,"column":146}},"37":{"start":{"line":54,"column":16},"end":{"line":55,"column":146}},"38":{"start":{"line":56,"column":31},"end":{"line":57,"column":145}},"39":{"start":{"line":60,"column":16},"end":{"line":61,"column":146}},"40":{"start":{"line":62,"column":16},"end":{"line":63,"column":146}},"41":{"start":{"line":64,"column":31},"end":{"line":65,"column":145}},"42":{"start":{"line":67,"column":29},"end":{"line":67,"column":57}},"43":{"start":{"line":68,"column":12},"end":{"line":111,"column":15}},"44":{"start":{"line":69,"column":16},"end":{"line":69,"column":40}},"45":{"start":{"line":70,"column":30},"end":{"line":70,"column":32}},"46":{"start":{"line":71,"column":16},"end":{"line":71,"column":71}},"47":{"start":{"line":71,"column":50},"end":{"line":71,"column":67}},"48":{"start":{"line":72,"column":16},"end":{"line":110,"column":19}},"49":{"start":{"line":73,"column":37},"end":{"line":73,"column":56}},"50":{"start":{"line":74,"column":20},"end":{"line":74,"column":61}},"51":{"start":{"line":75,"column":20},"end":{"line":75,"column":61}},"52":{"start":{"line":76,"column":20},"end":{"line":76,"column":38}},"53":{"start":{"line":77,"column":20},"end":{"line":109,"column":21}},"54":{"start":{"line":78,"column":37},"end":{"line":78,"column":39}},"55":{"start":{"line":79,"column":36},"end":{"line":79,"column":38}},"56":{"start":{"line":80,"column":37},"end":{"line":80,"column":39}},"57":{"start":{"line":81,"column":24},"end":{"line":105,"column":25}},"58":{"start":{"line":82,"column":28},"end":{"line":83,"column":128}},"59":{"start":{"line":84,"column":28},"end":{"line":84,"column":43}},"60":{"start":{"line":85,"column":28},"end":{"line":100,"column":29}},"61":{"start":{"line":86,"column":47},"end":{"line":86,"column":49}},"62":{"start":{"line":87,"column":32},"end":{"line":87,"column":54}},"63":{"start":{"line":88,"column":32},"end":{"line":88,"column":97}},"64":{"start":{"line":89,"column":32},"end":{"line":89,"column":130}},"65":{"start":{"line":90,"column":32},"end":{"line":90,"column":126}},"66":{"start":{"line":91,"column":32},"end":{"line":91,"column":95}},"67":{"start":{"line":92,"column":32},"end":{"line":92,"column":111}},"68":{"start":{"line":93,"column":32},"end":{"line":93,"column":115}},"69":{"start":{"line":94,"column":32},"end":{"line":94,"column":110}},"70":{"start":{"line":95,"column":32},"end":{"line":95,"column":130}},"71":{"start":{"line":96,"column":32},"end":{"line":96,"column":80}},"72":{"start":{"line":97,"column":32},"end":{"line":97,"column":80}},"73":{"start":{"line":98,"column":32},"end":{"line":98,"column":119}},"74":{"start":{"line":99,"column":32},"end":{"line":99,"column":54}},"75":{"start":{"line":101,"column":28},"end":{"line":101,"column":44}},"76":{"start":{"line":104,"column":28},"end":{"line":104,"column":40}},"77":{"start":{"line":108,"column":24},"end":{"line":108,"column":36}},"78":{"start":{"line":114,"column":4},"end":{"line":274,"column":6}},"79":{"start":{"line":115,"column":19},"end":{"line":115,"column":23}},"80":{"start":{"line":116,"column":22},"end":{"line":119,"column":9}},"81":{"start":{"line":120,"column":8},"end":{"line":126,"column":9}},"82":{"start":{"line":121,"column":12},"end":{"line":125,"column":15}},"83":{"start":{"line":122,"column":16},"end":{"line":122,"column":35}},"84":{"start":{"line":123,"column":16},"end":{"line":123,"column":67}},"85":{"start":{"line":124,"column":16},"end":{"line":124,"column":39}},"86":{"start":{"line":127,"column":8},"end":{"line":134,"column":9}},"87":{"start":{"line":128,"column":12},"end":{"line":128,"column":31}},"88":{"start":{"line":129,"column":12},"end":{"line":129,"column":50}},"89":{"start":{"line":132,"column":12},"end":{"line":132,"column":31}},"90":{"start":{"line":133,"column":12},"end":{"line":133,"column":54}},"91":{"start":{"line":135,"column":8},"end":{"line":215,"column":9}},"92":{"start":{"line":136,"column":12},"end":{"line":214,"column":15}},"93":{"start":{"line":137,"column":16},"end":{"line":213,"column":19}},"94":{"start":{"line":138,"column":43},"end":{"line":138,"column":45}},"95":{"start":{"line":139,"column":20},"end":{"line":141,"column":23}},"96":{"start":{"line":140,"column":24},"end":{"line":140,"column":65}},"97":{"start":{"line":142,"column":36},"end":{"line":142,"column":38}},"98":{"start":{"line":143,"column":20},"end":{"line":212,"column":23}},"99":{"start":{"line":144,"column":24},"end":{"line":146,"column":25}},"100":{"start":{"line":145,"column":28},"end":{"line":145,"column":56}},"101":{"start":{"line":147,"column":38},"end":{"line":147,"column":50}},"102":{"start":{"line":148,"column":39},"end":{"line":148,"column":60}},"103":{"start":{"line":149,"column":35},"end":{"line":151,"column":42}},"104":{"start":{"line":152,"column":42},"end":{"line":152,"column":44}},"105":{"start":{"line":153,"column":40},"end":{"line":153,"column":42}},"106":{"start":{"line":154,"column":24},"end":{"line":165,"column":25}},"107":{"start":{"line":155,"column":37},"end":{"line":155,"column":55}},"108":{"start":{"line":156,"column":40},"end":{"line":156,"column":83}},"109":{"start":{"line":157,"column":40},"end":{"line":157,"column":97}},"110":{"start":{"line":158,"column":42},"end":{"line":158,"column":85}},"111":{"start":{"line":159,"column":39},"end":{"line":159,"column":91}},"112":{"start":{"line":160,"column":43},"end":{"line":163,"column":29}},"113":{"start":{"line":164,"column":28},"end":{"line":164,"column":56}},"114":{"start":{"line":166,"column":24},"end":{"line":166,"column":47}},"115":{"start":{"line":167,"column":24},"end":{"line":167,"column":64}},"116":{"start":{"line":168,"column":51},"end":{"line":168,"column":53}},"117":{"start":{"line":169,"column":24},"end":{"line":178,"column":27}},"118":{"start":{"line":170,"column":28},"end":{"line":177,"column":29}},"119":{"start":{"line":171,"column":32},"end":{"line":176,"column":33}},"120":{"start":{"line":172,"column":36},"end":{"line":172,"column":82}},"121":{"start":{"line":175,"column":36},"end":{"line":175,"column":53}},"122":{"start":{"line":179,"column":44},"end":{"line":179,"column":46}},"123":{"start":{"line":180,"column":24},"end":{"line":207,"column":27}},"124":{"start":{"line":181,"column":28},"end":{"line":188,"column":29}},"125":{"start":{"line":182,"column":42},"end":{"line":182,"column":49}},"126":{"start":{"line":183,"column":32},"end":{"line":187,"column":33}},"127":{"start":{"line":184,"column":36},"end":{"line":186,"column":37}},"128":{"start":{"line":185,"column":40},"end":{"line":185,"column":67}},"129":{"start":{"line":189,"column":38},"end":{"line":189,"column":67}},"130":{"start":{"line":190,"column":28},"end":{"line":202,"column":29}},"131":{"start":{"line":191,"column":32},"end":{"line":191,"column":49}},"132":{"start":{"line":194,"column":32},"end":{"line":201,"column":35}},"133":{"start":{"line":195,"column":36},"end":{"line":199,"column":37}},"134":{"start":{"line":196,"column":40},"end":{"line":196,"column":59}},"135":{"start":{"line":197,"column":40},"end":{"line":197,"column":102}},"136":{"start":{"line":198,"column":40},"end":{"line":198,"column":63}},"137":{"start":{"line":200,"column":36},"end":{"line":200,"column":53}},"138":{"start":{"line":204,"column":28},"end":{"line":204,"column":47}},"139":{"start":{"line":205,"column":28},"end":{"line":205,"column":90}},"140":{"start":{"line":206,"column":28},"end":{"line":206,"column":44}},"141":{"start":{"line":209,"column":24},"end":{"line":209,"column":43}},"142":{"start":{"line":210,"column":24},"end":{"line":210,"column":86}},"143":{"start":{"line":211,"column":24},"end":{"line":211,"column":40}},"144":{"start":{"line":216,"column":8},"end":{"line":273,"column":9}},"145":{"start":{"line":217,"column":12},"end":{"line":272,"column":15}},"146":{"start":{"line":218,"column":16},"end":{"line":271,"column":19}},"147":{"start":{"line":219,"column":43},"end":{"line":219,"column":45}},"148":{"start":{"line":220,"column":20},"end":{"line":222,"column":23}},"149":{"start":{"line":221,"column":24},"end":{"line":221,"column":65}},"150":{"start":{"line":223,"column":36},"end":{"line":223,"column":38}},"151":{"start":{"line":224,"column":20},"end":{"line":266,"column":23}},"152":{"start":{"line":225,"column":24},"end":{"line":252,"column":25}},"153":{"start":{"line":226,"column":28},"end":{"line":251,"column":29}},"154":{"start":{"line":227,"column":32},"end":{"line":232,"column":33}},"155":{"start":{"line":228,"column":47},"end":{"line":228,"column":78}},"156":{"start":{"line":231,"column":36},"end":{"line":231,"column":63}},"157":{"start":{"line":233,"column":32},"end":{"line":250,"column":33}},"158":{"start":{"line":234,"column":36},"end":{"line":249,"column":37}},"159":{"start":{"line":235,"column":48},"end":{"line":235,"column":54}},"160":{"start":{"line":236,"column":40},"end":{"line":248,"column":41}},"161":{"start":{"line":237,"column":57},"end":{"line":237,"column":59}},"162":{"start":{"line":238,"column":44},"end":{"line":238,"column":80}},"163":{"start":{"line":239,"column":44},"end":{"line":239,"column":77}},"164":{"start":{"line":240,"column":44},"end":{"line":240,"column":75}},"165":{"start":{"line":241,"column":44},"end":{"line":241,"column":88}},"166":{"start":{"line":242,"column":44},"end":{"line":242,"column":79}},"167":{"start":{"line":243,"column":44},"end":{"line":243,"column":77}},"168":{"start":{"line":244,"column":44},"end":{"line":244,"column":77}},"169":{"start":{"line":245,"column":44},"end":{"line":245,"column":79}},"170":{"start":{"line":246,"column":44},"end":{"line":246,"column":75}},"171":{"start":{"line":247,"column":44},"end":{"line":247,"column":67}},"172":{"start":{"line":253,"column":34},"end":{"line":253,"column":59}},"173":{"start":{"line":254,"column":24},"end":{"line":261,"column":27}},"174":{"start":{"line":255,"column":28},"end":{"line":259,"column":29}},"175":{"start":{"line":256,"column":32},"end":{"line":256,"column":51}},"176":{"start":{"line":257,"column":32},"end":{"line":257,"column":94}},"177":{"start":{"line":258,"column":32},"end":{"line":258,"column":55}},"178":{"start":{"line":260,"column":28},"end":{"line":260,"column":45}},"179":{"start":{"line":263,"column":24},"end":{"line":263,"column":43}},"180":{"start":{"line":264,"column":24},"end":{"line":264,"column":86}},"181":{"start":{"line":265,"column":24},"end":{"line":265,"column":40}},"182":{"start":{"line":268,"column":20},"end":{"line":268,"column":39}},"183":{"start":{"line":269,"column":20},"end":{"line":269,"column":82}},"184":{"start":{"line":270,"column":20},"end":{"line":270,"column":36}},"185":{"start":{"line":275,"column":4},"end":{"line":291,"column":6}},"186":{"start":{"line":276,"column":25},"end":{"line":279,"column":9}},"187":{"start":{"line":280,"column":8},"end":{"line":290,"column":11}},"188":{"start":{"line":281,"column":12},"end":{"line":289,"column":13}},"189":{"start":{"line":282,"column":16},"end":{"line":282,"column":34}},"190":{"start":{"line":283,"column":16},"end":{"line":283,"column":38}},"191":{"start":{"line":284,"column":16},"end":{"line":284,"column":36}},"192":{"start":{"line":287,"column":16},"end":{"line":287,"column":38}},"193":{"start":{"line":288,"column":16},"end":{"line":288,"column":35}},"194":{"start":{"line":292,"column":4},"end":{"line":341,"column":6}},"195":{"start":{"line":293,"column":19},"end":{"line":293,"column":23}},"196":{"start":{"line":294,"column":8},"end":{"line":340,"column":11}},"197":{"start":{"line":295,"column":12},"end":{"line":302,"column":13}},"198":{"start":{"line":296,"column":16},"end":{"line":298,"column":17}},"199":{"start":{"line":297,"column":20},"end":{"line":297,"column":78}},"200":{"start":{"line":301,"column":16},"end":{"line":301,"column":74}},"201":{"start":{"line":303,"column":21},"end":{"line":303,"column":38}},"202":{"start":{"line":304,"column":25},"end":{"line":304,"column":27}},"203":{"start":{"line":305,"column":12},"end":{"line":312,"column":13}},"204":{"start":{"line":306,"column":16},"end":{"line":308,"column":17}},"205":{"start":{"line":307,"column":20},"end":{"line":307,"column":66}},"206":{"start":{"line":311,"column":16},"end":{"line":311,"column":76}},"207":{"start":{"line":313,"column":24},"end":{"line":313,"column":38}},"208":{"start":{"line":314,"column":26},"end":{"line":314,"column":42}},"209":{"start":{"line":315,"column":12},"end":{"line":320,"column":13}},"210":{"start":{"line":316,"column":27},"end":{"line":316,"column":33}},"211":{"start":{"line":317,"column":16},"end":{"line":319,"column":17}},"212":{"start":{"line":318,"column":20},"end":{"line":318,"column":38}},"213":{"start":{"line":321,"column":28},"end":{"line":321,"column":30}},"214":{"start":{"line":322,"column":29},"end":{"line":322,"column":49}},"215":{"start":{"line":323,"column":26},"end":{"line":323,"column":44}},"216":{"start":{"line":324,"column":12},"end":{"line":332,"column":13}},"217":{"start":{"line":325,"column":26},"end":{"line":325,"column":38}},"218":{"start":{"line":326,"column":27},"end":{"line":326,"column":29}},"219":{"start":{"line":327,"column":16},"end":{"line":330,"column":17}},"220":{"start":{"line":328,"column":32},"end":{"line":328,"column":45}},"221":{"start":{"line":329,"column":20},"end":{"line":329,"column":45}},"222":{"start":{"line":331,"column":16},"end":{"line":331,"column":37}},"223":{"start":{"line":333,"column":12},"end":{"line":338,"column":13}},"224":{"start":{"line":334,"column":31},"end":{"line":334,"column":47}},"225":{"start":{"line":335,"column":16},"end":{"line":337,"column":19}},"226":{"start":{"line":336,"column":20},"end":{"line":336,"column":53}},"227":{"start":{"line":339,"column":12},"end":{"line":339,"column":64}},"228":{"start":{"line":342,"column":4},"end":{"line":349,"column":6}},"229":{"start":{"line":343,"column":19},"end":{"line":343,"column":23}},"230":{"start":{"line":344,"column":8},"end":{"line":345,"column":29}},"231":{"start":{"line":345,"column":12},"end":{"line":345,"column":29}},"232":{"start":{"line":346,"column":8},"end":{"line":347,"column":27}},"233":{"start":{"line":347,"column":12},"end":{"line":347,"column":27}},"234":{"start":{"line":348,"column":8},"end":{"line":348,"column":18}},"235":{"start":{"line":350,"column":4},"end":{"line":385,"column":6}},"236":{"start":{"line":351,"column":19},"end":{"line":351,"column":23}},"237":{"start":{"line":352,"column":8},"end":{"line":353,"column":25}},"238":{"start":{"line":353,"column":12},"end":{"line":353,"column":25}},"239":{"start":{"line":354,"column":19},"end":{"line":354,"column":37}},"240":{"start":{"line":355,"column":8},"end":{"line":356,"column":25}},"241":{"start":{"line":356,"column":12},"end":{"line":356,"column":25}},"242":{"start":{"line":357,"column":19},"end":{"line":357,"column":33}},"243":{"start":{"line":358,"column":19},"end":{"line":358,"column":33}},"244":{"start":{"line":359,"column":20},"end":{"line":359,"column":37}},"245":{"start":{"line":360,"column":8},"end":{"line":361,"column":25}},"246":{"start":{"line":361,"column":12},"end":{"line":361,"column":25}},"247":{"start":{"line":362,"column":8},"end":{"line":363,"column":25}},"248":{"start":{"line":363,"column":12},"end":{"line":363,"column":25}},"249":{"start":{"line":364,"column":8},"end":{"line":365,"column":25}},"250":{"start":{"line":365,"column":12},"end":{"line":365,"column":25}},"251":{"start":{"line":366,"column":23},"end":{"line":366,"column":38}},"252":{"start":{"line":367,"column":8},"end":{"line":368,"column":25}},"253":{"start":{"line":368,"column":12},"end":{"line":368,"column":25}},"254":{"start":{"line":369,"column":8},"end":{"line":374,"column":9}},"255":{"start":{"line":370,"column":20},"end":{"line":370,"column":34}},"256":{"start":{"line":371,"column":12},"end":{"line":373,"column":13}},"257":{"start":{"line":372,"column":16},"end":{"line":372,"column":29}},"258":{"start":{"line":375,"column":8},"end":{"line":381,"column":9}},"259":{"start":{"line":376,"column":24},"end":{"line":376,"column":37}},"260":{"start":{"line":377,"column":12},"end":{"line":378,"column":29}},"261":{"start":{"line":378,"column":16},"end":{"line":378,"column":29}},"262":{"start":{"line":379,"column":12},"end":{"line":380,"column":29}},"263":{"start":{"line":380,"column":16},"end":{"line":380,"column":29}},"264":{"start":{"line":382,"column":8},"end":{"line":383,"column":25}},"265":{"start":{"line":383,"column":12},"end":{"line":383,"column":25}},"266":{"start":{"line":384,"column":8},"end":{"line":384,"column":20}},"267":{"start":{"line":386,"column":4},"end":{"line":389,"column":6}},"268":{"start":{"line":387,"column":19},"end":{"line":387,"column":23}},"269":{"start":{"line":388,"column":8},"end":{"line":388,"column":56}},"270":{"start":{"line":390,"column":4},"end":{"line":394,"column":6}},"271":{"start":{"line":391,"column":8},"end":{"line":392,"column":25}},"272":{"start":{"line":392,"column":12},"end":{"line":392,"column":25}},"273":{"start":{"line":393,"column":8},"end":{"line":393,"column":116}},"274":{"start":{"line":395,"column":4},"end":{"line":399,"column":6}},"275":{"start":{"line":396,"column":8},"end":{"line":397,"column":25}},"276":{"start":{"line":397,"column":12},"end":{"line":397,"column":25}},"277":{"start":{"line":398,"column":8},"end":{"line":398,"column":147}},"278":{"start":{"line":400,"column":4},"end":{"line":440,"column":6}},"279":{"start":{"line":401,"column":19},"end":{"line":401,"column":23}},"280":{"start":{"line":402,"column":8},"end":{"line":404,"column":9}},"281":{"start":{"line":403,"column":12},"end":{"line":403,"column":25}},"282":{"start":{"line":405,"column":8},"end":{"line":406,"column":25}},"283":{"start":{"line":406,"column":12},"end":{"line":406,"column":25}},"284":{"start":{"line":407,"column":18},"end":{"line":407,"column":37}},"285":{"start":{"line":408,"column":8},"end":{"line":418,"column":9}},"286":{"start":{"line":409,"column":28},"end":{"line":409,"column":36}},"287":{"start":{"line":410,"column":12},"end":{"line":411,"column":29}},"288":{"start":{"line":411,"column":16},"end":{"line":411,"column":29}},"289":{"start":{"line":412,"column":12},"end":{"line":416,"column":13}},"290":{"start":{"line":413,"column":24},"end":{"line":413,"column":39}},"291":{"start":{"line":414,"column":16},"end":{"line":415,"column":33}},"292":{"start":{"line":415,"column":20},"end":{"line":415,"column":33}},"293":{"start":{"line":417,"column":12},"end":{"line":417,"column":24}},"294":{"start":{"line":419,"column":8},"end":{"line":427,"column":9}},"295":{"start":{"line":420,"column":28},"end":{"line":420,"column":36}},"296":{"start":{"line":421,"column":12},"end":{"line":422,"column":29}},"297":{"start":{"line":422,"column":16},"end":{"line":422,"column":29}},"298":{"start":{"line":423,"column":25},"end":{"line":423,"column":47}},"299":{"start":{"line":424,"column":12},"end":{"line":425,"column":29}},"300":{"start":{"line":425,"column":16},"end":{"line":425,"column":29}},"301":{"start":{"line":426,"column":12},"end":{"line":426,"column":88}},"302":{"start":{"line":428,"column":8},"end":{"line":430,"column":9}},"303":{"start":{"line":429,"column":12},"end":{"line":429,"column":49}},"304":{"start":{"line":431,"column":8},"end":{"line":439,"column":9}},"305":{"start":{"line":432,"column":28},"end":{"line":432,"column":36}},"306":{"start":{"line":433,"column":12},"end":{"line":434,"column":29}},"307":{"start":{"line":434,"column":16},"end":{"line":434,"column":29}},"308":{"start":{"line":435,"column":25},"end":{"line":435,"column":47}},"309":{"start":{"line":436,"column":12},"end":{"line":437,"column":29}},"310":{"start":{"line":437,"column":16},"end":{"line":437,"column":29}},"311":{"start":{"line":438,"column":12},"end":{"line":438,"column":88}},"312":{"start":{"line":441,"column":4},"end":{"line":501,"column":6}},"313":{"start":{"line":442,"column":18},"end":{"line":442,"column":40}},"314":{"start":{"line":443,"column":18},"end":{"line":443,"column":29}},"315":{"start":{"line":444,"column":8},"end":{"line":448,"column":9}},"316":{"start":{"line":445,"column":24},"end":{"line":445,"column":43}},"317":{"start":{"line":446,"column":22},"end":{"line":446,"column":32}},"318":{"start":{"line":447,"column":12},"end":{"line":447,"column":37}},"319":{"start":{"line":449,"column":8},"end":{"line":453,"column":9}},"320":{"start":{"line":450,"column":24},"end":{"line":450,"column":43}},"321":{"start":{"line":451,"column":22},"end":{"line":451,"column":32}},"322":{"start":{"line":452,"column":12},"end":{"line":452,"column":37}},"323":{"start":{"line":454,"column":8},"end":{"line":458,"column":9}},"324":{"start":{"line":455,"column":24},"end":{"line":455,"column":43}},"325":{"start":{"line":456,"column":22},"end":{"line":456,"column":32}},"326":{"start":{"line":457,"column":12},"end":{"line":457,"column":38}},"327":{"start":{"line":459,"column":8},"end":{"line":500,"column":9}},"328":{"start":{"line":460,"column":24},"end":{"line":460,"column":43}},"329":{"start":{"line":461,"column":22},"end":{"line":461,"column":32}},"330":{"start":{"line":462,"column":12},"end":{"line":463,"column":29}},"331":{"start":{"line":463,"column":16},"end":{"line":463,"column":29}},"332":{"start":{"line":464,"column":12},"end":{"line":465,"column":28}},"333":{"start":{"line":465,"column":16},"end":{"line":465,"column":28}},"334":{"start":{"line":466,"column":12},"end":{"line":469,"column":13}},"335":{"start":{"line":467,"column":32},"end":{"line":467,"column":64}},"336":{"start":{"line":468,"column":16},"end":{"line":468,"column":59}},"337":{"start":{"line":470,"column":12},"end":{"line":475,"column":13}},"338":{"start":{"line":471,"column":32},"end":{"line":471,"column":60}},"339":{"start":{"line":472,"column":16},"end":{"line":473,"column":33}},"340":{"start":{"line":473,"column":20},"end":{"line":473,"column":33}},"341":{"start":{"line":474,"column":16},"end":{"line":474,"column":96}},"342":{"start":{"line":476,"column":12},"end":{"line":479,"column":13}},"343":{"start":{"line":477,"column":32},"end":{"line":477,"column":64}},"344":{"start":{"line":478,"column":16},"end":{"line":478,"column":60}},"345":{"start":{"line":480,"column":12},"end":{"line":480,"column":39}},"346":{"start":{"line":483,"column":12},"end":{"line":485,"column":13}},"347":{"start":{"line":484,"column":16},"end":{"line":484,"column":47}},"348":{"start":{"line":486,"column":12},"end":{"line":492,"column":13}},"349":{"start":{"line":487,"column":29},"end":{"line":487,"column":54}},"350":{"start":{"line":488,"column":16},"end":{"line":490,"column":17}},"351":{"start":{"line":489,"column":20},"end":{"line":489,"column":65}},"352":{"start":{"line":491,"column":16},"end":{"line":491,"column":30}},"353":{"start":{"line":493,"column":12},"end":{"line":499,"column":13}},"354":{"start":{"line":494,"column":29},"end":{"line":494,"column":54}},"355":{"start":{"line":495,"column":16},"end":{"line":497,"column":17}},"356":{"start":{"line":496,"column":20},"end":{"line":496,"column":65}},"357":{"start":{"line":498,"column":16},"end":{"line":498,"column":30}},"358":{"start":{"line":502,"column":4},"end":{"line":537,"column":6}},"359":{"start":{"line":503,"column":19},"end":{"line":503,"column":23}},"360":{"start":{"line":504,"column":8},"end":{"line":505,"column":25}},"361":{"start":{"line":505,"column":12},"end":{"line":505,"column":25}},"362":{"start":{"line":506,"column":19},"end":{"line":506,"column":37}},"363":{"start":{"line":507,"column":8},"end":{"line":508,"column":25}},"364":{"start":{"line":508,"column":12},"end":{"line":508,"column":25}},"365":{"start":{"line":509,"column":19},"end":{"line":509,"column":33}},"366":{"start":{"line":510,"column":19},"end":{"line":510,"column":33}},"367":{"start":{"line":511,"column":20},"end":{"line":511,"column":37}},"368":{"start":{"line":512,"column":8},"end":{"line":513,"column":25}},"369":{"start":{"line":513,"column":12},"end":{"line":513,"column":25}},"370":{"start":{"line":514,"column":8},"end":{"line":515,"column":25}},"371":{"start":{"line":515,"column":12},"end":{"line":515,"column":25}},"372":{"start":{"line":516,"column":8},"end":{"line":517,"column":25}},"373":{"start":{"line":517,"column":12},"end":{"line":517,"column":25}},"374":{"start":{"line":518,"column":23},"end":{"line":518,"column":38}},"375":{"start":{"line":519,"column":8},"end":{"line":520,"column":25}},"376":{"start":{"line":520,"column":12},"end":{"line":520,"column":25}},"377":{"start":{"line":521,"column":8},"end":{"line":526,"column":9}},"378":{"start":{"line":522,"column":20},"end":{"line":522,"column":34}},"379":{"start":{"line":523,"column":12},"end":{"line":525,"column":13}},"380":{"start":{"line":524,"column":16},"end":{"line":524,"column":29}},"381":{"start":{"line":527,"column":8},"end":{"line":533,"column":9}},"382":{"start":{"line":528,"column":24},"end":{"line":528,"column":37}},"383":{"start":{"line":529,"column":12},"end":{"line":530,"column":29}},"384":{"start":{"line":530,"column":16},"end":{"line":530,"column":29}},"385":{"start":{"line":531,"column":12},"end":{"line":532,"column":29}},"386":{"start":{"line":532,"column":16},"end":{"line":532,"column":29}},"387":{"start":{"line":534,"column":8},"end":{"line":535,"column":25}},"388":{"start":{"line":535,"column":12},"end":{"line":535,"column":25}},"389":{"start":{"line":536,"column":8},"end":{"line":536,"column":20}},"390":{"start":{"line":538,"column":4},"end":{"line":541,"column":6}},"391":{"start":{"line":539,"column":19},"end":{"line":539,"column":23}},"392":{"start":{"line":540,"column":8},"end":{"line":540,"column":56}},"393":{"start":{"line":542,"column":4},"end":{"line":546,"column":6}},"394":{"start":{"line":543,"column":8},"end":{"line":544,"column":25}},"395":{"start":{"line":544,"column":12},"end":{"line":544,"column":25}},"396":{"start":{"line":545,"column":8},"end":{"line":545,"column":83}},"397":{"start":{"line":547,"column":4},"end":{"line":552,"column":6}},"398":{"start":{"line":548,"column":8},"end":{"line":549,"column":25}},"399":{"start":{"line":549,"column":12},"end":{"line":549,"column":25}},"400":{"start":{"line":550,"column":8},"end":{"line":551,"column":89}},"401":{"start":{"line":553,"column":4},"end":{"line":593,"column":6}},"402":{"start":{"line":554,"column":19},"end":{"line":554,"column":23}},"403":{"start":{"line":555,"column":8},"end":{"line":557,"column":9}},"404":{"start":{"line":556,"column":12},"end":{"line":556,"column":25}},"405":{"start":{"line":558,"column":8},"end":{"line":559,"column":25}},"406":{"start":{"line":559,"column":12},"end":{"line":559,"column":25}},"407":{"start":{"line":560,"column":18},"end":{"line":560,"column":37}},"408":{"start":{"line":561,"column":8},"end":{"line":571,"column":9}},"409":{"start":{"line":562,"column":28},"end":{"line":562,"column":36}},"410":{"start":{"line":563,"column":12},"end":{"line":564,"column":29}},"411":{"start":{"line":564,"column":16},"end":{"line":564,"column":29}},"412":{"start":{"line":565,"column":12},"end":{"line":569,"column":13}},"413":{"start":{"line":566,"column":24},"end":{"line":566,"column":39}},"414":{"start":{"line":567,"column":16},"end":{"line":568,"column":33}},"415":{"start":{"line":568,"column":20},"end":{"line":568,"column":33}},"416":{"start":{"line":570,"column":12},"end":{"line":570,"column":24}},"417":{"start":{"line":572,"column":8},"end":{"line":574,"column":9}},"418":{"start":{"line":573,"column":12},"end":{"line":573,"column":49}},"419":{"start":{"line":575,"column":8},"end":{"line":583,"column":9}},"420":{"start":{"line":576,"column":28},"end":{"line":576,"column":36}},"421":{"start":{"line":577,"column":12},"end":{"line":578,"column":29}},"422":{"start":{"line":578,"column":16},"end":{"line":578,"column":29}},"423":{"start":{"line":579,"column":25},"end":{"line":579,"column":47}},"424":{"start":{"line":580,"column":12},"end":{"line":581,"column":29}},"425":{"start":{"line":581,"column":16},"end":{"line":581,"column":29}},"426":{"start":{"line":582,"column":12},"end":{"line":582,"column":88}},"427":{"start":{"line":584,"column":8},"end":{"line":592,"column":9}},"428":{"start":{"line":585,"column":28},"end":{"line":585,"column":36}},"429":{"start":{"line":586,"column":12},"end":{"line":587,"column":29}},"430":{"start":{"line":587,"column":16},"end":{"line":587,"column":29}},"431":{"start":{"line":588,"column":25},"end":{"line":588,"column":47}},"432":{"start":{"line":589,"column":12},"end":{"line":590,"column":29}},"433":{"start":{"line":590,"column":16},"end":{"line":590,"column":29}},"434":{"start":{"line":591,"column":12},"end":{"line":591,"column":88}},"435":{"start":{"line":594,"column":4},"end":{"line":594,"column":25}},"436":{"start":{"line":596,"column":0},"end":{"line":596,"column":62}},"437":{"start":{"line":597,"column":0},"end":{"line":597,"column":32}}},"fnMap":{"0":{"name":"(anonymous_0)","decl":{"start":{"line":18,"column":21},"end":{"line":18,"column":22}},"loc":{"start":{"line":18,"column":33},"end":{"line":595,"column":1}}},"1":{"name":"InsightFacade","decl":{"start":{"line":19,"column":13},"end":{"line":19,"column":26}},"loc":{"start":{"line":19,"column":29},"end":{"line":21,"column":5}}},"2":{"name":"(anonymous_2)","decl":{"start":{"line":22,"column":37},"end":{"line":22,"column":38}},"loc":{"start":{"line":22,"column":52},"end":{"line":30,"column":5}}},"3":{"name":"(anonymous_3)","decl":{"start":{"line":32,"column":41},"end":{"line":32,"column":42}},"loc":{"start":{"line":32,"column":60},"end":{"line":40,"column":5}}},"4":{"name":"(anonymous_4)","decl":{"start":{"line":41,"column":49},"end":{"line":41,"column":50}},"loc":{"start":{"line":41,"column":70},"end":{"line":113,"column":5}}},"5":{"name":"(anonymous_5)","decl":{"start":{"line":42,"column":27},"end":{"line":42,"column":28}},"loc":{"start":{"line":42,"column":54},"end":{"line":112,"column":9}}},"6":{"name":"(anonymous_6)","decl":{"start":{"line":68,"column":81},"end":{"line":68,"column":82}},"loc":{"start":{"line":68,"column":96},"end":{"line":111,"column":13}}},"7":{"name":"(anonymous_7)","decl":{"start":{"line":71,"column":31},"end":{"line":71,"column":32}},"loc":{"start":{"line":71,"column":48},"end":{"line":71,"column":69}}},"8":{"name":"(anonymous_8)","decl":{"start":{"line":72,"column":30},"end":{"line":72,"column":31}},"loc":{"start":{"line":72,"column":42},"end":{"line":110,"column":17}}},"9":{"name":"(anonymous_9)","decl":{"start":{"line":114,"column":41},"end":{"line":114,"column":42}},"loc":{"start":{"line":114,"column":64},"end":{"line":274,"column":5}}},"10":{"name":"(anonymous_10)","decl":{"start":{"line":121,"column":31},"end":{"line":121,"column":32}},"loc":{"start":{"line":121,"column":59},"end":{"line":125,"column":13}}},"11":{"name":"(anonymous_11)","decl":{"start":{"line":136,"column":31},"end":{"line":136,"column":32}},"loc":{"start":{"line":136,"column":58},"end":{"line":214,"column":13}}},"12":{"name":"(anonymous_12)","decl":{"start":{"line":137,"column":64},"end":{"line":137,"column":65}},"loc":{"start":{"line":137,"column":80},"end":{"line":213,"column":17}}},"13":{"name":"(anonymous_13)","decl":{"start":{"line":139,"column":33},"end":{"line":139,"column":34}},"loc":{"start":{"line":139,"column":49},"end":{"line":141,"column":21}}},"14":{"name":"(anonymous_14)","decl":{"start":{"line":143,"column":55},"end":{"line":143,"column":56}},"loc":{"start":{"line":143,"column":75},"end":{"line":208,"column":21}}},"15":{"name":"(anonymous_15)","decl":{"start":{"line":169,"column":42},"end":{"line":169,"column":43}},"loc":{"start":{"line":169,"column":59},"end":{"line":178,"column":25}}},"16":{"name":"(anonymous_16)","decl":{"start":{"line":180,"column":47},"end":{"line":180,"column":48}},"loc":{"start":{"line":180,"column":63},"end":{"line":203,"column":25}}},"17":{"name":"(anonymous_17)","decl":{"start":{"line":194,"column":54},"end":{"line":194,"column":55}},"loc":{"start":{"line":194,"column":83},"end":{"line":201,"column":33}}},"18":{"name":"(anonymous_18)","decl":{"start":{"line":203,"column":33},"end":{"line":203,"column":34}},"loc":{"start":{"line":203,"column":46},"end":{"line":207,"column":25}}},"19":{"name":"(anonymous_19)","decl":{"start":{"line":208,"column":29},"end":{"line":208,"column":30}},"loc":{"start":{"line":208,"column":45},"end":{"line":212,"column":21}}},"20":{"name":"(anonymous_20)","decl":{"start":{"line":217,"column":31},"end":{"line":217,"column":32}},"loc":{"start":{"line":217,"column":58},"end":{"line":272,"column":13}}},"21":{"name":"(anonymous_21)","decl":{"start":{"line":218,"column":64},"end":{"line":218,"column":65}},"loc":{"start":{"line":218,"column":80},"end":{"line":267,"column":17}}},"22":{"name":"(anonymous_22)","decl":{"start":{"line":220,"column":33},"end":{"line":220,"column":34}},"loc":{"start":{"line":220,"column":49},"end":{"line":222,"column":21}}},"23":{"name":"(anonymous_23)","decl":{"start":{"line":224,"column":55},"end":{"line":224,"column":56}},"loc":{"start":{"line":224,"column":75},"end":{"line":262,"column":21}}},"24":{"name":"(anonymous_24)","decl":{"start":{"line":254,"column":46},"end":{"line":254,"column":47}},"loc":{"start":{"line":254,"column":75},"end":{"line":261,"column":25}}},"25":{"name":"(anonymous_25)","decl":{"start":{"line":262,"column":29},"end":{"line":262,"column":30}},"loc":{"start":{"line":262,"column":45},"end":{"line":266,"column":21}}},"26":{"name":"(anonymous_26)","decl":{"start":{"line":267,"column":25},"end":{"line":267,"column":26}},"loc":{"start":{"line":267,"column":38},"end":{"line":271,"column":17}}},"27":{"name":"(anonymous_27)","decl":{"start":{"line":275,"column":44},"end":{"line":275,"column":45}},"loc":{"start":{"line":275,"column":58},"end":{"line":291,"column":5}}},"28":{"name":"(anonymous_28)","decl":{"start":{"line":280,"column":27},"end":{"line":280,"column":28}},"loc":{"start":{"line":280,"column":54},"end":{"line":290,"column":9}}},"29":{"name":"(anonymous_29)","decl":{"start":{"line":292,"column":43},"end":{"line":292,"column":44}},"loc":{"start":{"line":292,"column":60},"end":{"line":341,"column":5}}},"30":{"name":"(anonymous_30)","decl":{"start":{"line":294,"column":27},"end":{"line":294,"column":28}},"loc":{"start":{"line":294,"column":54},"end":{"line":340,"column":9}}},"31":{"name":"(anonymous_31)","decl":{"start":{"line":335,"column":31},"end":{"line":335,"column":32}},"loc":{"start":{"line":335,"column":47},"end":{"line":337,"column":17}}},"32":{"name":"(anonymous_32)","decl":{"start":{"line":342,"column":36},"end":{"line":342,"column":37}},"loc":{"start":{"line":342,"column":53},"end":{"line":349,"column":5}}},"33":{"name":"(anonymous_33)","decl":{"start":{"line":350,"column":45},"end":{"line":350,"column":46}},"loc":{"start":{"line":350,"column":62},"end":{"line":385,"column":5}}},"34":{"name":"(anonymous_34)","decl":{"start":{"line":386,"column":37},"end":{"line":386,"column":38}},"loc":{"start":{"line":386,"column":53},"end":{"line":389,"column":5}}},"35":{"name":"(anonymous_35)","decl":{"start":{"line":390,"column":38},"end":{"line":390,"column":39}},"loc":{"start":{"line":390,"column":51},"end":{"line":394,"column":5}}},"36":{"name":"(anonymous_36)","decl":{"start":{"line":395,"column":38},"end":{"line":395,"column":39}},"loc":{"start":{"line":395,"column":51},"end":{"line":399,"column":5}}},"37":{"name":"(anonymous_37)","decl":{"start":{"line":400,"column":45},"end":{"line":400,"column":46}},"loc":{"start":{"line":400,"column":60},"end":{"line":440,"column":5}}},"38":{"name":"(anonymous_38)","decl":{"start":{"line":441,"column":37},"end":{"line":441,"column":38}},"loc":{"start":{"line":441,"column":61},"end":{"line":501,"column":5}}},"39":{"name":"(anonymous_39)","decl":{"start":{"line":502,"column":45},"end":{"line":502,"column":46}},"loc":{"start":{"line":502,"column":62},"end":{"line":537,"column":5}}},"40":{"name":"(anonymous_40)","decl":{"start":{"line":538,"column":37},"end":{"line":538,"column":38}},"loc":{"start":{"line":538,"column":53},"end":{"line":541,"column":5}}},"41":{"name":"(anonymous_41)","decl":{"start":{"line":542,"column":38},"end":{"line":542,"column":39}},"loc":{"start":{"line":542,"column":51},"end":{"line":546,"column":5}}},"42":{"name":"(anonymous_42)","decl":{"start":{"line":547,"column":38},"end":{"line":547,"column":39}},"loc":{"start":{"line":547,"column":51},"end":{"line":552,"column":5}}},"43":{"name":"(anonymous_43)","decl":{"start":{"line":553,"column":45},"end":{"line":553,"column":46}},"loc":{"start":{"line":553,"column":60},"end":{"line":593,"column":5}}}},"branchMap":{"0":{"loc":{"start":{"line":51,"column":12},"end":{"line":66,"column":13}},"type":"if","locations":[{"start":{"line":51,"column":12},"end":{"line":66,"column":13}},{"start":{"line":51,"column":12},"end":{"line":66,"column":13}}]},"1":{"loc":{"start":{"line":77,"column":20},"end":{"line":109,"column":21}},"type":"if","locations":[{"start":{"line":77,"column":20},"end":{"line":109,"column":21}},{"start":{"line":77,"column":20},"end":{"line":109,"column":21}}]},"2":{"loc":{"start":{"line":120,"column":8},"end":{"line":126,"column":9}},"type":"if","locations":[{"start":{"line":120,"column":8},"end":{"line":126,"column":9}},{"start":{"line":120,"column":8},"end":{"line":126,"column":9}}]},"3":{"loc":{"start":{"line":120,"column":12},"end":{"line":120,"column":46}},"type":"binary-expr","locations":[{"start":{"line":120,"column":12},"end":{"line":120,"column":28}},{"start":{"line":120,"column":32},"end":{"line":120,"column":46}}]},"4":{"loc":{"start":{"line":127,"column":8},"end":{"line":134,"column":9}},"type":"if","locations":[{"start":{"line":127,"column":8},"end":{"line":134,"column":9}},{"start":{"line":127,"column":8},"end":{"line":134,"column":9}}]},"5":{"loc":{"start":{"line":135,"column":8},"end":{"line":215,"column":9}},"type":"if","locations":[{"start":{"line":135,"column":8},"end":{"line":215,"column":9}},{"start":{"line":135,"column":8},"end":{"line":215,"column":9}}]},"6":{"loc":{"start":{"line":170,"column":28},"end":{"line":177,"column":29}},"type":"if","locations":[{"start":{"line":170,"column":28},"end":{"line":177,"column":29}},{"start":{"line":170,"column":28},"end":{"line":177,"column":29}}]},"7":{"loc":{"start":{"line":183,"column":32},"end":{"line":187,"column":33}},"type":"if","locations":[{"start":{"line":183,"column":32},"end":{"line":187,"column":33}},{"start":{"line":183,"column":32},"end":{"line":187,"column":33}}]},"8":{"loc":{"start":{"line":190,"column":28},"end":{"line":202,"column":29}},"type":"if","locations":[{"start":{"line":190,"column":28},"end":{"line":202,"column":29}},{"start":{"line":190,"column":28},"end":{"line":202,"column":29}}]},"9":{"loc":{"start":{"line":195,"column":36},"end":{"line":199,"column":37}},"type":"if","locations":[{"start":{"line":195,"column":36},"end":{"line":199,"column":37}},{"start":{"line":195,"column":36},"end":{"line":199,"column":37}}]},"10":{"loc":{"start":{"line":216,"column":8},"end":{"line":273,"column":9}},"type":"if","locations":[{"start":{"line":216,"column":8},"end":{"line":273,"column":9}},{"start":{"line":216,"column":8},"end":{"line":273,"column":9}}]},"11":{"loc":{"start":{"line":226,"column":28},"end":{"line":251,"column":29}},"type":"if","locations":[{"start":{"line":226,"column":28},"end":{"line":251,"column":29}},{"start":{"line":226,"column":28},"end":{"line":251,"column":29}}]},"12":{"loc":{"start":{"line":233,"column":32},"end":{"line":250,"column":33}},"type":"if","locations":[{"start":{"line":233,"column":32},"end":{"line":250,"column":33}},{"start":{"line":233,"column":32},"end":{"line":250,"column":33}}]},"13":{"loc":{"start":{"line":236,"column":40},"end":{"line":248,"column":41}},"type":"if","locations":[{"start":{"line":236,"column":40},"end":{"line":248,"column":41}},{"start":{"line":236,"column":40},"end":{"line":248,"column":41}}]},"14":{"loc":{"start":{"line":255,"column":28},"end":{"line":259,"column":29}},"type":"if","locations":[{"start":{"line":255,"column":28},"end":{"line":259,"column":29}},{"start":{"line":255,"column":28},"end":{"line":259,"column":29}}]},"15":{"loc":{"start":{"line":281,"column":12},"end":{"line":289,"column":13}},"type":"if","locations":[{"start":{"line":281,"column":12},"end":{"line":289,"column":13}},{"start":{"line":281,"column":12},"end":{"line":289,"column":13}}]},"16":{"loc":{"start":{"line":296,"column":16},"end":{"line":298,"column":17}},"type":"if","locations":[{"start":{"line":296,"column":16},"end":{"line":298,"column":17}},{"start":{"line":296,"column":16},"end":{"line":298,"column":17}}]},"17":{"loc":{"start":{"line":296,"column":20},"end":{"line":296,"column":78}},"type":"binary-expr","locations":[{"start":{"line":296,"column":20},"end":{"line":296,"column":47}},{"start":{"line":296,"column":51},"end":{"line":296,"column":78}}]},"18":{"loc":{"start":{"line":306,"column":16},"end":{"line":308,"column":17}},"type":"if","locations":[{"start":{"line":306,"column":16},"end":{"line":308,"column":17}},{"start":{"line":306,"column":16},"end":{"line":308,"column":17}}]},"19":{"loc":{"start":{"line":317,"column":16},"end":{"line":319,"column":17}},"type":"if","locations":[{"start":{"line":317,"column":16},"end":{"line":319,"column":17}},{"start":{"line":317,"column":16},"end":{"line":319,"column":17}}]},"20":{"loc":{"start":{"line":333,"column":12},"end":{"line":338,"column":13}},"type":"if","locations":[{"start":{"line":333,"column":12},"end":{"line":338,"column":13}},{"start":{"line":333,"column":12},"end":{"line":338,"column":13}}]},"21":{"loc":{"start":{"line":344,"column":8},"end":{"line":345,"column":29}},"type":"if","locations":[{"start":{"line":344,"column":8},"end":{"line":345,"column":29}},{"start":{"line":344,"column":8},"end":{"line":345,"column":29}}]},"22":{"loc":{"start":{"line":346,"column":8},"end":{"line":347,"column":27}},"type":"if","locations":[{"start":{"line":346,"column":8},"end":{"line":347,"column":27}},{"start":{"line":346,"column":8},"end":{"line":347,"column":27}}]},"23":{"loc":{"start":{"line":352,"column":8},"end":{"line":353,"column":25}},"type":"if","locations":[{"start":{"line":352,"column":8},"end":{"line":353,"column":25}},{"start":{"line":352,"column":8},"end":{"line":353,"column":25}}]},"24":{"loc":{"start":{"line":352,"column":12},"end":{"line":352,"column":42}},"type":"binary-expr","locations":[{"start":{"line":352,"column":12},"end":{"line":352,"column":26}},{"start":{"line":352,"column":30},"end":{"line":352,"column":42}}]},"25":{"loc":{"start":{"line":355,"column":8},"end":{"line":356,"column":25}},"type":"if","locations":[{"start":{"line":355,"column":8},"end":{"line":356,"column":25}},{"start":{"line":355,"column":8},"end":{"line":356,"column":25}}]},"26":{"loc":{"start":{"line":355,"column":12},"end":{"line":355,"column":89}},"type":"binary-expr","locations":[{"start":{"line":355,"column":12},"end":{"line":355,"column":29}},{"start":{"line":355,"column":34},"end":{"line":355,"column":57}},{"start":{"line":355,"column":63},"end":{"line":355,"column":88}}]},"27":{"loc":{"start":{"line":360,"column":8},"end":{"line":361,"column":25}},"type":"if","locations":[{"start":{"line":360,"column":8},"end":{"line":361,"column":25}},{"start":{"line":360,"column":8},"end":{"line":361,"column":25}}]},"28":{"loc":{"start":{"line":362,"column":8},"end":{"line":363,"column":25}},"type":"if","locations":[{"start":{"line":362,"column":8},"end":{"line":363,"column":25}},{"start":{"line":362,"column":8},"end":{"line":363,"column":25}}]},"29":{"loc":{"start":{"line":362,"column":12},"end":{"line":362,"column":60}},"type":"binary-expr","locations":[{"start":{"line":362,"column":13},"end":{"line":362,"column":37}},{"start":{"line":362,"column":42},"end":{"line":362,"column":60}}]},"30":{"loc":{"start":{"line":364,"column":8},"end":{"line":365,"column":25}},"type":"if","locations":[{"start":{"line":364,"column":8},"end":{"line":365,"column":25}},{"start":{"line":364,"column":8},"end":{"line":365,"column":25}}]},"31":{"loc":{"start":{"line":364,"column":12},"end":{"line":364,"column":59}},"type":"binary-expr","locations":[{"start":{"line":364,"column":13},"end":{"line":364,"column":36}},{"start":{"line":364,"column":41},"end":{"line":364,"column":59}}]},"32":{"loc":{"start":{"line":367,"column":8},"end":{"line":368,"column":25}},"type":"if","locations":[{"start":{"line":367,"column":8},"end":{"line":368,"column":25}},{"start":{"line":367,"column":8},"end":{"line":368,"column":25}}]},"33":{"loc":{"start":{"line":367,"column":12},"end":{"line":367,"column":63}},"type":"binary-expr","locations":[{"start":{"line":367,"column":13},"end":{"line":367,"column":37}},{"start":{"line":367,"column":42},"end":{"line":367,"column":63}}]},"34":{"loc":{"start":{"line":371,"column":12},"end":{"line":373,"column":13}},"type":"if","locations":[{"start":{"line":371,"column":12},"end":{"line":373,"column":13}},{"start":{"line":371,"column":12},"end":{"line":373,"column":13}}]},"35":{"loc":{"start":{"line":375,"column":8},"end":{"line":381,"column":9}},"type":"if","locations":[{"start":{"line":375,"column":8},"end":{"line":381,"column":9}},{"start":{"line":375,"column":8},"end":{"line":381,"column":9}}]},"36":{"loc":{"start":{"line":377,"column":12},"end":{"line":378,"column":29}},"type":"if","locations":[{"start":{"line":377,"column":12},"end":{"line":378,"column":29}},{"start":{"line":377,"column":12},"end":{"line":378,"column":29}}]},"37":{"loc":{"start":{"line":379,"column":12},"end":{"line":380,"column":29}},"type":"if","locations":[{"start":{"line":379,"column":12},"end":{"line":380,"column":29}},{"start":{"line":379,"column":12},"end":{"line":380,"column":29}}]},"38":{"loc":{"start":{"line":382,"column":8},"end":{"line":383,"column":25}},"type":"if","locations":[{"start":{"line":382,"column":8},"end":{"line":383,"column":25}},{"start":{"line":382,"column":8},"end":{"line":383,"column":25}}]},"39":{"loc":{"start":{"line":388,"column":15},"end":{"line":388,"column":55}},"type":"binary-expr","locations":[{"start":{"line":388,"column":15},"end":{"line":388,"column":33}},{"start":{"line":388,"column":37},"end":{"line":388,"column":55}}]},"40":{"loc":{"start":{"line":391,"column":8},"end":{"line":392,"column":25}},"type":"if","locations":[{"start":{"line":391,"column":8},"end":{"line":392,"column":25}},{"start":{"line":391,"column":8},"end":{"line":392,"column":25}}]},"41":{"loc":{"start":{"line":393,"column":15},"end":{"line":393,"column":115}},"type":"binary-expr","locations":[{"start":{"line":393,"column":16},"end":{"line":393,"column":35}},{"start":{"line":393,"column":41},"end":{"line":393,"column":61}},{"start":{"line":393,"column":67},"end":{"line":393,"column":87}},{"start":{"line":393,"column":93},"end":{"line":393,"column":114}}]},"42":{"loc":{"start":{"line":396,"column":8},"end":{"line":397,"column":25}},"type":"if","locations":[{"start":{"line":396,"column":8},"end":{"line":397,"column":25}},{"start":{"line":396,"column":8},"end":{"line":397,"column":25}}]},"43":{"loc":{"start":{"line":398,"column":15},"end":{"line":398,"column":146}},"type":"binary-expr","locations":[{"start":{"line":398,"column":16},"end":{"line":398,"column":36}},{"start":{"line":398,"column":42},"end":{"line":398,"column":60}},{"start":{"line":398,"column":66},"end":{"line":398,"column":92}},{"start":{"line":398,"column":98},"end":{"line":398,"column":119}},{"start":{"line":398,"column":125},"end":{"line":398,"column":145}}]},"44":{"loc":{"start":{"line":402,"column":8},"end":{"line":404,"column":9}},"type":"if","locations":[{"start":{"line":402,"column":8},"end":{"line":404,"column":9}},{"start":{"line":402,"column":8},"end":{"line":404,"column":9}}]},"45":{"loc":{"start":{"line":405,"column":8},"end":{"line":406,"column":25}},"type":"if","locations":[{"start":{"line":405,"column":8},"end":{"line":406,"column":25}},{"start":{"line":405,"column":8},"end":{"line":406,"column":25}}]},"46":{"loc":{"start":{"line":408,"column":8},"end":{"line":418,"column":9}},"type":"if","locations":[{"start":{"line":408,"column":8},"end":{"line":418,"column":9}},{"start":{"line":408,"column":8},"end":{"line":418,"column":9}}]},"47":{"loc":{"start":{"line":408,"column":12},"end":{"line":408,"column":41}},"type":"binary-expr","locations":[{"start":{"line":408,"column":12},"end":{"line":408,"column":25}},{"start":{"line":408,"column":29},"end":{"line":408,"column":41}}]},"48":{"loc":{"start":{"line":410,"column":12},"end":{"line":411,"column":29}},"type":"if","locations":[{"start":{"line":410,"column":12},"end":{"line":411,"column":29}},{"start":{"line":410,"column":12},"end":{"line":411,"column":29}}]},"49":{"loc":{"start":{"line":410,"column":16},"end":{"line":410,"column":67}},"type":"binary-expr","locations":[{"start":{"line":410,"column":17},"end":{"line":410,"column":42}},{"start":{"line":410,"column":47},"end":{"line":410,"column":67}}]},"50":{"loc":{"start":{"line":414,"column":16},"end":{"line":415,"column":33}},"type":"if","locations":[{"start":{"line":414,"column":16},"end":{"line":415,"column":33}},{"start":{"line":414,"column":16},"end":{"line":415,"column":33}}]},"51":{"loc":{"start":{"line":419,"column":8},"end":{"line":427,"column":9}},"type":"if","locations":[{"start":{"line":419,"column":8},"end":{"line":427,"column":9}},{"start":{"line":419,"column":8},"end":{"line":427,"column":9}}]},"52":{"loc":{"start":{"line":419,"column":12},"end":{"line":419,"column":56}},"type":"binary-expr","locations":[{"start":{"line":419,"column":12},"end":{"line":419,"column":24}},{"start":{"line":419,"column":28},"end":{"line":419,"column":40}},{"start":{"line":419,"column":44},"end":{"line":419,"column":56}}]},"53":{"loc":{"start":{"line":421,"column":12},"end":{"line":422,"column":29}},"type":"if","locations":[{"start":{"line":421,"column":12},"end":{"line":422,"column":29}},{"start":{"line":421,"column":12},"end":{"line":422,"column":29}}]},"54":{"loc":{"start":{"line":424,"column":12},"end":{"line":425,"column":29}},"type":"if","locations":[{"start":{"line":424,"column":12},"end":{"line":425,"column":29}},{"start":{"line":424,"column":12},"end":{"line":425,"column":29}}]},"55":{"loc":{"start":{"line":426,"column":19},"end":{"line":426,"column":87}},"type":"binary-expr","locations":[{"start":{"line":426,"column":19},"end":{"line":426,"column":42}},{"start":{"line":426,"column":47},"end":{"line":426,"column":86}}]},"56":{"loc":{"start":{"line":428,"column":8},"end":{"line":430,"column":9}},"type":"if","locations":[{"start":{"line":428,"column":8},"end":{"line":430,"column":9}},{"start":{"line":428,"column":8},"end":{"line":430,"column":9}}]},"57":{"loc":{"start":{"line":431,"column":8},"end":{"line":439,"column":9}},"type":"if","locations":[{"start":{"line":431,"column":8},"end":{"line":439,"column":9}},{"start":{"line":431,"column":8},"end":{"line":439,"column":9}}]},"58":{"loc":{"start":{"line":433,"column":12},"end":{"line":434,"column":29}},"type":"if","locations":[{"start":{"line":433,"column":12},"end":{"line":434,"column":29}},{"start":{"line":433,"column":12},"end":{"line":434,"column":29}}]},"59":{"loc":{"start":{"line":436,"column":12},"end":{"line":437,"column":29}},"type":"if","locations":[{"start":{"line":436,"column":12},"end":{"line":437,"column":29}},{"start":{"line":436,"column":12},"end":{"line":437,"column":29}}]},"60":{"loc":{"start":{"line":438,"column":19},"end":{"line":438,"column":87}},"type":"binary-expr","locations":[{"start":{"line":438,"column":19},"end":{"line":438,"column":42}},{"start":{"line":438,"column":47},"end":{"line":438,"column":86}}]},"61":{"loc":{"start":{"line":444,"column":8},"end":{"line":448,"column":9}},"type":"if","locations":[{"start":{"line":444,"column":8},"end":{"line":448,"column":9}},{"start":{"line":444,"column":8},"end":{"line":448,"column":9}}]},"62":{"loc":{"start":{"line":449,"column":8},"end":{"line":453,"column":9}},"type":"if","locations":[{"start":{"line":449,"column":8},"end":{"line":453,"column":9}},{"start":{"line":449,"column":8},"end":{"line":453,"column":9}}]},"63":{"loc":{"start":{"line":454,"column":8},"end":{"line":458,"column":9}},"type":"if","locations":[{"start":{"line":454,"column":8},"end":{"line":458,"column":9}},{"start":{"line":454,"column":8},"end":{"line":458,"column":9}}]},"64":{"loc":{"start":{"line":459,"column":8},"end":{"line":500,"column":9}},"type":"if","locations":[{"start":{"line":459,"column":8},"end":{"line":500,"column":9}},{"start":{"line":459,"column":8},"end":{"line":500,"column":9}}]},"65":{"loc":{"start":{"line":462,"column":12},"end":{"line":463,"column":29}},"type":"if","locations":[{"start":{"line":462,"column":12},"end":{"line":463,"column":29}},{"start":{"line":462,"column":12},"end":{"line":463,"column":29}}]},"66":{"loc":{"start":{"line":462,"column":16},"end":{"line":462,"column":50}},"type":"binary-expr","locations":[{"start":{"line":462,"column":16},"end":{"line":462,"column":32}},{"start":{"line":462,"column":36},"end":{"line":462,"column":50}}]},"67":{"loc":{"start":{"line":464,"column":12},"end":{"line":465,"column":28}},"type":"if","locations":[{"start":{"line":464,"column":12},"end":{"line":465,"column":28}},{"start":{"line":464,"column":12},"end":{"line":465,"column":28}}]},"68":{"loc":{"start":{"line":464,"column":16},"end":{"line":464,"column":68}},"type":"binary-expr","locations":[{"start":{"line":464,"column":16},"end":{"line":464,"column":32}},{"start":{"line":464,"column":36},"end":{"line":464,"column":50}},{"start":{"line":464,"column":54},"end":{"line":464,"column":68}}]},"69":{"loc":{"start":{"line":466,"column":12},"end":{"line":469,"column":13}},"type":"if","locations":[{"start":{"line":466,"column":12},"end":{"line":469,"column":13}},{"start":{"line":466,"column":12},"end":{"line":469,"column":13}}]},"70":{"loc":{"start":{"line":466,"column":16},"end":{"line":466,"column":61}},"type":"binary-expr","locations":[{"start":{"line":466,"column":16},"end":{"line":466,"column":30}},{"start":{"line":466,"column":34},"end":{"line":466,"column":61}}]},"71":{"loc":{"start":{"line":470,"column":12},"end":{"line":475,"column":13}},"type":"if","locations":[{"start":{"line":470,"column":12},"end":{"line":475,"column":13}},{"start":{"line":470,"column":12},"end":{"line":475,"column":13}}]},"72":{"loc":{"start":{"line":470,"column":16},"end":{"line":470,"column":61}},"type":"binary-expr","locations":[{"start":{"line":470,"column":16},"end":{"line":470,"column":30}},{"start":{"line":470,"column":34},"end":{"line":470,"column":61}}]},"73":{"loc":{"start":{"line":472,"column":16},"end":{"line":473,"column":33}},"type":"if","locations":[{"start":{"line":472,"column":16},"end":{"line":473,"column":33}},{"start":{"line":472,"column":16},"end":{"line":473,"column":33}}]},"74":{"loc":{"start":{"line":476,"column":12},"end":{"line":479,"column":13}},"type":"if","locations":[{"start":{"line":476,"column":12},"end":{"line":479,"column":13}},{"start":{"line":476,"column":12},"end":{"line":479,"column":13}}]},"75":{"loc":{"start":{"line":476,"column":16},"end":{"line":476,"column":61}},"type":"binary-expr","locations":[{"start":{"line":476,"column":16},"end":{"line":476,"column":30}},{"start":{"line":476,"column":34},"end":{"line":476,"column":61}}]},"76":{"loc":{"start":{"line":483,"column":12},"end":{"line":485,"column":13}},"type":"if","locations":[{"start":{"line":483,"column":12},"end":{"line":485,"column":13}},{"start":{"line":483,"column":12},"end":{"line":485,"column":13}}]},"77":{"loc":{"start":{"line":486,"column":12},"end":{"line":492,"column":13}},"type":"if","locations":[{"start":{"line":486,"column":12},"end":{"line":492,"column":13}},{"start":{"line":486,"column":12},"end":{"line":492,"column":13}}]},"78":{"loc":{"start":{"line":489,"column":29},"end":{"line":489,"column":64}},"type":"binary-expr","locations":[{"start":{"line":489,"column":29},"end":{"line":489,"column":35}},{"start":{"line":489,"column":39},"end":{"line":489,"column":64}}]},"79":{"loc":{"start":{"line":493,"column":12},"end":{"line":499,"column":13}},"type":"if","locations":[{"start":{"line":493,"column":12},"end":{"line":499,"column":13}},{"start":{"line":493,"column":12},"end":{"line":499,"column":13}}]},"80":{"loc":{"start":{"line":496,"column":29},"end":{"line":496,"column":64}},"type":"binary-expr","locations":[{"start":{"line":496,"column":29},"end":{"line":496,"column":35}},{"start":{"line":496,"column":39},"end":{"line":496,"column":64}}]},"81":{"loc":{"start":{"line":504,"column":8},"end":{"line":505,"column":25}},"type":"if","locations":[{"start":{"line":504,"column":8},"end":{"line":505,"column":25}},{"start":{"line":504,"column":8},"end":{"line":505,"column":25}}]},"82":{"loc":{"start":{"line":504,"column":12},"end":{"line":504,"column":42}},"type":"binary-expr","locations":[{"start":{"line":504,"column":12},"end":{"line":504,"column":26}},{"start":{"line":504,"column":30},"end":{"line":504,"column":42}}]},"83":{"loc":{"start":{"line":507,"column":8},"end":{"line":508,"column":25}},"type":"if","locations":[{"start":{"line":507,"column":8},"end":{"line":508,"column":25}},{"start":{"line":507,"column":8},"end":{"line":508,"column":25}}]},"84":{"loc":{"start":{"line":507,"column":12},"end":{"line":507,"column":89}},"type":"binary-expr","locations":[{"start":{"line":507,"column":12},"end":{"line":507,"column":29}},{"start":{"line":507,"column":34},"end":{"line":507,"column":57}},{"start":{"line":507,"column":63},"end":{"line":507,"column":88}}]},"85":{"loc":{"start":{"line":512,"column":8},"end":{"line":513,"column":25}},"type":"if","locations":[{"start":{"line":512,"column":8},"end":{"line":513,"column":25}},{"start":{"line":512,"column":8},"end":{"line":513,"column":25}}]},"86":{"loc":{"start":{"line":514,"column":8},"end":{"line":515,"column":25}},"type":"if","locations":[{"start":{"line":514,"column":8},"end":{"line":515,"column":25}},{"start":{"line":514,"column":8},"end":{"line":515,"column":25}}]},"87":{"loc":{"start":{"line":514,"column":12},"end":{"line":514,"column":60}},"type":"binary-expr","locations":[{"start":{"line":514,"column":13},"end":{"line":514,"column":37}},{"start":{"line":514,"column":42},"end":{"line":514,"column":60}}]},"88":{"loc":{"start":{"line":516,"column":8},"end":{"line":517,"column":25}},"type":"if","locations":[{"start":{"line":516,"column":8},"end":{"line":517,"column":25}},{"start":{"line":516,"column":8},"end":{"line":517,"column":25}}]},"89":{"loc":{"start":{"line":516,"column":12},"end":{"line":516,"column":59}},"type":"binary-expr","locations":[{"start":{"line":516,"column":13},"end":{"line":516,"column":36}},{"start":{"line":516,"column":41},"end":{"line":516,"column":59}}]},"90":{"loc":{"start":{"line":519,"column":8},"end":{"line":520,"column":25}},"type":"if","locations":[{"start":{"line":519,"column":8},"end":{"line":520,"column":25}},{"start":{"line":519,"column":8},"end":{"line":520,"column":25}}]},"91":{"loc":{"start":{"line":519,"column":12},"end":{"line":519,"column":63}},"type":"binary-expr","locations":[{"start":{"line":519,"column":13},"end":{"line":519,"column":37}},{"start":{"line":519,"
[...]
6,"column":5}}},"57":{"name":"(anonymous_57)","decl":{"start":{"line":369,"column":16},"end":{"line":369,"column":17}},"loc":{"start":{"line":369,"column":34},"end":{"line":372,"column":9}}},"58":{"name":"(anonymous_58)","decl":{"start":{"line":372,"column":17},"end":{"line":372,"column":18}},"loc":{"start":{"line":372,"column":32},"end":{"line":375,"column":9}}},"59":{"name":"(anonymous_59)","decl":{"start":{"line":377,"column":32},"end":{"line":377,"column":33}},"loc":{"start":{"line":377,"column":44},"end":{"line":396,"column":5}}},"60":{"name":"(anonymous_60)","decl":{"start":{"line":389,"column":16},"end":{"line":389,"column":17}},"loc":{"start":{"line":389,"column":34},"end":{"line":392,"column":9}}},"61":{"name":"(anonymous_61)","decl":{"start":{"line":392,"column":17},"end":{"line":392,"column":18}},"loc":{"start":{"line":392,"column":32},"end":{"line":395,"column":9}}},"62":{"name":"(anonymous_62)","decl":{"start":{"line":397,"column":32},"end":{"line":397,"column":33}},"loc":{"start":{"line":397,"column":44},"end":{"line":416,"column":5}}},"63":{"name":"(anonymous_63)","decl":{"start":{"line":409,"column":16},"end":{"line":409,"column":17}},"loc":{"start":{"line":409,"column":34},"end":{"line":412,"column":9}}},"64":{"name":"(anonymous_64)","decl":{"start":{"line":412,"column":17},"end":{"line":412,"column":18}},"loc":{"start":{"line":412,"column":32},"end":{"line":415,"column":9}}},"65":{"name":"(anonymous_65)","decl":{"start":{"line":417,"column":32},"end":{"line":417,"column":33}},"loc":{"start":{"line":417,"column":44},"end":{"line":436,"column":5}}},"66":{"name":"(anonymous_66)","decl":{"start":{"line":429,"column":16},"end":{"line":429,"column":17}},"loc":{"start":{"line":429,"column":34},"end":{"line":432,"column":9}}},"67":{"name":"(anonymous_67)","decl":{"start":{"line":432,"column":17},"end":{"line":432,"column":18}},"loc":{"start":{"line":432,"column":32},"end":{"line":435,"column":9}}},"68":{"name":"(anonymous_68)","decl":{"start":{"line":437,"column":32},"end":{"line":437,"column":33}},"loc":{"start":{"line":437,"column":44},"end":{"line":456,"column":5}}},"69":{"name":"(anonymous_69)","decl":{"start":{"line":449,"column":16},"end":{"line":449,"column":17}},"loc":{"start":{"line":449,"column":34},"end":{"line":452,"column":9}}},"70":{"name":"(anonymous_70)","decl":{"start":{"line":452,"column":17},"end":{"line":452,"column":18}},"loc":{"start":{"line":452,"column":32},"end":{"line":455,"column":9}}},"71":{"name":"(anonymous_71)","decl":{"start":{"line":457,"column":36},"end":{"line":457,"column":37}},"loc":{"start":{"line":457,"column":48},"end":{"line":476,"column":5}}},"72":{"name":"(anonymous_72)","decl":{"start":{"line":469,"column":16},"end":{"line":469,"column":17}},"loc":{"start":{"line":469,"column":34},"end":{"line":472,"column":9}}},"73":{"name":"(anonymous_73)","decl":{"start":{"line":472,"column":17},"end":{"line":472,"column":18}},"loc":{"start":{"line":472,"column":32},"end":{"line":475,"column":9}}},"74":{"name":"(anonymous_74)","decl":{"start":{"line":477,"column":30},"end":{"line":477,"column":31}},"loc":{"start":{"line":477,"column":42},"end":{"line":499,"column":5}}},"75":{"name":"(anonymous_75)","decl":{"start":{"line":490,"column":16},"end":{"line":490,"column":17}},"loc":{"start":{"line":490,"column":34},"end":{"line":495,"column":9}}},"76":{"name":"(anonymous_76)","decl":{"start":{"line":495,"column":17},"end":{"line":495,"column":18}},"loc":{"start":{"line":495,"column":32},"end":{"line":498,"column":9}}},"77":{"name":"(anonymous_77)","decl":{"start":{"line":500,"column":31},"end":{"line":500,"column":32}},"loc":{"start":{"line":500,"column":43},"end":{"line":545,"column":5}}},"78":{"name":"(anonymous_78)","decl":{"start":{"line":523,"column":16},"end":{"line":523,"column":17}},"loc":{"start":{"line":523,"column":34},"end":{"line":541,"column":9}}},"79":{"name":"(anonymous_79)","decl":{"start":{"line":541,"column":17},"end":{"line":541,"column":18}},"loc":{"start":{"line":541,"column":32},"end":{"line":544,"column":9}}},"80":{"name":"(anonymous_80)","decl":{"start":{"line":546,"column":31},"end":{"line":546,"column":32}},"loc":{"start":{"line":546,"column":43},"end":{"line":589,"column":5}}},"81":{"name":"(anonymous_81)","decl":{"start":{"line":575,"column":16},"end":{"line":575,"column":17}},"loc":{"start":{"line":575,"column":34},"end":{"line":585,"column":9}}},"82":{"name":"(anonymous_82)","decl":{"start":{"line":585,"column":17},"end":{"line":585,"column":18}},"loc":{"start":{"line":585,"column":32},"end":{"line":588,"column":9}}},"83":{"name":"(anonymous_83)","decl":{"start":{"line":590,"column":31},"end":{"line":590,"column":32}},"loc":{"start":{"line":590,"column":43},"end":{"line":634,"column":5}}},"84":{"name":"(anonymous_84)","decl":{"start":{"line":619,"column":16},"end":{"line":619,"column":17}},"loc":{"start":{"line":619,"column":34},"end":{"line":630,"column":9}}},"85":{"name":"(anonymous_85)","decl":{"start":{"line":630,"column":17},"end":{"line":630,"column":18}},"loc":{"start":{"line":630,"column":32},"end":{"line":633,"column":9}}},"86":{"name":"(anonymous_86)","decl":{"start":{"line":635,"column":25},"end":{"line":635,"column":26}},"loc":{"start":{"line":635,"column":37},"end":{"line":665,"column":5}}},"87":{"name":"(anonymous_87)","decl":{"start":{"line":648,"column":16},"end":{"line":648,"column":17}},"loc":{"start":{"line":648,"column":34},"end":{"line":661,"column":9}}},"88":{"name":"(anonymous_88)","decl":{"start":{"line":661,"column":17},"end":{"line":661,"column":18}},"loc":{"start":{"line":661,"column":32},"end":{"line":664,"column":9}}},"89":{"name":"(anonymous_89)","decl":{"start":{"line":666,"column":24},"end":{"line":666,"column":25}},"loc":{"start":{"line":666,"column":36},"end":{"line":768,"column":5}}},"90":{"name":"(anonymous_90)","decl":{"start":{"line":703,"column":16},"end":{"line":703,"column":17}},"loc":{"start":{"line":703,"column":34},"end":{"line":764,"column":9}}},"91":{"name":"(anonymous_91)","decl":{"start":{"line":764,"column":17},"end":{"line":764,"column":18}},"loc":{"start":{"line":764,"column":32},"end":{"line":767,"column":9}}},"92":{"name":"(anonymous_92)","decl":{"start":{"line":769,"column":18},"end":{"line":769,"column":19}},"loc":{"start":{"line":769,"column":30},"end":{"line":800,"column":5}}},"93":{"name":"(anonymous_93)","decl":{"start":{"line":785,"column":16},"end":{"line":785,"column":17}},"loc":{"start":{"line":785,"column":34},"end":{"line":796,"column":9}}},"94":{"name":"(anonymous_94)","decl":{"start":{"line":796,"column":17},"end":{"line":796,"column":18}},"loc":{"start":{"line":796,"column":32},"end":{"line":799,"column":9}}},"95":{"name":"(anonymous_95)","decl":{"start":{"line":801,"column":16},"end":{"line":801,"column":17}},"loc":{"start":{"line":801,"column":28},"end":{"line":899,"column":5}}},"96":{"name":"(anonymous_96)","decl":{"start":{"line":834,"column":16},"end":{"line":834,"column":17}},"loc":{"start":{"line":834,"column":34},"end":{"line":895,"column":9}}},"97":{"name":"(anonymous_97)","decl":{"start":{"line":895,"column":17},"end":{"line":895,"column":18}},"loc":{"start":{"line":895,"column":32},"end":{"line":898,"column":9}}},"98":{"name":"(anonymous_98)","decl":{"start":{"line":900,"column":16},"end":{"line":900,"column":17}},"loc":{"start":{"line":900,"column":28},"end":{"line":971,"column":5}}},"99":{"name":"(anonymous_99)","decl":{"start":{"line":914,"column":16},"end":{"line":914,"column":17}},"loc":{"start":{"line":914,"column":34},"end":{"line":967,"column":9}}},"100":{"name":"(anonymous_100)","decl":{"start":{"line":967,"column":17},"end":{"line":967,"column":18}},"loc":{"start":{"line":967,"column":32},"end":{"line":970,"column":9}}},"101":{"name":"(anonymous_101)","decl":{"start":{"line":972,"column":33},"end":{"line":972,"column":34}},"loc":{"start":{"line":972,"column":45},"end":{"line":991,"column":5}}},"102":{"name":"(anonymous_102)","decl":{"start":{"line":984,"column":16},"end":{"line":984,"column":17}},"loc":{"start":{"line":984,"column":34},"end":{"line":987,"column":9}}},"103":{"name":"(anonymous_103)","decl":{"start":{"line":987,"column":17},"end":{"line":987,"column":18}},"loc":{"start":{"line":987,"column":32},"end":{"line":990,"column":9}}},"104":{"name":"(anonymous_104)","decl":{"start":{"line":992,"column":33},"end":{"line":992,"column":34}},"loc":{"start":{"line":992,"column":45},"end":{"line":1011,"column":5}}},"105":{"name":"(anonymous_105)","decl":{"start":{"line":1004,"column":16},"end":{"line":1004,"column":17}},"loc":{"start":{"line":1004,"column":34},"end":{"line":1007,"column":9}}},"106":{"name":"(anonymous_106)","decl":{"start":{"line":1007,"column":17},"end":{"line":1007,"column":18}},"loc":{"start":{"line":1007,"column":32},"end":{"line":1010,"column":9}}},"107":{"name":"(anonymous_107)","decl":{"start":{"line":1012,"column":33},"end":{"line":1012,"column":34}},"loc":{"start":{"line":1012,"column":45},"end":{"line":1031,"column":5}}},"108":{"name":"(anonymous_108)","decl":{"start":{"line":1024,"column":16},"end":{"line":1024,"column":17}},"loc":{"start":{"line":1024,"column":34},"end":{"line":1027,"column":9}}},"109":{"name":"(anonymous_109)","decl":{"start":{"line":1027,"column":17},"end":{"line":1027,"column":18}},"loc":{"start":{"line":1027,"column":32},"end":{"line":1030,"column":9}}},"110":{"name":"(anonymous_110)","decl":{"start":{"line":1032,"column":33},"end":{"line":1032,"column":34}},"loc":{"start":{"line":1032,"column":45},"end":{"line":1051,"column":5}}},"111":{"name":"(anonymous_111)","decl":{"start":{"line":1044,"column":16},"end":{"line":1044,"column":17}},"loc":{"start":{"line":1044,"column":34},"end":{"line":1047,"column":9}}},"112":{"name":"(anonymous_112)","decl":{"start":{"line":1047,"column":17},"end":{"line":1047,"column":18}},"loc":{"start":{"line":1047,"column":32},"end":{"line":1050,"column":9}}},"113":{"name":"(anonymous_113)","decl":{"start":{"line":1052,"column":37},"end":{"line":1052,"column":38}},"loc":{"start":{"line":1052,"column":49},"end":{"line":1071,"column":5}}},"114":{"name":"(anonymous_114)","decl":{"start":{"line":1064,"column":16},"end":{"line":1064,"column":17}},"loc":{"start":{"line":1064,"column":34},"end":{"line":1067,"column":9}}},"115":{"name":"(anonymous_115)","decl":{"start":{"line":1067,"column":17},"end":{"line":1067,"column":18}},"loc":{"start":{"line":1067,"column":32},"end":{"line":1070,"column":9}}},"116":{"name":"(anonymous_116)","decl":{"start":{"line":1072,"column":26},"end":{"line":1072,"column":27}},"loc":{"start":{"line":1072,"column":38},"end":{"line":1097,"column":5}}},"117":{"name":"(anonymous_117)","decl":{"start":{"line":1084,"column":16},"end":{"line":1084,"column":17}},"loc":{"start":{"line":1084,"column":34},"end":{"line":1093,"column":9}}},"118":{"name":"(anonymous_118)","decl":{"start":{"line":1093,"column":17},"end":{"line":1093,"column":18}},"loc":{"start":{"line":1093,"column":32},"end":{"line":1096,"column":9}}},"119":{"name":"(anonymous_119)","decl":{"start":{"line":1098,"column":25},"end":{"line":1098,"column":26}},"loc":{"start":{"line":1098,"column":37},"end":{"line":1122,"column":5}}},"120":{"name":"(anonymous_120)","decl":{"start":{"line":1110,"column":16},"end":{"line":1110,"column":17}},"loc":{"start":{"line":1110,"column":34},"end":{"line":1118,"column":9}}},"121":{"name":"(anonymous_121)","decl":{"start":{"line":1118,"column":17},"end":{"line":1118,"column":18}},"loc":{"start":{"line":1118,"column":32},"end":{"line":1121,"column":9}}},"122":{"name":"(anonymous_122)","decl":{"start":{"line":1123,"column":19},"end":{"line":1123,"column":20}},"loc":{"start":{"line":1123,"column":31},"end":{"line":1151,"column":5}}},"123":{"name":"(anonymous_123)","decl":{"start":{"line":1138,"column":16},"end":{"line":1138,"column":17}},"loc":{"start":{"line":1138,"column":34},"end":{"line":1147,"column":9}}},"124":{"name":"(anonymous_124)","decl":{"start":{"line":1147,"column":17},"end":{"line":1147,"column":18}},"loc":{"start":{"line":1147,"column":32},"end":{"line":1150,"column":9}}},"125":{"name":"(anonymous_125)","decl":{"start":{"line":1152,"column":17},"end":{"line":1152,"column":18}},"loc":{"start":{"line":1152,"column":29},"end":{"line":1252,"column":5}}},"126":{"name":"(anonymous_126)","decl":{"start":{"line":1164,"column":16},"end":{"line":1164,"column":17}},"loc":{"start":{"line":1164,"column":34},"end":{"line":1248,"column":9}}},"127":{"name":"(anonymous_127)","decl":{"start":{"line":1248,"column":17},"end":{"line":1248,"column":18}},"loc":{"start":{"line":1248,"column":32},"end":{"line":1251,"column":9}}},"128":{"name":"(anonymous_128)","decl":{"start":{"line":1253,"column":17},"end":{"line":1253,"column":18}},"loc":{"start":{"line":1253,"column":29},"end":{"line":1286,"column":5}}},"129":{"name":"(anonymous_129)","decl":{"start":{"line":1266,"column":16},"end":{"line":1266,"column":17}},"loc":{"start":{"line":1266,"column":34},"end":{"line":1282,"column":9}}},"130":{"name":"(anonymous_130)","decl":{"start":{"line":1282,"column":17},"end":{"line":1282,"column":18}},"loc":{"start":{"line":1282,"column":32},"end":{"line":1285,"column":9}}},"131":{"name":"(anonymous_131)","decl":{"start":{"line":1287,"column":29},"end":{"line":1287,"column":30}},"loc":{"start":{"line":1287,"column":41},"end":{"line":1294,"column":5}}},"132":{"name":"(anonymous_132)","decl":{"start":{"line":1288,"column":41},"end":{"line":1288,"column":42}},"loc":{"start":{"line":1288,"column":57},"end":{"line":1291,"column":9}}},"133":{"name":"(anonymous_133)","decl":{"start":{"line":1291,"column":17},"end":{"line":1291,"column":18}},"loc":{"start":{"line":1291,"column":32},"end":{"line":1293,"column":9}}},"134":{"name":"(anonymous_134)","decl":{"start":{"line":1295,"column":40},"end":{"line":1295,"column":41}},"loc":{"start":{"line":1295,"column":52},"end":{"line":1302,"column":5}}},"135":{"name":"(anonymous_135)","decl":{"start":{"line":1296,"column":40},"end":{"line":1296,"column":41}},"loc":{"start":{"line":1296,"column":56},"end":{"line":1298,"column":9}}},"136":{"name":"(anonymous_136)","decl":{"start":{"line":1298,"column":17},"end":{"line":1298,"column":18}},"loc":{"start":{"line":1298,"column":32},"end":{"line":1301,"column":9}}},"137":{"name":"(anonymous_137)","decl":{"start":{"line":1303,"column":34},"end":{"line":1303,"column":35}},"loc":{"start":{"line":1303,"column":46},"end":{"line":1310,"column":5}}},"138":{"name":"(anonymous_138)","decl":{"start":{"line":1304,"column":41},"end":{"line":1304,"column":42}},"loc":{"start":{"line":1304,"column":57},"end":{"line":1306,"column":9}}},"139":{"name":"(anonymous_139)","decl":{"start":{"line":1306,"column":17},"end":{"line":1306,"column":18}},"loc":{"start":{"line":1306,"column":32},"end":{"line":1309,"column":9}}},"140":{"name":"(anonymous_140)","decl":{"start":{"line":1311,"column":29},"end":{"line":1311,"column":30}},"loc":{"start":{"line":1311,"column":41},"end":{"line":1318,"column":5}}},"141":{"name":"(anonymous_141)","decl":{"start":{"line":1312,"column":39},"end":{"line":1312,"column":40}},"loc":{"start":{"line":1312,"column":55},"end":{"line":1315,"column":9}}},"142":{"name":"(anonymous_142)","decl":{"start":{"line":1315,"column":17},"end":{"line":1315,"column":18}},"loc":{"start":{"line":1315,"column":32},"end":{"line":1317,"column":9}}},"143":{"name":"(anonymous_143)","decl":{"start":{"line":1319,"column":40},"end":{"line":1319,"column":41}},"loc":{"start":{"line":1319,"column":52},"end":{"line":1326,"column":5}}},"144":{"name":"(anonymous_144)","decl":{"start":{"line":1320,"column":38},"end":{"line":1320,"column":39}},"loc":{"start":{"line":1320,"column":54},"end":{"line":1322,"column":9}}},"145":{"name":"(anonymous_145)","decl":{"start":{"line":1322,"column":17},"end":{"line":1322,"column":18}},"loc":{"start":{"line":1322,"column":32},"end":{"line":1325,"column":9}}},"146":{"name":"(anonymous_146)","decl":{"start":{"line":1327,"column":34},"end":{"line":1327,"column":35}},"loc":{"start":{"line":1327,"column":46},"end":{"line":1334,"column":5}}},"147":{"name":"(anonymous_147)","decl":{"start":{"line":1328,"column":39},"end":{"line":1328,"column":40}},"loc":{"start":{"line":1328,"column":55},"end":{"line":1330,"column":9}}},"148":{"name":"(anonymous_148)","decl":{"start":{"line":1330,"column":17},"end":{"line":1330,"column":18}},"loc":{"start":{"line":1330,"column":32},"end":{"line":1333,"column":9}}}},"branchMap":{},"s":{"0":1,"1":1,"2":1,"3":1,"4":1,"5":1,"6":1,"7":49,"8":1,"9":1,"10":0,"11":0,"12":1,"13":1,"14":1,"15":1,"16":0,"17":0,"18":1,"19":1,"20":1,"21":1,"22":0,"23":0,"24":1,"25":1,"26":1,"27":1,"28":0,"29":0,"30":1,"31":1,"32":1,"33":1,"34":0,"35":0,"36":1,"37":1,"38":1,"39":1,"40":0,"41":0,"42":1,"43":1,"44":1,"45":1,"46":0,"47":0,"48":1,"49":1,"50":1,"51":1,"52":0,"53":0,"54":1,"55":1,"56":1,"57":1,"58":0,"59":0,"60":1,"61":1,"62":1,"63":1,"64":0,"65":0,"66":1,"67":1,"68":1,"69":1,"70":0,"71":0,"72":1,"73":1,"74":1,"75":1,"76":0,"77":0,"78":1,"79":1,"80":1,"81":1,"82":0,"83":0,"84":1,"85":1,"86":1,"87":1,"88":0,"89":0,"90":1,"91":1,"92":1,"93":1,"94":0,"95":0,"96":1,"97":1,"98":1,"99":1,"100":0,"101":0,"102":1,"103":1,"104":1,"105":1,"106":0,"107":0,"108":1,"109":1,"110":1,"111":1,"112":0,"113":0,"114":1,"115":1,"116":1,"117":1,"118":0,"119":0,"120":1,"121":1,"122":1,"123":1,"124":0,"125":0,"126":1,"127":1,"128":1,"129":1,"130":0,"131":0,"132":1,"133":1,"134":1,"135":1,"136":0,"137":0,"138":1,"139":1,"140":1,"141":1,"142":0,"143":0,"144":1,"145":1,"146":1,"147":1,"148":0,"149":0,"150":1,"151":1,"152":1,"153":1,"154":1,"155":1,"156":0,"157":0,"158":1,"159":1,"160":1,"161":1,"162":0,"163":0,"164":1,"165":1,"166":1,"167":1,"168":1,"169":0,"170":0,"171":1,"172":1,"173":1,"174":1,"175":1,"176":0,"177":0,"178":1,"179":1,"180":1,"181":1,"182":0,"183":0,"184":1,"185":1,"186":1,"187":1,"188":0,"189":0,"190":1,"191":1,"192":1,"193":1,"194":0,"195":0,"196":1,"197":1,"198":1,"199":1,"200":1,"201":0,"202":0,"203":1,"204":1,"205":1,"206":1,"207":0,"208":0,"209":1,"210":1,"211":0,"212":0,"213":1,"214":1,"215":1,"216":1,"217":0,"218":0,"219":1,"220":1,"221":1,"222":1,"223":0,"224":0,"225":1,"226":1,"227":1,"228":1,"229":0,"230":0,"231":1,"232":1,"233":1,"234":1,"235":0,"236":0,"237":1,"238":1,"239":1,"240":1,"241":1,"242":1,"243":1,"244":1,"245":1,"246":1,"247":1,"248":1,"249":1,"250":1,"251":1,"252":1,"253":1,"254":1,"255":1,"256":1,"257":1,"258":1,"259":1,"260":1,"261":1,"262":1,"263":1,"264":1,"265":1,"266":1,"267":1,"268":1,"269":1,"270":1,"271":1,"272":0,"273":0,"274":1,"275":1,"276":1,"277":1,"278":0,"279":1,"280":1,"281":0,"282":1,"283":1,"284":1,"285":1,"286":0,"287":1,"288":1,"289":1,"290":1,"291":1,"292":1,"293":0,"294":1,"295":1,"296":0,"297":1,"298":1,"299":1,"300":1,"301":0,"302":1,"303":1},"f":{"0":1,"1":49,"2":1,"3":0,"4":1,"5":1,"6":0,"7":1,"8":1,"9":0,"10":1,"11":1,"12":0,"13":1,"14":1,"15":0,"16":1,"17":1,"18":0,"19":1,"20":1,"21":0,"22":1,"23":1,"24":0,"25":1,"26":1,"27":0,"28":1,"29":1,"30":0,"31":1,"32":1,"33":0,"34":1,"35":1,"36":0,"37":1,"38":1,"39":0,"40":1,"41":1,"42":0,"43":1,"44":1,"45":0,"46":1,"47":1,"48":0,"49":1,"50":1,"51":0,"52":1,"53":1,"54":0,"55":1,"56":1,"57":0,"58":1,"59":1,"60":0,"61":1,"62":1,"63":0,"64":1,"65":1,"66":0,"67":1,"68":1,"69":0,"70":1,"71":1,"72":0,"73":1,"74":1,"75":1,"76":0,"77":1,"78":1,"79":0,"80":1,"81":1,"82":0,"83":1,"84":1,"85":0,"86":1,"87":1,"88":0,"89":1,"90":1,"91":0,"92":1,"93":1,"94":0,"95":1,"96":1,"97":0,"98":1,"99":1,"100":0,"101":1,"102":0,"103":1,"104":1,"105":0,"106":1,"107":1,"108":0,"109":1,"110":1,"111":0,"112":1,"113":1,"114":0,"115":1,"116":1,"117":1,"118":1,"119":1,"120":1,"121":1,"122":1,"123":1,"124":1,"125":1,"126":1,"127":1,"128":1,"129":1,"130":0,"131":1,"132":1,"133":0,"134":1,"135":0,"136":1,"137":1,"138":0,"139":1,"140":1,"141":1,"142":0,"143":1,"144":0,"145":1,"146":1,"147":0,"148":1},"b":{},"_coverageSchema":"332fd63041d2c1bcb487cc26dd0d5f7d97098a6c","hash":"3aaa0194e9e02c7087e49f8c8e441b49893b65d7","contentHash":"0a9cd215e11c35410ead6094d5a3e9ec_10.1.2"}}