{"C:\\A  UBC Study\\a 2017\\310\\cpsc310_team70\\test\\EchoSpec.js":{"path":"C:\\A  UBC Study\\a 2017\\310\\cpsc310_team70\\test\\EchoSpec.js","statementMap":{"0":{"start":{"line":2,"column":9},"end":{"line":2,"column":22}},"1":{"start":{"line":3,"column":13},"end":{"line":3,"column":28}},"2":{"start":{"line":4,"column":22},"end":{"line":4,"column":64}},"3":{"start":{"line":5,"column":10},"end":{"line":5,"column":26}},"4":{"start":{"line":6,"column":13},"end":{"line":6,"column":30}},"5":{"start":{"line":7,"column":0},"end":{"line":53,"column":3}},"6":{"start":{"line":8,"column":4},"end":{"line":8,"column":24}},"7":{"start":{"line":10,"column":8},"end":{"line":10,"column":57}},"8":{"start":{"line":11,"column":8},"end":{"line":11,"column":57}},"9":{"start":{"line":12,"column":8},"end":{"line":12,"column":55}},"10":{"start":{"line":14,"column":13},"end":{"line":14,"column":17}},"11":{"start":{"line":15,"column":4},"end":{"line":17,"column":7}},"12":{"start":{"line":16,"column":8},"end":{"line":16,"column":43}},"13":{"start":{"line":18,"column":18},"end":{"line":18,"column":20}},"14":{"start":{"line":19,"column":4},"end":{"line":19,"column":69}},"15":{"start":{"line":20,"column":4},"end":{"line":20,"column":25}},"16":{"start":{"line":21,"column":4},"end":{"line":33,"column":7}},"17":{"start":{"line":22,"column":8},"end":{"line":32,"column":11}},"18":{"start":{"line":23,"column":26},"end":{"line":23,"column":28}},"19":{"start":{"line":24,"column":21},"end":{"line":24,"column":28}},"20":{"start":{"line":25,"column":22},"end":{"line":25,"column":31}},"21":{"start":{"line":26,"column":12},"end":{"line":26,"column":35}},"22":{"start":{"line":27,"column":12},"end":{"line":27,"column":31}},"23":{"start":{"line":28,"column":12},"end":{"line":28,"column":33}},"24":{"start":{"line":29,"column":12},"end":{"line":29,"column":35}},"25":{"start":{"line":31,"column":12},"end":{"line":31,"column":36}},"26":{"start":{"line":34,"column":4},"end":{"line":52,"column":7}},"27":{"start":{"line":35,"column":8},"end":{"line":51,"column":11}},"28":{"start":{"line":48,"column":12},"end":{"line":48,"column":41}},"29":{"start":{"line":50,"column":12},"end":{"line":50,"column":42}}},"fnMap":{"0":{"name":"(anonymous_0)","decl":{"start":{"line":7,"column":21},"end":{"line":7,"column":22}},"loc":{"start":{"line":7,"column":33},"end":{"line":53,"column":1}}},"1":{"name":"sanityCheck","decl":{"start":{"line":9,"column":13},"end":{"line":9,"column":24}},"loc":{"start":{"line":9,"column":35},"end":{"line":13,"column":5}}},"2":{"name":"(anonymous_2)","decl":{"start":{"line":15,"column":15},"end":{"line":15,"column":16}},"loc":{"start":{"line":15,"column":27},"end":{"line":17,"column":5}}},"3":{"name":"(anonymous_3)","decl":{"start":{"line":21,"column":15},"end":{"line":21,"column":16}},"loc":{"start":{"line":21,"column":27},"end":{"line":33,"column":5}}},"4":{"name":"(anonymous_4)","decl":{"start":{"line":22,"column":52},"end":{"line":22,"column":53}},"loc":{"start":{"line":22,"column":68},"end":{"line":30,"column":9}}},"5":{"name":"(anonymous_5)","decl":{"start":{"line":30,"column":17},"end":{"line":30,"column":18}},"loc":{"start":{"line":30,"column":32},"end":{"line":32,"column":9}}},"6":{"name":"(anonymous_6)","decl":{"start":{"line":34,"column":16},"end":{"line":34,"column":17}},"loc":{"start":{"line":34,"column":28},"end":{"line":52,"column":5}}},"7":{"name":"(anonymous_7)","decl":{"start":{"line":47,"column":16},"end":{"line":47,"column":17}},"loc":{"start":{"line":47,"column":32},"end":{"line":49,"column":9}}},"8":{"name":"(anonymous_8)","decl":{"start":{"line":49,"column":17},"end":{"line":49,"column":18}},"loc":{"start":{"line":49,"column":32},"end":{"line":51,"column":9}}}},"branchMap":{},"s":{"0":1,"1":1,"2":1,"3":1,"4":1,"5":1,"6":1,"7":0,"8":0,"9":0,"10":1,"11":1,"12":2,"13":1,"14":1,"15":1,"16":1,"17":1,"18":1,"19":1,"20":1,"21":1,"22":1,"23":1,"24":1,"25":0,"26":1,"27":1,"28":0,"29":1},"f":{"0":1,"1":0,"2":2,"3":1,"4":1,"5":0,"6":1,"7":0,"8":1},"b":{},"_coverageSchema":"332fd63041d2c1bcb487cc26dd0d5f7d97098a6c","hash":"21a4b3bdf9fa8b0aceb140efc21ad940aad51a21","contentHash":"8e59cf6639ad07a3381287339135b430_10.1.2"},"C:\\A  UBC Study\\a 2017\\310\\cpsc310_team70\\src\\controller\\InsightFacade.js":{"path":"C:\\A  UBC Study\\a 2017\\310\\cpsc310_team70\\src\\controller\\InsightFacade.js","statementMap":{"0":{"start":{"line":2,"column":9},"end":{"line":2,"column":22}},"1":{"start":{"line":3,"column":13},"end":{"line":3,"column":31}},"2":{"start":{"line":4,"column":9},"end":{"line":4,"column":22}},"3":{"start":{"line":5,"column":12},"end":{"line":5,"column":28}},"4":{"start":{"line":6,"column":10},"end":{"line":6,"column":26}},"5":{"start":{"line":7,"column":13},"end":{"line":7,"column":30}},"6":{"start":{"line":8,"column":21},"end":{"line":476,"column":3}},"7":{"start":{"line":10,"column":8},"end":{"line":10,"column":58}},"8":{"start":{"line":12,"column":4},"end":{"line":20,"column":6}},"9":{"start":{"line":13,"column":8},"end":{"line":19,"column":9}},"10":{"start":{"line":14,"column":12},"end":{"line":14,"column":28}},"11":{"start":{"line":15,"column":12},"end":{"line":15,"column":24}},"12":{"start":{"line":18,"column":12},"end":{"line":18,"column":25}},"13":{"start":{"line":22,"column":4},"end":{"line":151,"column":6}},"14":{"start":{"line":23,"column":19},"end":{"line":23,"column":23}},"15":{"start":{"line":24,"column":22},"end":{"line":27,"column":9}},"16":{"start":{"line":28,"column":8},"end":{"line":150,"column":9}},"17":{"start":{"line":29,"column":12},"end":{"line":92,"column":15}},"18":{"start":{"line":30,"column":16},"end":{"line":37,"column":17}},"19":{"start":{"line":31,"column":20},"end":{"line":31,"column":39}},"20":{"start":{"line":32,"column":20},"end":{"line":32,"column":58}},"21":{"start":{"line":35,"column":20},"end":{"line":35,"column":39}},"22":{"start":{"line":36,"column":20},"end":{"line":36,"column":62}},"23":{"start":{"line":38,"column":16},"end":{"line":91,"column":19}},"24":{"start":{"line":39,"column":43},"end":{"line":39,"column":45}},"25":{"start":{"line":40,"column":20},"end":{"line":42,"column":23}},"26":{"start":{"line":41,"column":24},"end":{"line":41,"column":65}},"27":{"start":{"line":43,"column":36},"end":{"line":43,"column":38}},"28":{"start":{"line":44,"column":20},"end":{"line":86,"column":23}},"29":{"start":{"line":45,"column":24},"end":{"line":72,"column":25}},"30":{"start":{"line":46,"column":28},"end":{"line":71,"column":29}},"31":{"start":{"line":47,"column":32},"end":{"line":52,"column":33}},"32":{"start":{"line":48,"column":47},"end":{"line":48,"column":78}},"33":{"start":{"line":51,"column":36},"end":{"line":51,"column":63}},"34":{"start":{"line":53,"column":32},"end":{"line":70,"column":33}},"35":{"start":{"line":54,"column":36},"end":{"line":69,"column":37}},"36":{"start":{"line":55,"column":48},"end":{"line":55,"column":54}},"37":{"start":{"line":56,"column":40},"end":{"line":68,"column":41}},"38":{"start":{"line":57,"column":57},"end":{"line":57,"column":59}},"39":{"start":{"line":58,"column":44},"end":{"line":58,"column":80}},"40":{"start":{"line":59,"column":44},"end":{"line":59,"column":77}},"41":{"start":{"line":60,"column":44},"end":{"line":60,"column":75}},"42":{"start":{"line":61,"column":44},"end":{"line":61,"column":88}},"43":{"start":{"line":62,"column":44},"end":{"line":62,"column":79}},"44":{"start":{"line":63,"column":44},"end":{"line":63,"column":77}},"45":{"start":{"line":64,"column":44},"end":{"line":64,"column":77}},"46":{"start":{"line":65,"column":44},"end":{"line":65,"column":79}},"47":{"start":{"line":66,"column":44},"end":{"line":66,"column":75}},"48":{"start":{"line":67,"column":44},"end":{"line":67,"column":67}},"49":{"start":{"line":73,"column":34},"end":{"line":73,"column":59}},"50":{"start":{"line":74,"column":24},"end":{"line":81,"column":27}},"51":{"start":{"line":75,"column":28},"end":{"line":79,"column":29}},"52":{"start":{"line":76,"column":32},"end":{"line":76,"column":51}},"53":{"start":{"line":77,"column":32},"end":{"line":77,"column":94}},"54":{"start":{"line":78,"column":32},"end":{"line":78,"column":55}},"55":{"start":{"line":80,"column":28},"end":{"line":80,"column":45}},"56":{"start":{"line":83,"column":24},"end":{"line":83,"column":43}},"57":{"start":{"line":84,"column":24},"end":{"line":84,"column":86}},"58":{"start":{"line":85,"column":24},"end":{"line":85,"column":40}},"59":{"start":{"line":88,"column":20},"end":{"line":88,"column":39}},"60":{"start":{"line":89,"column":20},"end":{"line":89,"column":82}},"61":{"start":{"line":90,"column":20},"end":{"line":90,"column":36}},"62":{"start":{"line":94,"column":13},"end":{"line":150,"column":9}},"63":{"start":{"line":95,"column":12},"end":{"line":142,"column":15}},"64":{"start":{"line":96,"column":16},"end":{"line":141,"column":19}},"65":{"start":{"line":97,"column":43},"end":{"line":97,"column":45}},"66":{"start":{"line":98,"column":20},"end":{"line":100,"column":23}},"67":{"start":{"line":99,"column":24},"end":{"line":99,"column":65}},"68":{"start":{"line":101,"column":20},"end":{"line":101,"column":57}},"69":{"start":{"line":102,"column":20},"end":{"line":137,"column":23}},"70":{"start":{"line":103,"column":38},"end":{"line":103,"column":50}},"71":{"start":{"line":104,"column":39},"end":{"line":104,"column":60}},"72":{"start":{"line":105,"column":35},"end":{"line":107,"column":42}},"73":{"start":{"line":108,"column":24},"end":{"line":108,"column":42}},"74":{"start":{"line":109,"column":42},"end":{"line":109,"column":44}},"75":{"start":{"line":110,"column":40},"end":{"line":110,"column":42}},"76":{"start":{"line":111,"column":24},"end":{"line":127,"column":25}},"77":{"start":{"line":112,"column":37},"end":{"line":112,"column":55}},"78":{"start":{"line":113,"column":40},"end":{"line":113,"column":83}},"79":{"start":{"line":114,"column":28},"end":{"line":114,"column":47}},"80":{"start":{"line":115,"column":40},"end":{"line":115,"column":97}},"81":{"start":{"line":116,"column":28},"end":{"line":116,"column":47}},"82":{"start":{"line":117,"column":42},"end":{"line":117,"column":85}},"83":{"start":{"line":118,"column":28},"end":{"line":118,"column":49}},"84":{"start":{"line":119,"column":39},"end":{"line":119,"column":91}},"85":{"start":{"line":120,"column":28},"end":{"line":120,"column":46}},"86":{"start":{"line":121,"column":43},"end":{"line":124,"column":29}},"87":{"start":{"line":125,"column":28},"end":{"line":125,"column":50}},"88":{"start":{"line":126,"column":28},"end":{"line":126,"column":56}},"89":{"start":{"line":128,"column":24},"end":{"line":128,"column":47}},"90":{"start":{"line":129,"column":24},"end":{"line":132,"column":27}},"91":{"start":{"line":130,"column":39},"end":{"line":130,"column":58}},"92":{"start":{"line":131,"column":28},"end":{"line":131,"column":46}},"93":{"start":{"line":133,"column":24},"end":{"line":133,"column":43}},"94":{"start":{"line":135,"column":24},"end":{"line":135,"column":44}},"95":{"start":{"line":136,"column":24},"end":{"line":136,"column":33}},"96":{"start":{"line":139,"column":20},"end":{"line":139,"column":37}},"97":{"start":{"line":140,"column":20},"end":{"line":140,"column":29}},"98":{"start":{"line":144,"column":13},"end":{"line":150,"column":9}},"99":{"start":{"line":145,"column":12},"end":{"line":149,"column":15}},"100":{"start":{"line":146,"column":16},"end":{"line":146,"column":35}},"101":{"start":{"line":147,"column":16},"end":{"line":147,"column":59}},"102":{"start":{"line":148,"column":16},"end":{"line":148,"column":39}},"103":{"start":{"line":152,"column":4},"end":{"line":168,"column":6}},"104":{"start":{"line":153,"column":25},"end":{"line":156,"column":9}},"105":{"start":{"line":157,"column":8},"end":{"line":167,"column":11}},"106":{"start":{"line":158,"column":12},"end":{"line":166,"column":13}},"107":{"start":{"line":159,"column":16},"end":{"line":159,"column":34}},"108":{"start":{"line":160,"column":16},"end":{"line":160,"column":38}},"109":{"start":{"line":161,"column":16},"end":{"line":161,"column":36}},"110":{"start":{"line":164,"column":16},"end":{"line":164,"column":38}},"111":{"start":{"line":165,"column":16},"end":{"line":165,"column":35}},"112":{"start":{"line":169,"column":4},"end":{"line":222,"column":6}},"113":{"start":{"line":170,"column":19},"end":{"line":170,"column":23}},"114":{"start":{"line":171,"column":8},"end":{"line":221,"column":11}},"115":{"start":{"line":172,"column":12},"end":{"line":179,"column":13}},"116":{"start":{"line":173,"column":16},"end":{"line":175,"column":17}},"117":{"start":{"line":174,"column":20},"end":{"line":174,"column":78}},"118":{"start":{"line":178,"column":16},"end":{"line":178,"column":74}},"119":{"start":{"line":180,"column":26},"end":{"line":180,"column":28}},"120":{"start":{"line":181,"column":21},"end":{"line":181,"column":38}},"121":{"start":{"line":182,"column":12},"end":{"line":182,"column":28}},"122":{"start":{"line":183,"column":25},"end":{"line":183,"column":27}},"123":{"start":{"line":184,"column":12},"end":{"line":189,"column":13}},"124":{"start":{"line":185,"column":16},"end":{"line":185,"column":62}},"125":{"start":{"line":188,"column":16},"end":{"line":188,"column":76}},"126":{"start":{"line":190,"column":24},"end":{"line":190,"column":38}},"127":{"start":{"line":191,"column":26},"end":{"line":191,"column":42}},"128":{"start":{"line":192,"column":12},"end":{"line":197,"column":13}},"129":{"start":{"line":193,"column":27},"end":{"line":193,"column":33}},"130":{"start":{"line":194,"column":16},"end":{"line":196,"column":17}},"131":{"start":{"line":195,"column":20},"end":{"line":195,"column":38}},"132":{"start":{"line":198,"column":28},"end":{"line":198,"column":30}},"133":{"start":{"line":199,"column":29},"end":{"line":199,"column":49}},"134":{"start":{"line":200,"column":26},"end":{"line":200,"column":44}},"135":{"start":{"line":201,"column":26},"end":{"line":209,"column":13}},"136":{"start":{"line":202,"column":31},"end":{"line":207,"column":22}},"137":{"start":{"line":203,"column":45},"end":{"line":203,"column":74}},"138":{"start":{"line":205,"column":20},"end":{"line":205,"column":40}},"139":{"start":{"line":206,"column":20},"end":{"line":206,"column":31}},"140":{"start":{"line":208,"column":16},"end":{"line":208,"column":41}},"141":{"start":{"line":210,"column":12},"end":{"line":213,"column":13}},"142":{"start":{"line":211,"column":26},"end":{"line":211,"column":38}},"143":{"start":{"line":212,"column":16},"end":{"line":212,"column":29}},"144":{"start":{"line":214,"column":12},"end":{"line":219,"column":13}},"145":{"start":{"line":215,"column":31},"end":{"line":215,"column":47}},"146":{"start":{"line":216,"column":16},"end":{"line":218,"column":19}},"147":{"start":{"line":217,"column":20},"end":{"line":217,"column":53}},"148":{"start":{"line":220,"column":12},"end":{"line":220,"column":64}},"149":{"start":{"line":223,"column":4},"end":{"line":230,"column":6}},"150":{"start":{"line":224,"column":19},"end":{"line":224,"column":23}},"151":{"start":{"line":225,"column":8},"end":{"line":226,"column":29}},"152":{"start":{"line":226,"column":12},"end":{"line":226,"column":29}},"153":{"start":{"line":227,"column":8},"end":{"line":228,"column":27}},"154":{"start":{"line":228,"column":12},"end":{"line":228,"column":27}},"155":{"start":{"line":229,"column":8},"end":{"line":229,"column":18}},"156":{"start":{"line":231,"column":4},"end":{"line":266,"column":6}},"157":{"start":{"line":232,"column":19},"end":{"line":232,"column":23}},"158":{"start":{"line":233,"column":8},"end":{"line":234,"column":25}},"159":{"start":{"line":234,"column":12},"end":{"line":234,"column":25}},"160":{"start":{"line":235,"column":19},"end":{"line":235,"column":37}},"161":{"start":{"line":236,"column":8},"end":{"line":237,"column":25}},"162":{"start":{"line":237,"column":12},"end":{"line":237,"column":25}},"163":{"start":{"line":238,"column":19},"end":{"line":238,"column":33}},"164":{"start":{"line":239,"column":19},"end":{"line":239,"column":33}},"165":{"start":{"line":240,"column":20},"end":{"line":240,"column":37}},"166":{"start":{"line":241,"column":8},"end":{"line":242,"column":25}},"167":{"start":{"line":242,"column":12},"end":{"line":242,"column":25}},"168":{"start":{"line":243,"column":8},"end":{"line":244,"column":25}},"169":{"start":{"line":244,"column":12},"end":{"line":244,"column":25}},"170":{"start":{"line":245,"column":8},"end":{"line":246,"column":25}},"171":{"start":{"line":246,"column":12},"end":{"line":246,"column":25}},"172":{"start":{"line":247,"column":23},"end":{"line":247,"column":38}},"173":{"start":{"line":248,"column":8},"end":{"line":249,"column":25}},"174":{"start":{"line":249,"column":12},"end":{"line":249,"column":25}},"175":{"start":{"line":250,"column":8},"end":{"line":255,"column":9}},"176":{"start":{"line":251,"column":20},"end":{"line":251,"column":34}},"177":{"start":{"line":252,"column":12},"end":{"line":254,"column":13}},"178":{"start":{"line":253,"column":16},"end":{"line":253,"column":29}},"179":{"start":{"line":256,"column":8},"end":{"line":262,"column":9}},"180":{"start":{"line":257,"column":24},"end":{"line":257,"column":37}},"181":{"start":{"line":258,"column":12},"end":{"line":259,"column":29}},"182":{"start":{"line":259,"column":16},"end":{"line":259,"column":29}},"183":{"start":{"line":260,"column":12},"end":{"line":261,"column":29}},"184":{"start":{"line":261,"column":16},"end":{"line":261,"column":29}},"185":{"start":{"line":263,"column":8},"end":{"line":264,"column":25}},"186":{"start":{"line":264,"column":12},"end":{"line":264,"column":25}},"187":{"start":{"line":265,"column":8},"end":{"line":265,"column":20}},"188":{"start":{"line":267,"column":4},"end":{"line":270,"column":6}},"189":{"start":{"line":268,"column":19},"end":{"line":268,"column":23}},"190":{"start":{"line":269,"column":8},"end":{"line":269,"column":56}},"191":{"start":{"line":271,"column":4},"end":{"line":275,"column":6}},"192":{"start":{"line":272,"column":8},"end":{"line":273,"column":25}},"193":{"start":{"line":273,"column":12},"end":{"line":273,"column":25}},"194":{"start":{"line":274,"column":8},"end":{"line":274,"column":116}},"195":{"start":{"line":276,"column":4},"end":{"line":280,"column":6}},"196":{"start":{"line":277,"column":8},"end":{"line":278,"column":25}},"197":{"start":{"line":278,"column":12},"end":{"line":278,"column":25}},"198":{"start":{"line":279,"column":8},"end":{"line":279,"column":147}},"199":{"start":{"line":281,"column":4},"end":{"line":321,"column":6}},"200":{"start":{"line":282,"column":19},"end":{"line":282,"column":23}},"201":{"start":{"line":283,"column":8},"end":{"line":285,"column":9}},"202":{"start":{"line":284,"column":12},"end":{"line":284,"column":25}},"203":{"start":{"line":286,"column":8},"end":{"line":287,"column":25}},"204":{"start":{"line":287,"column":12},"end":{"line":287,"column":25}},"205":{"start":{"line":288,"column":18},"end":{"line":288,"column":37}},"206":{"start":{"line":289,"column":8},"end":{"line":299,"column":9}},"207":{"start":{"line":290,"column":28},"end":{"line":290,"column":36}},"208":{"start":{"line":291,"column":12},"end":{"line":292,"column":29}},"209":{"start":{"line":292,"column":16},"end":{"line":292,"column":29}},"210":{"start":{"line":293,"column":12},"end":{"line":297,"column":13}},"211":{"start":{"line":294,"column":24},"end":{"line":294,"column":39}},"212":{"start":{"line":295,"column":16},"end":{"line":296,"column":33}},"213":{"start":{"line":296,"column":20},"end":{"line":296,"column":33}},"214":{"start":{"line":298,"column":12},"end":{"line":298,"column":24}},"215":{"start":{"line":300,"column":8},"end":{"line":308,"column":9}},"216":{"start":{"line":301,"column":28},"end":{"line":301,"column":36}},"217":{"start":{"line":302,"column":12},"end":{"line":303,"column":29}},"218":{"start":{"line":303,"column":16},"end":{"line":303,"column":29}},"219":{"start":{"line":304,"column":25},"end":{"line":304,"column":47}},"220":{"start":{"line":305,"column":12},"end":{"line":306,"column":29}},"221":{"start":{"line":306,"column":16},"end":{"line":306,"column":29}},"222":{"start":{"line":307,"column":12},"end":{"line":307,"column":88}},"223":{"start":{"line":309,"column":8},"end":{"line":311,"column":9}},"224":{"start":{"line":310,"column":12},"end":{"line":310,"column":49}},"225":{"start":{"line":312,"column":8},"end":{"line":320,"column":9}},"226":{"start":{"line":313,"column":28},"end":{"line":313,"column":36}},"227":{"start":{"line":314,"column":12},"end":{"line":315,"column":29}},"228":{"start":{"line":315,"column":16},"end":{"line":315,"column":29}},"229":{"start":{"line":316,"column":25},"end":{"line":316,"column":47}},"230":{"start":{"line":317,"column":12},"end":{"line":318,"column":29}},"231":{"start":{"line":318,"column":16},"end":{"line":318,"column":29}},"232":{"start":{"line":319,"column":12},"end":{"line":319,"column":88}},"233":{"start":{"line":322,"column":4},"end":{"line":382,"column":6}},"234":{"start":{"line":323,"column":18},"end":{"line":323,"column":40}},"235":{"start":{"line":324,"column":18},"end":{"line":324,"column":29}},"236":{"start":{"line":325,"column":8},"end":{"line":329,"column":9}},"237":{"start":{"line":326,"column":24},"end":{"line":326,"column":43}},"238":{"start":{"line":327,"column":22},"end":{"line":327,"column":32}},"239":{"start":{"line":328,"column":12},"end":{"line":328,"column":37}},"240":{"start":{"line":330,"column":8},"end":{"line":334,"column":9}},"241":{"start":{"line":331,"column":24},"end":{"line":331,"column":43}},"242":{"start":{"line":332,"column":22},"end":{"line":332,"column":32}},"243":{"start":{"line":333,"column":12},"end":{"line":333,"column":37}},"244":{"start":{"line":335,"column":8},"end":{"line":339,"column":9}},"245":{"start":{"line":336,"column":24},"end":{"line":336,"column":43}},"246":{"start":{"line":337,"column":22},"end":{"line":337,"column":32}},"247":{"start":{"line":338,"column":12},"end":{"line":338,"column":38}},"248":{"start":{"line":340,"column":8},"end":{"line":381,"column":9}},"249":{"start":{"line":341,"column":24},"end":{"line":341,"column":43}},"250":{"start":{"line":342,"column":22},"end":{"line":342,"column":32}},"251":{"start":{"line":343,"column":12},"end":{"line":344,"column":29}},"252":{"start":{"line":344,"column":16},"end":{"line":344,"column":29}},"253":{"start":{"line":345,"column":12},"end":{"line":346,"column":28}},"254":{"start":{"line":346,"column":16},"end":{"line":346,"column":28}},"255":{"start":{"line":347,"column":12},"end":{"line":350,"column":13}},"256":{"start":{"line":348,"column":32},"end":{"line":348,"column":64}},"257":{"start":{"line":349,"column":16},"end":{"line":349,"column":59}},"258":{"start":{"line":351,"column":12},"end":{"line":356,"column":13}},"259":{"start":{"line":352,"column":32},"end":{"line":352,"column":60}},"260":{"start":{"line":353,"column":16},"end":{"line":354,"column":33}},"261":{"start":{"line":354,"column":20},"end":{"line":354,"column":33}},"262":{"start":{"line":355,"column":16},"end":{"line":355,"column":96}},"263":{"start":{"line":357,"column":12},"end":{"line":360,"column":13}},"264":{"start":{"line":358,"column":32},"end":{"line":358,"column":64}},"265":{"start":{"line":359,"column":16},"end":{"line":359,"column":60}},"266":{"start":{"line":361,"column":12},"end":{"line":361,"column":39}},"267":{"start":{"line":364,"column":12},"end":{"line":366,"column":13}},"268":{"start":{"line":365,"column":16},"end":{"line":365,"column":47}},"269":{"start":{"line":367,"column":12},"end":{"line":373,"column":13}},"270":{"start":{"line":368,"column":29},"end":{"line":368,"column":54}},"271":{"start":{"line":369,"column":16},"end":{"line":371,"column":17}},"272":{"start":{"line":370,"column":20},"end":{"line":370,"column":65}},"273":{"start":{"line":372,"column":16},"end":{"line":372,"column":30}},"274":{"start":{"line":374,"column":12},"end":{"line":380,"column":13}},"275":{"start":{"line":375,"column":29},"end":{"line":375,"column":54}},"276":{"start":{"line":376,"column":16},"end":{"line":378,"column":17}},"277":{"start":{"line":377,"column":20},"end":{"line":377,"column":65}},"278":{"start":{"line":379,"column":16},"end":{"line":379,"column":30}},"279":{"start":{"line":383,"column":4},"end":{"line":418,"column":6}},"280":{"start":{"line":384,"column":19},"end":{"line":384,"column":23}},"281":{"start":{"line":385,"column":8},"end":{"line":386,"column":25}},"282":{"start":{"line":386,"column":12},"end":{"line":386,"column":25}},"283":{"start":{"line":387,"column":19},"end":{"line":387,"column":37}},"284":{"start":{"line":388,"column":8},"end":{"line":389,"column":25}},"285":{"start":{"line":389,"column":12},"end":{"line":389,"column":25}},"286":{"start":{"line":390,"column":19},"end":{"line":390,"column":33}},"287":{"start":{"line":391,"column":19},"end":{"line":391,"column":33}},"288":{"start":{"line":392,"column":20},"end":{"line":392,"column":37}},"289":{"start":{"line":393,"column":8},"end":{"line":394,"column":25}},"290":{"start":{"line":394,"column":12},"end":{"line":394,"column":25}},"291":{"start":{"line":395,"column":8},"end":{"line":396,"column":25}},"292":{"start":{"line":396,"column":12},"end":{"line":396,"column":25}},"293":{"start":{"line":397,"column":8},"end":{"line":398,"column":25}},"294":{"start":{"line":398,"column":12},"end":{"line":398,"column":25}},"295":{"start":{"line":399,"column":23},"end":{"line":399,"column":38}},"296":{"start":{"line":400,"column":8},"end":{"line":401,"column":25}},"297":{"start":{"line":401,"column":12},"end":{"line":401,"column":25}},"298":{"start":{"line":402,"column":8},"end":{"line":407,"column":9}},"299":{"start":{"line":403,"column":20},"end":{"line":403,"column":34}},"300":{"start":{"line":404,"column":12},"end":{"line":406,"column":13}},"301":{"start":{"line":405,"column":16},"end":{"line":405,"column":29}},"302":{"start":{"line":408,"column":8},"end":{"line":414,"column":9}},"303":{"start":{"line":409,"column":24},"end":{"line":409,"column":37}},"304":{"start":{"line":410,"column":12},"end":{"line":411,"column":29}},"305":{"start":{"line":411,"column":16},"end":{"line":411,"column":29}},"306":{"start":{"line":412,"column":12},"end":{"line":413,"column":29}},"307":{"start":{"line":413,"column":16},"end":{"line":413,"column":29}},"308":{"start":{"line":415,"column":8},"end":{"line":416,"column":25}},"309":{"start":{"line":416,"column":12},"end":{"line":416,"column":25}},"310":{"start":{"line":417,"column":8},"end":{"line":417,"column":20}},"311":{"start":{"line":419,"column":4},"end":{"line":422,"column":6}},"312":{"start":{"line":420,"column":19},"end":{"line":420,"column":23}},"313":{"start":{"line":421,"column":8},"end":{"line":421,"column":56}},"314":{"start":{"line":423,"column":4},"end":{"line":427,"column":6}},"315":{"start":{"line":424,"column":8},"end":{"line":425,"column":25}},"316":{"start":{"line":425,"column":12},"end":{"line":425,"column":25}},"317":{"start":{"line":426,"column":8},"end":{"line":426,"column":83}},"318":{"start":{"line":428,"column":4},"end":{"line":433,"column":6}},"319":{"start":{"line":429,"column":8},"end":{"line":430,"column":25}},"320":{"start":{"line":430,"column":12},"end":{"line":430,"column":25}},"321":{"start":{"line":431,"column":8},"end":{"line":432,"column":89}},"322":{"start":{"line":434,"column":4},"end":{"line":474,"column":6}},"323":{"start":{"line":435,"column":19},"end":{"line":435,"column":23}},"324":{"start":{"line":436,"column":8},"end":{"line":438,"column":9}},"325":{"start":{"line":437,"column":12},"end":{"line":437,"column":25}},"326":{"start":{"line":439,"column":8},"end":{"line":440,"column":25}},"327":{"start":{"line":440,"column":12},"end":{"line":440,"column":25}},"328":{"start":{"line":441,"column":18},"end":{"line":441,"column":37}},"329":{"start":{"line":442,"column":8},"end":{"line":452,"column":9}},"330":{"start":{"line":443,"column":28},"end":{"line":443,"column":36}},"331":{"start":{"line":444,"column":12},"end":{"line":445,"column":29}},"332":{"start":{"line":445,"column":16},"end":{"line":445,"column":29}},"333":{"start":{"line":446,"column":12},"end":{"line":450,"column":13}},"334":{"start":{"line":447,"column":24},"end":{"line":447,"column":39}},"335":{"start":{"line":448,"column":16},"end":{"line":449,"column":33}},"336":{"start":{"line":449,"column":20},"end":{"line":449,"column":33}},"337":{"start":{"line":451,"column":12},"end":{"line":451,"column":24}},"338":{"start":{"line":453,"column":8},"end":{"line":455,"column":9}},"339":{"start":{"line":454,"column":12},"end":{"line":454,"column":49}},"340":{"start":{"line":456,"column":8},"end":{"line":464,"column":9}},"341":{"start":{"line":457,"column":28},"end":{"line":457,"column":36}},"342":{"start":{"line":458,"column":12},"end":{"line":459,"column":29}},"343":{"start":{"line":459,"column":16},"end":{"line":459,"column":29}},"344":{"start":{"line":460,"column":25},"end":{"line":460,"column":47}},"345":{"start":{"line":461,"column":12},"end":{"line":462,"column":29}},"346":{"start":{"line":462,"column":16},"end":{"line":462,"column":29}},"347":{"start":{"line":463,"column":12},"end":{"line":463,"column":88}},"348":{"start":{"line":465,"column":8},"end":{"line":473,"column":9}},"349":{"start":{"line":466,"column":28},"end":{"line":466,"column":36}},"350":{"start":{"line":467,"column":12},"end":{"line":468,"column":29}},"351":{"start":{"line":468,"column":16},"end":{"line":468,"column":29}},"352":{"start":{"line":469,"column":25},"end":{"line":469,"column":47}},"353":{"start":{"line":470,"column":12},"end":{"line":471,"column":29}},"354":{"start":{"line":471,"column":16},"end":{"line":471,"column":29}},"355":{"start":{"line":472,"column":12},"end":{"line":472,"column":88}},"356":{"start":{"line":475,"column":4},"end":{"line":475,"column":25}},"357":{"start":{"line":477,"column":0},"end":{"line":477,"column":62}},"358":{"start":{"line":478,"column":0},"end":{"line":478,"column":32}}},"fnMap":{"0":{"name":"(anonymous_0)","decl":{"start":{"line":8,"column":21},"end":{"line":8,"column":22}},"loc":{"start":{"line":8,"column":33},"end":{"line":476,"column":1}}},"1":{"name":"InsightFacade","decl":{"start":{"line":9,"column":13},"end":{"line":9,"column":26}},"loc":{"start":{"line":9,"column":29},"end":{"line":11,"column":5}}},"2":{"name":"(anonymous_2)","decl":{"start":{"line":12,"column":37},"end":{"line":12,"column":38}},"loc":{"start":{"line":12,"column":52},"end":{"line":20,"column":5}}},"3":{"name":"(anonymous_3)","decl":{"start":{"line":22,"column":41},"end":{"line":22,"column":42}},"loc":{"start":{"line":22,"column":64},"end":{"line":151,"column":5}}},"4":{"name":"(anonymous_4)","decl":{"start":{"line":29,"column":31},"end":{"line":29,"column":32}},"loc":{"start":{"line":29,"column":58},"end":{"line":92,"column":13}}},"5":{"name":"(anonymous_5)","decl":{"start":{"line":38,"column":64},"end":{"line":38,"column":65}},"loc":{"start":{"line":38,"column":80},"end":{"line":87,"column":17}}},"6":{"name":"(anonymous_6)","decl":{"start":{"line":40,"column":33},"end":{"line":40,"column":34}},"loc":{"start":{"line":40,"column":49},"end":{"line":42,"column":21}}},"7":{"name":"(anonymous_7)","decl":{"start":{"line":44,"column":55},"end":{"line":44,"column":56}},"loc":{"start":{"line":44,"column":75},"end":{"line":82,"column":21}}},"8":{"name":"(anonymous_8)","decl":{"start":{"line":74,"column":46},"end":{"line":74,"column":47}},"loc":{"start":{"line":74,"column":75},"end":{"line":81,"column":25}}},"9":{"name":"(anonymous_9)","decl":{"start":{"line":82,"column":29},"end":{"line":82,"column":30}},"loc":{"start":{"line":82,"column":45},"end":{"line":86,"column":21}}},"10":{"name":"(anonymous_10)","decl":{"start":{"line":87,"column":25},"end":{"line":87,"column":26}},"loc":{"start":{"line":87,"column":38},"end":{"line":91,"column":17}}},"11":{"name":"(anonymous_11)","decl":{"start":{"line":95,"column":31},"end":{"line":95,"column":32}},"loc":{"start":{"line":95,"column":58},"end":{"line":142,"column":13}}},"12":{"name":"(anonymous_12)","decl":{"start":{"line":96,"column":64},"end":{"line":96,"column":65}},"loc":{"start":{"line":96,"column":80},"end":{"line":138,"column":17}}},"13":{"name":"(anonymous_13)","decl":{"start":{"line":98,"column":33},"end":{"line":98,"column":34}},"loc":{"start":{"line":98,"column":49},"end":{"line":100,"column":21}}},"14":{"name":"(anonymous_14)","decl":{"start":{"line":102,"column":55},"end":{"line":102,"column":56}},"loc":{"start":{"line":102,"column":75},"end":{"line":134,"column":21}}},"15":{"name":"(anonymous_15)","decl":{"start":{"line":129,"column":55},"end":{"line":129,"column":56}},"loc":{"start":{"line":129,"column":70},"end":{"line":132,"column":25}}},"16":{"name":"(anonymous_16)","decl":{"start":{"line":134,"column":29},"end":{"line":134,"column":30}},"loc":{"start":{"line":134,"column":44},"end":{"line":137,"column":21}}},"17":{"name":"(anonymous_17)","decl":{"start":{"line":138,"column":25},"end":{"line":138,"column":26}},"loc":{"start":{"line":138,"column":40},"end":{"line":141,"column":17}}},"18":{"name":"(anonymous_18)","decl":{"start":{"line":145,"column":31},"end":{"line":145,"column":32}},"loc":{"start":{"line":145,"column":58},"end":{"line":149,"column":13}}},"19":{"name":"(anonymous_19)","decl":{"start":{"line":152,"column":44},"end":{"line":152,"column":45}},"loc":{"start":{"line":152,"column":58},"end":{"line":168,"column":5}}},"20":{"name":"(anonymous_20)","decl":{"start":{"line":157,"column":27},"end":{"line":157,"column":28}},"loc":{"start":{"line":157,"column":54},"end":{"line":167,"column":9}}},"21":{"name":"(anonymous_21)","decl":{"start":{"line":169,"column":43},"end":{"line":169,"column":44}},"loc":{"start":{"line":169,"column":60},"end":{"line":222,"column":5}}},"22":{"name":"(anonymous_22)","decl":{"start":{"line":171,"column":27},"end":{"line":171,"column":28}},"loc":{"start":{"line":171,"column":54},"end":{"line":221,"column":9}}},"23":{"name":"(anonymous_23)","decl":{"start":{"line":201,"column":26},"end":{"line":201,"column":27}},"loc":{"start":{"line":201,"column":41},"end":{"line":209,"column":13}}},"24":{"name":"(anonymous_24)","decl":{"start":{"line":203,"column":28},"end":{"line":203,"column":29}},"loc":{"start":{"line":203,"column":43},"end":{"line":203,"column":76}}},"25":{"name":"(anonymous_25)","decl":{"start":{"line":204,"column":28},"end":{"line":204,"column":29}},"loc":{"start":{"line":204,"column":48},"end":{"line":207,"column":17}}},"26":{"name":"(anonymous_26)","decl":{"start":{"line":216,"column":31},"end":{"line":216,"column":32}},"loc":{"start":{"line":216,"column":47},"end":{"line":218,"column":17}}},"27":{"name":"(anonymous_27)","decl":{"start":{"line":223,"column":36},"end":{"line":223,"column":37}},"loc":{"start":{"line":223,"column":53},"end":{"line":230,"column":5}}},"28":{"name":"(anonymous_28)","decl":{"start":{"line":231,"column":45},"end":{"line":231,"column":46}},"loc":{"start":{"line":231,"column":62},"end":{"line":266,"column":5}}},"29":{"name":"(anonymous_29)","decl":{"start":{"line":267,"column":37},"end":{"line":267,"column":38}},"loc":{"start":{"line":267,"column":53},"end":{"line":270,"column":5}}},"30":{"name":"(anonymous_30)","decl":{"start":{"line":271,"column":38},"end":{"line":271,"column":39}},"loc":{"start":{"line":271,"column":51},"end":{"line":275,"column":5}}},"31":{"name":"(anonymous_31)","decl":{"start":{"line":276,"column":38},"end":{"line":276,"column":39}},"loc":{"start":{"line":276,"column":51},"end":{"line":280,"column":5}}},"32":{"name":"(anonymous_32)","decl":{"start":{"line":281,"column":45},"end":{"line":281,"column":46}},"loc":{"start":{"line":281,"column":60},"end":{"line":321,"column":5}}},"33":{"name":"(anonymous_33)","decl":{"start":{"line":322,"column":37},"end":{"line":322,"column":38}},"loc":{"start":{"line":322,"column":61},"end":{"line":382,"column":5}}},"34":{"name":"(anonymous_34)","decl":{"start":{"line":383,"column":45},"end":{"line":383,"column":46}},"loc":{"start":{"line":383,"column":62},"end":{"line":418,"column":5}}},"35":{"name":"(anonymous_35)","decl":{"start":{"line":419,"column":37},"end":{"line":419,"column":38}},"loc":{"start":{"line":419,"column":53},"end":{"line":422,"column":5}}},"36":{"name":"(anonymous_36)","decl":{"start":{"line":423,"column":38},"end":{"line":423,"column":39}},"loc":{"start":{"line":423,"column":51},"end":{"line":427,"column":5}}},"37":{"name":"(anonymous_37)","decl":{"start":{"line":428,"column":38},"end":{"line":428,"column":39}},"loc":{"start":{"line":428,"column":51},"end":{"line":433,"column":5}}},"38":{"name":"(anonymous_38)","decl":{"start":{"line":434,"column":45},"end":{"line":434,"column":46}},"loc":{"start":{"line":434,"column":60},"end":{"line":474,"column":5}}}},"branchMap":{"0":{"loc":{"start":{"line":28,"column":8},"end":{"line":150,"column":9}},"type":"if","locations":[{"start":{"line":28,"column":8},"end":{"line":150,"column":9}},{"start":{"line":28,"column":8},"end":{"line":150,"column":9}}]},"1":{"loc":{"start":{"line":30,"column":16},"end":{"line":37,"column":17}},"type":"if","locations":[{"start":{"line":30,"column":16},"end":{"line":37,"column":17}},{"start":{"line":30,"column":16},"end":{"line":37,"column":17}}]},"2":{"loc":{"start":{"line":46,"column":28},"end":{"line":71,"column":29}},"type":"if","locations":[{"start":{"line":46,"column":28},"end":{"line":71,"column":29}},{"start":{"line":46,"column":28},"end":{"line":71,"column":29}}]},"3":{"loc":{"start":{"line":53,"column":32},"end":{"line":70,"column":33}},"type":"if","locations":[{"start":{"line":53,"column":32},"end":{"line":70,"column":33}},{"start":{"line":53,"column":32},"end":{"line":70,"column":33}}]},"4":{"loc":{"start":{"line":56,"column":40},"end":{"line":68,"column":41}},"type":"if","locations":[{"start":{"line":56,"column":40},"end":{"line":68,"column":41}},{"start":{"line":56,"column":40},"end":{"line":68,"column":41}}]},"5":{"loc":{"start":{"line":75,"column":28},"end":{"line":79,"column":29}},"type":"if","locations":[{"start":{"line":75,"column":28},"end":{"line":79,"column":29}},{"start":{"line":75,"column":28},"end":{"line":79,"column":29}}]},"6":{"loc":{"start":{"line":94,"column":13},"end":{"line":150,"column":9}},"type":"if","locations":[{"start":{"line":94,"column":13},"end":{"line":150,"column":9}},{"start":{"line":94,"column":13},"end":{"line":150,"column":9}}]},"7":{"loc":{"start":{"line":144,"column":13},"end":{"line":150,"column":9}},"type":"if","locations":[{"start":{"line":144,"column":13},"end":{"line":150,"column":9}},{"start":{"line":144,"column":13},"end":{"line":150,"column":9}}]},"8":{"loc":{"start":{"line":144,"column":17},"end":{"line":144,"column":55}},"type":"binary-expr","locations":[{"start":{"line":144,"column":18},"end":{"line":144,"column":32}},{"start":{"line":144,"column":38},"end":{"line":144,"column":54}}]},"9":{"loc":{"start":{"line":158,"column":12},"end":{"line":166,"column":13}},"type":"if","locations":[{"start":{"line":158,"column":12},"end":{"line":166,"column":13}},{"start":{"line":158,"column":12},"end":{"line":166,"column":13}}]},"10":{"loc":{"start":{"line":173,"column":16},"end":{"line":175,"column":17}},"type":"if","locations":[{"start":{"line":173,"column":16},"end":{"line":175,"column":17}},{"start":{"line":173,"column":16},"end":{"line":175,"column":17}}]},"11":{"loc":{"start":{"line":173,"column":20},"end":{"line":173,"column":78}},"type":"binary-expr","locations":[{"start":{"line":173,"column":20},"end":{"line":173,"column":47}},{"start":{"line":173,"column":51},"end":{"line":173,"column":78}}]},"12":{"loc":{"start":{"line":194,"column":16},"end":{"line":196,"column":17}},"type":"if","locations":[{"start":{"line":194,"column":16},"end":{"line":196,"column":17}},{"start":{"line":194,"column":16},"end":{"line":196,"column":17}}]},"13":{"loc":{"start":{"line":214,"column":12},"end":{"line":219,"column":13}},"type":"if","locations":[{"start":{"line":214,"column":12},"end":{"line":219,"column":13}},{"start":{"line":214,"column":12},"end":{"line":219,"column":13}}]},"14":{"loc":{"start":{"line":225,"column":8},"end":{"line":226,"column":29}},"type":"if","locations":[{"start":{"line":225,"column":8},"end":{"line":226,"column":29}},{"start":{"line":225,"column":8},"end":{"line":226,"column":29}}]},"15":{"loc":{"start":{"line":227,"column":8},"end":{"line":228,"column":27}},"type":"if","locations":[{"start":{"line":227,"column":8},"end":{"line":228,"column":27}},{"start":{"line":227,"column":8},"end":{"line":228,"column":27}}]},"16":{"loc":{"start":{"line":233,"column":8},"end":{"line":234,"column":25}},"type":"if","locations":[{"start":{"line":233,"column":8},"end":{"line":234,"column":25}},{"start":{"line":233,"column":8},"end":{"line":234,"column":25}}]},"17":{"loc":{"start":{"line":233,"column":12},"end":{"line":233,"column":42}},"type":"binary-expr","locations":[{"start":{"line":233,"column":12},"end":{"line":233,"column":26}},{"start":{"line":233,"column":30},"end":{"line":233,"column":42}}]},"18":{"loc":{"start":{"line":236,"column":8},"end":{"line":237,"column":25}},"type":"if","locations":[{"start":{"line":236,"column":8},"end":{"line":237,"column":25}},{"start":{"line":236,"column":8},"end":{"line":237,"column":25}}]},"19":{"loc":{"start":{"line":236,"column":12},"end":{"line":236,"column":89}},"type":"binary-expr","locations":[{"start":{"line":236,"column":12},"end":{"line":236,"column":29}},{"start":{"line":236,"column":34},"end":{"line":236,"column":57}},{"start":{"line":236,"column":63},"end":{"line":236,"column":88}}]},"20":{"loc":{"start":{"line":241,"column":8},"end":{"line":242,"column":25}},"type":"if","locations":[{"start":{"line":241,"column":8},"end":{"line":242,"column":25}},{"start":{"line":241,"column":8},"end":{"line":242,"column":25}}]},"21":{"loc":{"start":{"line":243,"column":8},"end":{"line":244,"column":25}},"type":"if","locations":[{"start":{"line":243,"column":8},"end":{"line":244,"column":25}},{"start":{"line":243,"column":8},"end":{"line":244,"column":25}}]},"22":{"loc":{"start":{"line":243,"column":12},"end":{"line":243,"column":60}},"type":"binary-expr","locations":[{"start":{"line":243,"column":13},"end":{"line":243,"column":37}},{"start":{"line":243,"column":42},"end":{"line":243,"column":60}}]},"23":{"loc":{"start":{"line":245,"column":8},"end":{"line":246,"column":25}},"type":"if","locations":[{"start":{"line":245,"column":8},"end":{"line":246,"column":25}},{"start":{"line":245,"column":8},"end":{"line":246,"column":25}}]},"24":{"loc":{"start":{"line":245,"column":12},"end":{"line":245,"column":59}},"type":"binary-expr","locations":[{"start":{"line":245,"column":13},"end":{"line":245,"column":36}},{"start":{"line":245,"column":41},"end":{"line":245,"column":59}}]},"25":{"loc":{"start":{"line":248,"column":8},"end":{"line":249,"column":25}},"type":"if","locations":[{"start":{"line":248,"column":8},"end":{"line":249,"column":25}},{"start":{"line":248,"column":8},"end":{"line":249,"column":25}}]},"26":{"loc":{"start":{"line":248,"column":12},"end":{"line":248,"column":63}},"type":"binary-expr","locations":[{"start":{"line":248,"column":13},"end":{"line":248,"column":37}},{"start":{"line":248,"column":42},"end":{"line":248,"column":63}}]},"27":{"loc":{"start":{"line":252,"column":12},"end":{"line":254,"column":13}},"type":"if","locations":[{"start":{"line":252,"column":12},"end":{"line":254,"column":13}},{"start":{"line":252,"column":12},"end":{"line":254,"column":13}}]},"28":{"loc":{"start":{"line":256,"column":8},"end":{"line":262,"column":9}},"type":"if","locations":[{"start":{"line":256,"column":8},"end":{"line":262,"column":9}},{"start":{"line":256,"column":8},"end":{"line":262,"column":9}}]},"29":{"loc":{"start":{"line":258,"column":12},"end":{"line":259,"column":29}},"type":"if","locations":[{"start":{"line":258,"column":12},"end":{"line":259,"column":29}},{"start":{"line":258,"column":12},"end":{"line":259,"column":29}}]},"30":{"loc":{"start":{"line":260,"column":12},"end":{"line":261,"column":29}},"type":"if","locations":[{"start":{"line":260,"column":12},"end":{"line":261,"column":29}},{"start":{"line":260,"column":12},"end":{"line":261,"column":29}}]},"31":{"loc":{"start":{"line":263,"column":8},"end":{"line":264,"column":25}},"type":"if","locations":[{"start":{"line":263,"column":8},"end":{"line":264,"column":25}},{"start":{"line":263,"column":8},"end":{"line":264,"column":25}}]},"32":{"loc":{"start":{"line":269,"column":15},"end":{"line":269,"column":55}},"type":"binary-expr","locations":[{"start":{"line":269,"column":15},"end":{"line":269,"column":33}},{"start":{"line":269,"column":37},"end":{"line":269,"column":55}}]},"33":{"loc":{"start":{"line":272,"column":8},"end":{"line":273,"column":25}},"type":"if","locations":[{"start":{"line":272,"column":8},"end":{"line":273,"column":25}},{"start":{"line":272,"column":8},"end":{"line":273,"column":25}}]},"34":{"loc":{"start":{"line":274,"column":15},"end":{"line":274,"column":115}},"type":"binary-expr","locations":[{"start":{"line":274,"column":16},"end":{"line":274,"column":35}},{"start":{"line":274,"column":41},"end":{"line":274,"column":61}},{"start":{"line":274,"column":67},"end":{"line":274,"column":87}},{"start":{"line":274,"column":93},"end":{"line":274,"column":114}}]},"35":{"loc":{"start":{"line":277,"column":8},"end":{"line":278,"column":25}},"type":"if","locations":[{"start":{"line":277,"column":8},"end":{"line":278,"column":25}},{"start":{"line":277,"column":8},"end":{"line":278,"column":25}}]},"36":{"loc":{"start":{"line":279,"column":15},"end":{"line":279,"column":146}},"type":"binary-expr","locations":[{"start":{"line":279,"column":16},"end":{"line":279,"column":36}},{"start":{"line":279,"column":42},"end":{"line":279,"column":60}},{"start":{"line":279,"column":66},"end":{"line":279,"column":92}},{"start":{"line":279,"column":98},"end":{"line":279,"column":119}},{"start":{"line":279,"column":125},"end":{"line":279,"column":145}}]},"37":{"loc":{"start":{"line":283,"column":8},"end":{"line":285,"column":9}},"type":"if","locations":[{"start":{"line":283,"column":8},"end":{"line":285,"column":9}},{"start":{"line":283,"column":8},"end":{"line":285,"column":9}}]},"38":{"loc":{"start":{"line":286,"column":8},"end":{"line":287,"column":25}},"type":"if","locations":[{"start":{"line":286,"column":8},"end":{"line":287,"column":25}},{"start":{"line":286,"column":8},"end":{"line":287,"column":25}}]},"39":{"loc":{"start":{"line":289,"column":8},"end":{"line":299,"column":9}},"type":"if","locations":[{"start":{"line":289,"column":8},"end":{"line":299,"column":9}},{"start":{"line":289,"column":8},"end":{"line":299,"column":9}}]},"40":{"loc":{"start":{"line":289,"column":12},"end":{"line":289,"column":41}},"type":"binary-expr","locations":[{"start":{"line":289,"column":12},"end":{"line":289,"column":25}},{"start":{"line":289,"column":29},"end":{"line":289,"column":41}}]},"41":{"loc":{"start":{"line":291,"column":12},"end":{"line":292,"column":29}},"type":"if","locations":[{"start":{"line":291,"column":12},"end":{"line":292,"column":29}},{"start":{"line":291,"column":12},"end":{"line":292,"column":29}}]},"42":{"loc":{"start":{"line":291,"column":16},"end":{"line":291,"column":67}},"type":"binary-expr","locations":[{"start":{"line":291,"column":17},"end":{"line":291,"column":42}},{"start":{"line":291,"column":47},"end":{"line":291,"column":67}}]},"43":{"loc":{"start":{"line":295,"column":16},"end":{"line":296,"column":33}},"type":"if","locations":[{"start":{"line":295,"column":16},"end":{"line":296,"column":33}},{"start":{"line":295,"column":16},"end":{"line":296,"column":33}}]},"44":{"loc":{"start":{"line":300,"column":8},"end":{"line":308,"column":9}},"type":"if","locations":[{"start":{"line":300,"column":8},"end":{"line":308,"column":9}},{"start":{"line":300,"column":8},"end":{"line":308,"column":9}}]},"45":{"loc":{"start":{"line":300,"column":12},"end":{"line":300,"column":56}},"type":"binary-expr","locations":[{"start":{"line":300,"column":12},"end":{"line":300,"column":24}},{"start":{"line":300,"column":28},"end":{"line":300,"column":40}},{"start":{"line":300,"column":44},"end":{"line":300,"column":56}}]},"46":{"loc":{"start":{"line":302,"column":12},"end":{"line":303,"column":29}},"type":"if","locations":[{"start":{"line":302,"column":12},"end":{"line":303,"column":29}},{"start":{"line":302,"column":12},"end":{"line":303,"column":29}}]},"47":{"loc":{"start":{"line":305,"column":12},"end":{"line":306,"column":29}},"type":"if","locations":[{"start":{"line":305,"column":12},"end":{"line":306,"column":29}},{"start":{"line":305,"column":12},"end":{"line":306,"column":29}}]},"48":{"loc":{"start":{"line":307,"column":19},"end":{"line":307,"column":87}},"type":"binary-expr","locations":[{"start":{"line":307,"column":19},"end":{"line":307,"column":42}},{"start":{"line":307,"column":47},"end":{"line":307,"column":86}}]},"49":{"loc":{"start":{"line":309,"column":8},"end":{"line":311,"column":9}},"type":"if","locations":[{"start":{"line":309,"column":8},"end":{"line":311,"column":9}},{"start":{"line":309,"column":8},"end":{"line":311,"column":9}}]},"50":{"loc":{"start":{"line":312,"column":8},"end":{"line":320,"column":9}},"type":"if","locations":[{"start":{"line":312,"column":8},"end":{"line":320,"column":9}},{"start":{"line":312,"column":8},"end":{"line":320,"column":9}}]},"51":{"loc":{"start":{"line":314,"column":12},"end":{"line":315,"column":29}},"type":"if","locations":[{"start":{"line":314,"column":12},"end":{"line":315,"column":29}},{"start":{"line":314,"column":12},"end":{"line":315,"column":29}}]},"52":{"loc":{"start":{"line":317,"column":12},"end":{"line":318,"column":29}},"type":"if","locations":[{"start":{"line":317,"column":12},"end":{"line":318,"column":29}},{"start":{"line":317,"column":12},"end":{"line":318,"column":29}}]},"53":{"loc":{"start":{"line":319,"column":19},"end":{"line":319,"column":87}},"type":"binary-expr","locations":[{"start":{"line":319,"column":19},"end":{"line":319,"column":42}},{"start":{"line":319,"column":47},"end":{"line":319,"column":86}}]},"54":{"loc":{"start":{"line":325,"column":8},"end":{"line":329,"column":9}},"type":"if","locations":[{"start":{"line":325,"column":8},"end":{"line":329,"column":9}},{"start":{"line":325,"column":8},"end":{"line":329,"column":9}}]},"55":{"loc":{"start":{"line":330,"column":8},"end":{"line":334,"column":9}},"type":"if","locations":[{"start":{"line":330,"column":8},"end":{"line":334,"column":9}},{"start":{"line":330,"column":8},"end":{"line":334,"column":9}}]},"56":{"loc":{"start":{"line":335,"column":8},"end":{"line":339,"column":9}},"type":"if","locations":[{"start":{"line":335,"column":8},"end":{"line":339,"column":9}},{"start":{"line":335,"column":8},"end":{"line":339,"column":9}}]},"57":{"loc":{"start":{"line":340,"column":8},"end":{"line":381,"column":9}},"type":"if","locations":[{"start":{"line":340,"column":8},"end":{"line":381,"column":9}},{"start":{"line":340,"column":8},"end":{"line":381,"column":9}}]},"58":{"loc":{"start":{"line":343,"column":12},"end":{"line":344,"column":29}},"type":"if","locations":[{"start":{"line":343,"column":12},"end":{"line":344,"column":29}},{"start":{"line":343,"column":12},"end":{"line":344,"column":29}}]},"59":{"loc":{"start":{"line":343,"column":16},"end":{"line":343,"column":50}},"type":"binary-expr","locations":[{"start":{"line":343,"column":16},"end":{"line":343,"column":32}},{"start":{"line":343,"column":36},"end":{"line":343,"column":50}}]},"60":{"loc":{"start":{"line":345,"column":12},"end":{"line":346,"column":28}},"type":"if","locations":[{"start":{"line":345,"column":12},"end":{"line":346,"column":28}},{"start":{"line":345,"column":12},"end":{"line":346,"column":28}}]},"61":{"loc":{"start":{"line":345,"column":16},"end":{"line":345,"column":68}},"type":"binary-expr","locations":[{"start":{"line":345,"column":16},"end":{"line":345,"column":32}},{"start":{"line":345,"column":36},"end":{"line":345,"column":50}},{"start":{"line":345,"column":54},"end":{"line":345,"column":68}}]},"62":{"loc":{"start":{"line":347,"column":12},"end":{"line":350,"column":13}},"type":"if","locations":[{"start":{"line":347,"column":12},"end":{"line":350,"column":13}},{"start":{"line":347,"column":12},"end":{"line":350,"column":13}}]},"63":{"loc":{"start":{"line":347,"column":16},"end":{"line":347,"column":61}},"type":"binary-expr","locations":[{"start":{"line":347,"column":16},"end":{"line":347,"column":30}},{"start":{"line":347,"column":34},"end":{"line":347,"column":61}}]},"64":{"loc":{"start":{"line":351,"column":12},"end":{"line":356,"column":13}},"type":"if","locations":[{"start":{"line":351,"column":12},"end":{"line":356,"column":13}},{"start":{"line":351,"column":12},"end":{"line":356,"column":13}}]},"65":{"loc":{"start":{"line":351,"column":16},"end":{"line":351,"column":61}},"type":"binary-expr","locations":[{"start":{"line":351,"column":16},"end":{"line":351,"column":30}},{"start":{"line":351,"column":34},"end":{"line":351,"column":61}}]},"66":{"loc":{"start":{"line":353,"column":16},"end":{"line":354,"column":33}},"type":"if","locations":[{"start":{"line":353,"column":16},"end":{"line":354,"column":33}},{"start":{"line":353,"column":16},"end":{"line":354,"column":33}}]},"67":{"loc":{"start":{"line":357,"column":12},"end":{"line":360,"column":13}},"type":"if","locations":[{"start":{"line":357,"column":12},"end":{"line":360,"column":13}},{"start":{"line":357,"column":12},"end":{"line":360,"column":13}}]},"68":{"loc":{"start":{"line":357,"column":16},"end":{"line":357,"column":61}},"type":"binary-expr","locations":[{"start":{"line":357,"column":16},"end":{"line":357,"column":30}},{"start":{"line":357,"column":34},"end":{"line":357,"column":61}}]},"69":{"loc":{"start":{"line":364,"column":12},"end":{"line":366,"column":13}},"type":"if","locations":[{"start":{"line":364,"column":12},"end":{"line":366,"column":13}},{"start":{"line":364,"column":12},"end":{"line":366,"column":13}}]},"70":{"loc":{"start":{"line":367,"column":12},"end":{"line":373,"column":13}},"type":"if","locations":[{"start":{"line":367,"column":12},"end":{"line":373,"column":13}},{"start":{"line":367,"column":12},"end":{"line":373,"column":13}}]},"71":{"loc":{"start":{"line":370,"column":29},"end":{"line":370,"column":64}},"type":"binary-expr","locations":[{"start":{"line":370,"column":29},"end":{"line":370,"column":35}},{"start":{"line":370,"column":39},"end":{"line":370,"column":64}}]},"72":{"loc":{"start":{"line":374,"column":12},"end":{"line":380,"column":13}},"type":"if","locations":[{"start":{"line":374,"column":12},"end":{"line":380,"column":13}},{"start":{"line":374,"column":12},"end":{"line":380,"column":13}}]},"73":{"loc":{"start":{"line":377,"column":29},"end":{"line":377,"column":64}},"type":"binary-expr","locations":[{"start":{"line":377,"column":29},"end":{"line":377,"column":35}},{"start":{"line":377,"column":39},"end":{"line":377,"column":64}}]},"74":{"loc":{"start":{"line":385,"column":8},"end":{"line":386,"column":25}},"type":"if","locations":[{"start":{"line":385,"column":8},"end":{"line":386,"column":25}},{"start":{"line":385,"column":8},"end":{"line":386,"column":25}}]},"75":{"loc":{"start":{"line":385,"column":12},"end":{"line":385,"column":42}},"type":"binary-expr","locations":[{"start":{"line":385,"column":12},"end":{"line":385,"column":26}},{"start":{"line":385,"column":30},"end":{"line":385,"column":42}}]},"76":{"loc":{"start":{"line":388,"column":8},"end":{"line":389,"column":25}},"type":"if","locations":[{"start":{"line":388,"column":8},"end":{"line":389,"column":25}},{"start":{"line":388,"column":8},"end":{"line":389,"column":25}}]},"77":{"loc":{"start":{"line":388,"column":12},"end":{"line":388,"column":89}},"type":"binary-expr","locations":[{"start":{"line":388,"column":12},"end":{"line":388,"column":29}},{"start":{"line":388,"column":34},"end":{"line":388,"column":57}},{"start":{"line":388,"column":63},"end":{"line":388,"column":88}}]},"78":{"loc":{"start":{"line":393,"column":8},"end":{"line":394,"column":25}},"type":"if","locations":[{"start":{"line":393,"column":8},"end":{"line":394,"column":25}},{"start":{"line":393,"column":8},"end":{"line":394,"column":25}}]},"79":{"loc":{"start":{"line":395,"column":8},"end":{"line":396,"column":25}},"type":"if","locations":[{"start":{"line":395,"column":8},"end":{"line":396,"column":25}},{"start":{"line":395,"column":8},"end":{"line":396,"column":25}}]},"80":{"loc":{"start":{"line":395,"column":12},"end":{"line":395,"column":60}},"type":"binary-expr","locations":[{"start":{"line":395,"column":13},"end":{"line":395,"column":37}},{"start":{"line":395,"column":42},"end":{"line":395,"column":60}}]},"81":{"loc":{"start":{"line":397,"column":8},"end":{"line":398,"column":25}},"type":"if","locations":[{"start":{"line":397,"column":8},"end":{"line":398,"column":25}},{"start":{"line":397,"column":8},"end":{"line":398,"column":25}}]},"82":{"loc":{"start":{"line":397,"column":12},"end":{"line":397,"column":59}},"type":"binary-expr","locations":[{"start":{"line":397,"column":13},"end":{"line":397,"column":36}},{"start":{"line":397,"column":41},"end":{"line":397,"column":59}}]},"83":{"loc":{"start":{"line":400,"column":8},"end":{"line":401,"column":25}},"type":"if","locations":[{"start":{"line":400,"column":8},"end":{"line":401,"column":25}},{"start":{"line":400,"column":8},"end":{"line":401,"column":25}}]},"84":{"loc":{"start":{"line":400,"column":12},"end":{"line":400,"column":63}},"type":"binary-expr","locations":[{"start":{"line":400,"column":13},"end":{"line":400,"column":37}},{"start":{"line":400,"column":42},"end":{"line":400,"column":63}}]},"85":{"loc":{"start":{"line":404,"column":12},"end":{"line":406,"column":13}},"type":"if","locations":[{"start":{"line":404,"column":12},"end":{"line":406,"column":13}},{"start":{"line":404,"column":12},"end":{"line":406,"column":13}}]},"86":{"loc":{"start":{"line":408,"column":8},"end":{"line":414,"column":9}},"type":"if","locations":[{"start":{"line":408,"column":8},"end":{"line":414,"column":9}},{"start":{"line":408,"column":8},"end":{"line":414,"column":9}}]},"87":{"loc":{"start":{"line":410,"column":12},"end":{"line":411,"column":29}},"type":"if","locations":[{"start":{"line":410,"column":12},"end":{"line":411,"column":29}},{"start":{"line":410,"column":12},"end":{"line":411,"column":29}}]},"88":{"loc":{"start":{"line":412,"column":12},"end":{"line":413,"column":29}},"type":"if","locations":[{"start":{"line":412,"column":12},"end":{"line":413,"column":29}},{"start":{"line":412,"column":12},"end":{"line":413,"column":29}}]},"89":{"loc":{"start":{"line":415,"column":8},"end":{"line":416,"column":25}},"type":"if","locations":[{"start":{"line":415,"column":8},"end":{"line":416,"column":25}},{"start":{"line":415,"column":8},"end":{"line":416,"column":25}}]},"90":{"loc":{"start":{"line":421,"column":15},"end":{"line":421,"column":55}},"type":"binary-expr","locations":[{"start":{"line":421,"column":15},"end":{"line":421,"column":33}},{"start":{"line":421,"column":37},"end":{"line":421,"column":55}}]},"91":{"loc":{"start":{"line":424,"column":8},"end":{"line":425,"column":25}},"type":"if","locations":[{"start":{"line":424,"column":8},"end":{"line":425,"column":25}},{"start":{"line":424,"column":8},"end":{"line":425,"column":25}}]},"92":{"loc":{"start":{"line":426,"column":15},"end":{"line":426,"column":82}},"type":"binary-expr","locations":[{"start":{"line":426,"column":16},"end":{"line":426,"column":33}},{"start":{"line":426,"column":39},"end":{"line":426,"column":56}},{"start":{"line":426,"column":62},"end":{"line":426,"column":81}}]},"93":{"loc":{"start":{"line":429,"column":8},"end":{"line":430,"column":25}},"type":"if","locations":[{"start":{"line":429,"column":8},"end":{"line":430,"column":25}},{"start":{"line":429,"column":8},"end":{"line":430,"column":25}}]},"94":{"loc":{"start":{"line":431,"column":15},"end":{"line":432,"column":88}},"type":"binary-expr","locations":[{"start":{"line":431,"column":16},"end":{"line":431,"column":38}},{"start":{"line":431,"column":44},"end":{"line":431,"column":67}},{"start":{"line":431,"column":73},"end":{"line":431,"column":93}},{"start":{"line":431,"column":99},"end":{"line":431,"column":117}},{"start":{"line":431,"column":123},"end":{"line":431,"column":144}},{"start":{"line":432,"column":16},"end":{"line":432,"column":34}},{"start":{"line":432,"column":40},"end":{"line":432,"column":63}},{"start":{"line":432,"column":69},"end":{"line":432,"column":87}}]},"95":{"loc":{"start":{"line":436,"column":8},"end":{"line":438,"column":9}},"type":"if","locations":[{"start":{"line":436,"column":8},"end":{"line":438,"column":9}},{"start":{"line":436,"column":8},"end":{"line":438,"column":9}}]},"96":{"loc":{"start":{"line":439,"column":8},"end":{"line":440,"column":25}},"type":"if","locations":[{"start":{"line":439,"column":8},"end":{"line":440,"column":25}},{"start":{"line":439,"column":8},"end":{"line":440,"column":25}}]},"97":{"loc":{"start":{"line":442,"column":8},"end":{"line":452,"column":9}},"type":"if","locations":[{"start":{"line":442,"column":8},"end":{"line":452,"column":9}},{"start":{"line":442,"column":8},"end":{"line":452,"column":9}}]},"98":{"loc":{"start":{"line":442,"column":12},"end":{"line":442,"column":41}},"type":"binary-expr","locations":[{"start":{"line":442,"column":12},"end":{"line":442,"column":25}},{"start":{"line":442,"column":29},"end":{"line":442,"column":41}}]},"99":{"loc":{"start":{"line":444,"column":12},"end":{"line":445,"column":29}},"type":"if","locations":[{"start":{"line":444,"column":12},"end":{"line":445,"column":29}},{"start":{"line":444,"column":12},"end":{"line":445,"column":29}}]},"100":{"loc":{"start":{"line":444,"column":16},"end":{"line":444,"column":67}},"type":"binary-expr","locations":[{"start":{"line":444,"column":17},"end":{"line":444,"column":42}},{"start":{"line":444,"column":47},"end":{"line":444,"column":67}}]},"101":{"loc":{"start":{"line":448,"column":16},"end":{"line":449,"column":33}},"type":"if","locations":[{"start":{"line":448,"column":16},"end":{"line":449,"column":33}},{"start":{"line":448,"column":16},"end":{"line":449,"column":33}}]},"102":{"loc":{"start":{"line":453,"column":8},"end":{"line":455,"column":9}},"type":"if","locations":[{"start":{"line":453,"column":8},"end":{"line":455,"column":9}},{"start":{"line":453,"column":8},"end":{"line":455,"column":9}}]},"103":{"loc":{"start":{"line":456,"column":8},"end":{"line":464,"column":9}},"type":"if","locations":[{"start":{"line":456,"column":8},"end":{"line":464,"column":9}},{"start":{"line":456,"column":8},"end":{"line":464,"column":9}}]},"104":{"loc":{"start":{"line":456,"column":12},"end":{"line":456,"column":56}},"type":"binary-expr","locations":[{"start":{"line":456,"column":12},"end":{"line":456,"column":24}},{"start":{"line":456,"column":28},"end":{"line":456,"column":40}},{"start":{"line":456,"column":44},"end":{"line":456,"column":56}}]},"105":{"loc":{"start":{"line":458,"column":12},"end":{"line":459,"column":29}},"type":"if","locations":[{"start":{"line":458,"column":12},"end":{"line":459,"column":29}},{"start":{"line":458,"column":12},"end":{"line":459,"column":29}}]},"106":{"loc":{"start":{"line":461,"column":12},"end":{"line":462,"column":29}},"type":"if","locations":[{"start":{"line":461,"column":12},"end":{"line":462,"column":29}},{"start":{"line":461,"column":12},"end":{"line":462,"column":29}}]},"107":{"loc":{"start":{"line":463,"column":19},"end":{"line":463,"column":87}},"type":"binary-expr","locations":[{"start":{"line":463,"column":19},"end":{"line":463,"column":42}},{"start":{"line":463,"column":47},"end":{"line":463,"column":86}}]},"108":{"loc":{"start":{"line":465,"column":8},"end":{"line":473,"column":9}},"type":"if","locations":[{"start":{"line":465,"column":8},"end":{"line":473,"column":9}},{"start":{"line":465,"column":8},"end":{"line":473,"column":9}}]},"109":{"loc":{"start":{"line":467,"column":12},"end":{"line":468,"column":29}},"type":"if","locations":[{"start":{"line":467,"column":12},"end":{"line":468,"column":29}},{"start":{"line":467,"column":12},"end":{"line":468,"column":29}}]},"110":{"loc":{"start":{"line":470,"column":12},"end":{"line":471,"column":29}},"type":"if","locations":[{"start":{"line":470,"column":12},"end":{"line":471,"column":29}},{"start":{"line":470,"column":12},"end":{"line":471,"column":29}}]},"111":{"loc":{"start":{"line":472,"column":19},"end":{"line":472,"column":87}},"type":"binary-expr","locations":[{"start":{"line":472,"column":19},"end":{"line":472,"column":42}},{"start":{"line":472,"column":47},"end":{"line":472,"column":86}}]}},"s":{"0":1,"1":1,"2":1,"3":1,"4":1,"5":1,"6":1,"7":52,"8":1,"9":11891,"10":11891,"11":11888,"12":3,"13":1,"14":5,"15":5,"16":5,"17":3,"18":3,"19":3,"20":3,"21":0,"22":0,"23":3,"24":3,"25":3,"26":11891,"27":3,"28":3,"29":3,"30":11891,"31":11888,"32":11888,"33":0,"34":11888,"35":11888,"36":129224,"37":129224,"38":129224,"39":129224,"40":129224,"41":129224,"42":129224,"43":129224,"44":129224,"45":129224,"46":129224,"47":129224,"48":129224,"49":3,"50":3,"51":3,"52":0,"53":0,"54":0,"55":3,"56":0,"57":0,"58":0,"59":0,"60":0,"61":0,"62":2,"63":1,"64":1,"65":1,"66":1,"67":83,"68":1,"69":1,"70":1,"71":1,"72":1,"73":1,"74":1,"75":1,"76":1,"77":74,"78":74,"79":74,"80":74,"81":74,"82":74,"83":74,"84":74,"85":74,"86":74,"87":74,"88":74,"89":1,"90":1,"91":74,"92":74,"93":1,"94":0,"95":0,"96":0,"97":0,"98":1,"99":1,"100":1,"101":1,"102":1,"103":1,"104":3,"105":3,"106":3,"107":1,"108":1,"109":1,"110":2,"111":2,"112":1,"113":44,"114":44,"115":44,"116":44,"117":29,"118":0,"119":44,"120":44,"121":38,"122":38,"123":38,"124":38,"125":13,"126":38,"127":38,"128":38,"129":1421467,"130":1421467,"131":82522,"132":22,"133":22,"134":22,"135":22,"136":82522,"137":742698,"138":171904,"139":171904,"140":82522,"141":22,"142":82522,"143":82522,"144":22,"145":22,"146":22,"147":893014,"148":22,"149":1,"150":44,"151":44,"152":25,"153":13,"154":10,"155":3,"156":1,"157":38,"158":38,"159":1,"160":37,"161":37,"162":7,"163":30,"164":30,"165":30,"166":30,"167":0,"168":30,"169":0,"170":30,"171":0,"172":30,"173":30,"174":1,"175":29,"176":64,"177":64,"178":6,"179":23,"180":23,"181":23,"182":0,"183":23,"184":1,"185":22,"186":13,"187":9,"188":1,"189":125,"190":125,"191":1,"192":143,"193":1,"194":142,"195":1,"196":95,"197":1,"198":94,"199":1,"200":64,"201":64,"202":1,"203":63,"204":0,"205":63,"206":63,"207":19,"208":19,"209":2,"210":17,"211":39,"212":39,"213":7,"214":10,"215":44,"216":18,"217":18,"218":0,"219":18,"220":18,"221":0,"222":18,"223":26,"224":3,"225":23,"226":16,"227":16,"228":0,"229":16,"230":16,"231":0,"232":16,"233":1,"234":3670684,"235":3670681,"236":3670681,"237":844144,"238":844144,"239":844144,"240":2826537,"241":64612,"242":64612,"243":64612,"244":2761925,"245":129194,"246":129194,"247":129194,"248":2632731,"249":829869,"250":829869,"251":829869,"252":0,"253":829869,"254":1111,"255":828758,"256":1766,"257":1766,"258":826992,"259":67739,"260":67739,"261":3276,"262":64463,"263":759253,"264":64612,"265":64612,"266":694641,"267":1802862,"268":129419,"269":1673443,"270":581509,"271":581508,"272":1098404,"273":581508,"274":1091934,"275":581509,"276":581508,"277":969180,"278":581508,"279":1,"280":44,"281":44,"282":1,"283":43,"284":43,"285":7,"286":36,"287":36,"288":36,"289":36,"290":0,"291":36,"292":0,"293":36,"294":0,"295":36,"296":36,"297":1,"298":35,"299":46,"300":46,"301":25,"302":10,"303":9,"304":9,"305":0,"306":9,"307":1,"308":9,"309":3,"310":6,"311":1,"312":68,"313":68,"314":1,"315":74,"316":1,"317":73,"318":1,"319":74,"320":1,"321":73,"322":1,"323":21,"324":21,"325":0,"326":21,"327":0,"328":21,"329":21,"330":6,"331":6,"332":0,"333":6,"334":11,"335":11,"336":3,"337":3,"338":15,"339":1,"340":14,"341":6,"342":6,"343":0,"344":6,"345":6,"346":0,"347":6,"348":8,"349":8,"350":8,"351":0,"352":8,"353":8,"354":0,"355":8,"356":1,"357":1,"358":1},"f":{"0":1,"1":52,"2":11891,"3":5,"4":3,"5":3,"6":11891,"7":3,"8":3,"9":0,"10":0,"11":1,"12":1,"13":83,"14":1,"15":74,"16":0,"17":0,"18":1,"19":3,"20":3,"21":44,"22":44,"23":82522,"24":742698,"25":171904,"26":893014,"27":44,"28":38,"29":125,"30":143,"31":95,"32":64,"33":3670684,"34":44,"35":68,"36":74,"37":74,"38":21},"b":{"0":[3,2],"1":[3,0],"2":[11888,3],"3":[11888,0],"4":[129224,0],"5":[0,3],"6":[1,1],"7":[1,0],"8":[1,1],"9":[1,2],"10":[29,15],"11":[44,38],"12":[82522,1338942],"13":[22,0],"14":[25,13],"15":[10,3],"16":[1,37],"17":[38,37],"18":[7,30],"19":[37,33,33],"20":[0,30],"21":[0,30],"22":[30,0],"23":[0,30],"24":[30,30],"25":[1,29],"26":[30,30],"27":[6,58],"28":[23,0],"29":[0,23],"30":[1,22],"31":[13,9],"32":[125,79],"33":[1,142],"34":[142,80,79,79],"35":[1,94],"36":[94,53,25,19,19],"37":[1,63],"38":[0,63],"39":[19,44],"40":[63,53],"41":[2,17],"42":[19,19],"43":[7,32],"44":[18,26],"45":[44,29,28],"46":[0,18],"47":[0,18],"48":[18,17],"49":[3,23],"50":[16,7],"51":[0,16],"52":[0,16],"53":[16,15],"54":[844144,2826537],"55":[64612,2761925],"56":[129194,2632731],"57":[829869,1802862],"58":[0,829869],"59":[829869,0],"60":[1111,828758],"61":[829869,1111,1111],"62":[1766,826992],"63":[828758,69505],"64":[67739,759253],"65":[826992,67739],"66":[3276,64463],"67":[64612,694641],"68":[759253,759253],"69":[129419,1673443],"70":[581509,1091934],"71":[1098404,937817],"72":[581509,510425],"73":[969180,18963],"74":[1,43],"75":[44,43],"76":[7,36],"77":[43,39,39],"78":[0,36],"79":[0,36],"80":[36,1],"81":[0,36],"82":[36,35],"83":[1,35],"84":[36,36],"85":[25,21],"86":[9,1],"87":[0,9],"88":[1,8],"89":[3,6],"90":[68,66],"91":[1,73],"92":[73,73,71],"93":[1,73],"94":[73,73,72,68,38,33,28,28],"95":[0,21],"96":[0,21],"97":[6,15],"98":[21,20],"99":[0,6],"100":[6,6],"101":[3,8],"102":[1,14],"103":[6,8],"104":[14,11,9],"105":[0,6],"106":[0,6],"107":[6,5],"108":[8,0],"109":[0,8],"110":[0,8],"111":[8,7]},"_coverageSchema":"332fd63041d2c1bcb487cc26dd0d5f7d97098a6c","hash":"08f5570678b9df834623b2693b36cbf44002e451","contentHash":"d0d48243587c5b363feebcfdae5ac975_10.1.2"},"C:\\A  UBC Study\\a 2017\\310\\cpsc310_team70\\src\\Util.js":{"path":"C:\\A  UBC Study\\a 2017\\310\\cpsc310_team70\\src\\Util.js","statementMap":{"0":{"start":{"line":2,"column":11},"end":{"line":21,"column":3}},"1":{"start":{"line":5,"column":4},"end":{"line":7,"column":6}},"2":{"start":{"line":6,"column":8},"end":{"line":6,"column":71}},"3":{"start":{"line":8,"column":4},"end":{"line":10,"column":6}},"4":{"start":{"line":9,"column":8},"end":{"line":9,"column":71}},"5":{"start":{"line":11,"column":4},"end":{"line":13,"column":6}},"6":{"start":{"line":12,"column":8},"end":{"line":12,"column":73}},"7":{"start":{"line":14,"column":4},"end":{"line":16,"column":6}},"8":{"start":{"line":15,"column":8},"end":{"line":15,"column":73}},"9":{"start":{"line":17,"column":4},"end":{"line":19,"column":6}},"10":{"start":{"line":18,"column":8},"end":{"line":18,"column":71}},"11":{"start":{"line":20,"column":4},"end":{"line":20,"column":15}},"12":{"start":{"line":22,"column":0},"end":{"line":22,"column":62}},"13":{"start":{"line":23,"column":0},"end":{"line":23,"column":22}}},"fnMap":{"0":{"name":"(anonymous_0)","decl":{"start":{"line":2,"column":11},"end":{"line":2,"column":12}},"loc":{"start":{"line":2,"column":23},"end":{"line":21,"column":1}}},"1":{"name":"Log","decl":{"start":{"line":3,"column":13},"end":{"line":3,"column":16}},"loc":{"start":{"line":3,"column":19},"end":{"line":4,"column":5}}},"2":{"name":"(anonymous_2)","decl":{"start":{"line":5,"column":16},"end":{"line":5,"column":17}},"loc":{"start":{"line":5,"column":31},"end":{"line":7,"column":5}}},"3":{"name":"(anonymous_3)","decl":{"start":{"line":8,"column":15},"end":{"line":8,"column":16}},"loc":{"start":{"line":8,"column":30},"end":{"line":10,"column":5}}},"4":{"name":"(anonymous_4)","decl":{"start":{"line":11,"column":15},"end":{"line":11,"column":16}},"loc":{"start":{"line":11,"column":30},"end":{"line":13,"column":5}}},"5":{"name":"(anonymous_5)","decl":{"start":{"line":14,"column":16},"end":{"line":14,"column":17}},"loc":{"start":{"line":14,"column":31},"end":{"line":16,"column":5}}},"6":{"name":"(anonymous_6)","decl":{"start":{"line":17,"column":15},"end":{"line":17,"column":16}},"loc":{"start":{"line":17,"column":30},"end":{"line":19,"column":5}}}},"branchMap":{},"s":{"0":1,"1":1,"2":52,"3":1,"4":0,"5":1,"6":0,"7":1,"8":0,"9":1,"10":43,"11":1,"12":1,"13":1},"f":{"0":1,"1":0,"2":52,"3":0,"4":0,"5":0,"6":43},"b":{},"_coverageSchema":"332fd63041d2c1bcb487cc26dd0d5f7d97098a6c","hash":"f67c648357beb1825ec81f9078721f4f7e0ba727","contentHash":"76d060dde035f6ada85cda8617f5e819_10.1.2"},"C:\\A  UBC Study\\a 2017\\310\\cpsc310_team70\\test\\InsightFacdeTestSpec.js":{"path":"C:\\A  UBC Study\\a 2017\\310\\cpsc310_team70\\test\\InsightFacdeTestSpec.js","statementMap":{"0":{"start":{"line":2,"column":13},"end":{"line":2,"column":28}},"1":{"start":{"line":3,"column":22},"end":{"line":3,"column":64}},"2":{"start":{"line":4,"column":9},"end":{"line":4,"column":22}},"3":{"start":{"line":5,"column":0},"end":{"line":61,"column":3}},"4":{"start":{"line":6,"column":4},"end":{"line":6,"column":24}},"5":{"start":{"line":7,"column":24},"end":{"line":7,"column":28}},"6":{"start":{"line":8,"column":18},"end":{"line":8,"column":20}},"7":{"start":{"line":9,"column":23},"end":{"line":9,"column":25}},"8":{"start":{"line":10,"column":4},"end":{"line":17,"column":7}},"9":{"start":{"line":11,"column":8},"end":{"line":16,"column":9}},"10":{"start":{"line":12,"column":12},"end":{"line":12,"column":22}},"11":{"start":{"line":15,"column":12},"end":{"line":15,"column":27}},"12":{"start":{"line":18,"column":4},"end":{"line":25,"column":7}},"13":{"start":{"line":19,"column":8},"end":{"line":24,"column":9}},"14":{"start":{"line":20,"column":12},"end":{"line":20,"column":22}},"15":{"start":{"line":23,"column":12},"end":{"line":23,"column":32}},"16":{"start":{"line":26,"column":4},"end":{"line":28,"column":7}},"17":{"start":{"line":27,"column":8},"end":{"line":27,"column":54}},"18":{"start":{"line":29,"column":4},"end":{"line":31,"column":7}},"19":{"start":{"line":30,"column":8},"end":{"line":30,"column":29}},"20":{"start":{"line":32,"column":4},"end":{"line":38,"column":7}},"21":{"start":{"line":33,"column":8},"end":{"line":37,"column":11}},"22":{"start":{"line":34,"column":12},"end":{"line":34,"column":33}},"23":{"start":{"line":36,"column":12},"end":{"line":36,"column":55}},"24":{"start":{"line":39,"column":4},"end":{"line":45,"column":7}},"25":{"start":{"line":40,"column":8},"end":{"line":44,"column":11}},"26":{"start":{"line":41,"column":12},"end":{"line":41,"column":33}},"27":{"start":{"line":43,"column":12},"end":{"line":43,"column":55}},"28":{"start":{"line":46,"column":4},"end":{"line":53,"column":7}},"29":{"start":{"line":47,"column":8},"end":{"line":52,"column":11}},"30":{"start":{"line":48,"column":12},"end":{"line":48,"column":61}},"31":{"start":{"line":49,"column":12},"end":{"line":49,"column":45}},"32":{"start":{"line":51,"column":12},"end":{"line":51,"column":29}},"33":{"start":{"line":54,"column":4},"end":{"line":60,"column":7}},"34":{"start":{"line":55,"column":8},"end":{"line":59,"column":11}},"35":{"start":{"line":56,"column":12},"end":{"line":56,"column":45}},"36":{"start":{"line":58,"column":12},"end":{"line":58,"column":29}}},"fnMap":{"0":{"name":"(anonymous_0)","decl":{"start":{"line":5,"column":30},"end":{"line":5,"column":31}},"loc":{"start":{"line":5,"column":42},"end":{"line":61,"column":1}}},"1":{"name":"(anonymous_1)","decl":{"start":{"line":10,"column":57},"end":{"line":10,"column":58}},"loc":{"start":{"line":10,"column":78},"end":{"line":17,"column":5}}},"2":{"name":"(anonymous_2)","decl":{"start":{"line":18,"column":55},"end":{"line":18,"column":56}},"loc":{"start":{"line":18,"column":76},"end":{"line":25,"column":5}}},"3":{"name":"(anonymous_3)","decl":{"start":{"line":26,"column":15},"end":{"line":26,"column":16}},"loc":{"start":{"line":26,"column":27},"end":{"line":28,"column":5}}},"4":{"name":"(anonymous_4)","decl":{"start":{"line":29,"column":14},"end":{"line":29,"column":15}},"loc":{"start":{"line":29,"column":26},"end":{"line":31,"column":5}}},"5":{"name":"(anonymous_5)","decl":{"start":{"line":32,"column":37},"end":{"line":32,"column":38}},"loc":{"start":{"line":32,"column":49},"end":{"line":38,"column":5}}},"6":{"name":"(anonymous_6)","decl":{"start":{"line":33,"column":70},"end":{"line":33,"column":71}},"loc":{"start":{"line":33,"column":90},"end":{"line":35,"column":9}}},"7":{"name":"(anonymous_7)","decl":{"start":{"line":35,"column":17},"end":{"line":35,"column":18}},"loc":{"start":{"line":35,"column":37},"end":{"line":37,"column":9}}},"8":{"name":"(anonymous_8)","decl":{"start":{"line":39,"column":34},"end":{"line":39,"column":35}},"loc":{"start":{"line":39,"column":46},"end":{"line":45,"column":5}}},"9":{"name":"(anonymous_9)","decl":{"start":{"line":40,"column":64},"end":{"line":40,"column":65}},"loc":{"start":{"line":40,"column":84},"end":{"line":42,"column":9}}},"10":{"name":"(anonymous_10)","decl":{"start":{"line":42,"column":17},"end":{"line":42,"column":18}},"loc":{"start":{"line":42,"column":37},"end":{"line":44,"column":9}}},"11":{"name":"(anonymous_11)","decl":{"start":{"line":46,"column":38},"end":{"line":46,"column":39}},"loc":{"start":{"line":46,"column":50},"end":{"line":53,"column":5}}},"12":{"name":"(anonymous_12)","decl":{"start":{"line":47,"column":65},"end":{"line":47,"column":66}},"loc":{"start":{"line":47,"column":81},"end":{"line":50,"column":9}}},"13":{"name":"(anonymous_13)","decl":{"start":{"line":50,"column":17},"end":{"line":50,"column":18}},"loc":{"start":{"line":50,"column":32},"end":{"line":52,"column":9}}},"14":{"name":"(anonymous_14)","decl":{"start":{"line":54,"column":33},"end":{"line":54,"column":34}},"loc":{"start":{"line":54,"column":45},"end":{"line":60,"column":5}}},"15":{"name":"(anonymous_15)","decl":{"start":{"line":55,"column":65},"end":{"line":55,"column":66}},"loc":{"start":{"line":55,"column":81},"end":{"line":57,"column":9}}},"16":{"name":"(anonymous_16)","decl":{"start":{"line":57,"column":17},"end":{"line":57,"column":18}},"loc":{"start":{"line":57,"column":32},"end":{"line":59,"column":9}}}},"branchMap":{"0":{"loc":{"start":{"line":11,"column":8},"end":{"line":16,"column":9}},"type":"if","locations":[{"start":{"line":11,"column":8},"end":{"line":16,"column":9}},{"start":{"line":11,"column":8},"end":{"line":16,"column":9}}]},"1":{"loc":{"start":{"line":19,"column":8},"end":{"line":24,"column":9}},"type":"if","locations":[{"start":{"line":19,"column":8},"end":{"line":24,"column":9}},{"start":{"line":19,"column":8},"end":{"line":24,"column":9}}]}},"s":{"0":1,"1":1,"2":1,"3":1,"4":1,"5":1,"6":1,"7":1,"8":1,"9":1,"10":0,"11":1,"12":1,"13":1,"14":0,"15":1,"16":1,"17":4,"18":1,"19":4,"20":1,"21":1,"22":1,"23":1,"24":1,"25":1,"26":0,"27":1,"28":1,"29":1,"30":1,"31":1,"32":1,"33":1,"34":1,"35":1,"36":0},"f":{"0":1,"1":1,"2":1,"3":4,"4":4,"5":1,"6":1,"7":1,"8":1,"9":0,"10":1,"11":1,"12":1,"13":1,"14":1,"15":1,"16":0},"b":{"0":[0,1],"1":[0,1]},"_coverageSchema":"332fd63041d2c1bcb487cc26dd0d5f7d97098a6c","hash":"960f3e2013b2732907e5fe0bd643d6b2798ab4a7","contentHash":"7d9cc094f2b195d197b7b9616a1df2a1_10.1.2"},"C:\\A  UBC Study\\a 2017\\310\\cpsc310_team70\\test\\Test.js":{"path":"C:\\A  UBC Study\\a 2017\\310\\cpsc310_team70\\test\\Test.js","statementMap":{"0":{"start":{"line":2,"column":22},"end":{"line":2,"column":64}},"1":{"start":{"line":3,"column":13},"end":{"line":3,"column":28}},"2":{"start":{"line":4,"column":13},"end":{"line":4,"column":35}},"3":{"start":{"line":5,"column":9},"end":{"line":5,"column":22}},"4":{"start":{"line":6,"column":0},"end":{"line":1307,"column":3}},"5":{"start":{"line":7,"column":13},"end":{"line":7,"column":17}},"6":{"start":{"line":8,"column":4},"end":{"line":10,"column":7}},"7":{"start":{"line":9,"column":8},"end":{"line":9,"column":43}},"8":{"start":{"line":11,"column":4},"end":{"line":19,"column":7}},"9":{"start":{"line":12,"column":8},"end":{"line":18,"column":11}},"10":{"start":{"line":13,"column":12},"end":{"line":13,"column":73}},"11":{"start":{"line":14,"column":12},"end":{"line":14,"column":33}},"12":{"start":{"line":16,"column":12},"end":{"line":16,"column":66}},"13":{"start":{"line":17,"column":12},
[...]
n":17},"end":{"line":297,"column":18}},"loc":{"start":{"line":297,"column":32},"end":{"line":300,"column":9}}},"47":{"name":"(anonymous_47)","decl":{"start":{"line":302,"column":29},"end":{"line":302,"column":30}},"loc":{"start":{"line":302,"column":41},"end":{"line":321,"column":5}}},"48":{"name":"(anonymous_48)","decl":{"start":{"line":314,"column":16},"end":{"line":314,"column":17}},"loc":{"start":{"line":314,"column":34},"end":{"line":317,"column":9}}},"49":{"name":"(anonymous_49)","decl":{"start":{"line":317,"column":17},"end":{"line":317,"column":18}},"loc":{"start":{"line":317,"column":32},"end":{"line":320,"column":9}}},"50":{"name":"(anonymous_50)","decl":{"start":{"line":322,"column":28},"end":{"line":322,"column":29}},"loc":{"start":{"line":322,"column":40},"end":{"line":341,"column":5}}},"51":{"name":"(anonymous_51)","decl":{"start":{"line":334,"column":16},"end":{"line":334,"column":17}},"loc":{"start":{"line":334,"column":34},"end":{"line":337,"column":9}}},"52":{"name":"(anonymous_52)","decl":{"start":{"line":337,"column":17},"end":{"line":337,"column":18}},"loc":{"start":{"line":337,"column":32},"end":{"line":340,"column":9}}},"53":{"name":"(anonymous_53)","decl":{"start":{"line":342,"column":29},"end":{"line":342,"column":30}},"loc":{"start":{"line":342,"column":41},"end":{"line":358,"column":5}}},"54":{"name":"(anonymous_54)","decl":{"start":{"line":351,"column":16},"end":{"line":351,"column":17}},"loc":{"start":{"line":351,"column":34},"end":{"line":354,"column":9}}},"55":{"name":"(anonymous_55)","decl":{"start":{"line":354,"column":17},"end":{"line":354,"column":18}},"loc":{"start":{"line":354,"column":32},"end":{"line":357,"column":9}}},"56":{"name":"(anonymous_56)","decl":{"start":{"line":359,"column":29},"end":{"line":359,"column":30}},"loc":{"start":{"line":359,"column":41},"end":{"line":376,"column":5}}},"57":{"name":"(anonymous_57)","decl":{"start":{"line":369,"column":16},"end":{"line":369,"column":17}},"loc":{"start":{"line":369,"column":34},"end":{"line":372,"column":9}}},"58":{"name":"(anonymous_58)","decl":{"start":{"line":372,"column":17},"end":{"line":372,"column":18}},"loc":{"start":{"line":372,"column":32},"end":{"line":375,"column":9}}},"59":{"name":"(anonymous_59)","decl":{"start":{"line":377,"column":32},"end":{"line":377,"column":33}},"loc":{"start":{"line":377,"column":44},"end":{"line":396,"column":5}}},"60":{"name":"(anonymous_60)","decl":{"start":{"line":389,"column":16},"end":{"line":389,"column":17}},"loc":{"start":{"line":389,"column":34},"end":{"line":392,"column":9}}},"61":{"name":"(anonymous_61)","decl":{"start":{"line":392,"column":17},"end":{"line":392,"column":18}},"loc":{"start":{"line":392,"column":32},"end":{"line":395,"column":9}}},"62":{"name":"(anonymous_62)","decl":{"start":{"line":397,"column":32},"end":{"line":397,"column":33}},"loc":{"start":{"line":397,"column":44},"end":{"line":416,"column":5}}},"63":{"name":"(anonymous_63)","decl":{"start":{"line":409,"column":16},"end":{"line":409,"column":17}},"loc":{"start":{"line":409,"column":34},"end":{"line":412,"column":9}}},"64":{"name":"(anonymous_64)","decl":{"start":{"line":412,"column":17},"end":{"line":412,"column":18}},"loc":{"start":{"line":412,"column":32},"end":{"line":415,"column":9}}},"65":{"name":"(anonymous_65)","decl":{"start":{"line":417,"column":32},"end":{"line":417,"column":33}},"loc":{"start":{"line":417,"column":44},"end":{"line":436,"column":5}}},"66":{"name":"(anonymous_66)","decl":{"start":{"line":429,"column":16},"end":{"line":429,"column":17}},"loc":{"start":{"line":429,"column":34},"end":{"line":432,"column":9}}},"67":{"name":"(anonymous_67)","decl":{"start":{"line":432,"column":17},"end":{"line":432,"column":18}},"loc":{"start":{"line":432,"column":32},"end":{"line":435,"column":9}}},"68":{"name":"(anonymous_68)","decl":{"start":{"line":437,"column":32},"end":{"line":437,"column":33}},"loc":{"start":{"line":437,"column":44},"end":{"line":456,"column":5}}},"69":{"name":"(anonymous_69)","decl":{"start":{"line":449,"column":16},"end":{"line":449,"column":17}},"loc":{"start":{"line":449,"column":34},"end":{"line":452,"column":9}}},"70":{"name":"(anonymous_70)","decl":{"start":{"line":452,"column":17},"end":{"line":452,"column":18}},"loc":{"start":{"line":452,"column":32},"end":{"line":455,"column":9}}},"71":{"name":"(anonymous_71)","decl":{"start":{"line":457,"column":36},"end":{"line":457,"column":37}},"loc":{"start":{"line":457,"column":48},"end":{"line":476,"column":5}}},"72":{"name":"(anonymous_72)","decl":{"start":{"line":469,"column":16},"end":{"line":469,"column":17}},"loc":{"start":{"line":469,"column":34},"end":{"line":472,"column":9}}},"73":{"name":"(anonymous_73)","decl":{"start":{"line":472,"column":17},"end":{"line":472,"column":18}},"loc":{"start":{"line":472,"column":32},"end":{"line":475,"column":9}}},"74":{"name":"(anonymous_74)","decl":{"start":{"line":477,"column":30},"end":{"line":477,"column":31}},"loc":{"start":{"line":477,"column":42},"end":{"line":499,"column":5}}},"75":{"name":"(anonymous_75)","decl":{"start":{"line":490,"column":16},"end":{"line":490,"column":17}},"loc":{"start":{"line":490,"column":34},"end":{"line":495,"column":9}}},"76":{"name":"(anonymous_76)","decl":{"start":{"line":495,"column":17},"end":{"line":495,"column":18}},"loc":{"start":{"line":495,"column":32},"end":{"line":498,"column":9}}},"77":{"name":"(anonymous_77)","decl":{"start":{"line":500,"column":31},"end":{"line":500,"column":32}},"loc":{"start":{"line":500,"column":43},"end":{"line":545,"column":5}}},"78":{"name":"(anonymous_78)","decl":{"start":{"line":523,"column":16},"end":{"line":523,"column":17}},"loc":{"start":{"line":523,"column":34},"end":{"line":541,"column":9}}},"79":{"name":"(anonymous_79)","decl":{"start":{"line":541,"column":17},"end":{"line":541,"column":18}},"loc":{"start":{"line":541,"column":32},"end":{"line":544,"column":9}}},"80":{"name":"(anonymous_80)","decl":{"start":{"line":546,"column":31},"end":{"line":546,"column":32}},"loc":{"start":{"line":546,"column":43},"end":{"line":589,"column":5}}},"81":{"name":"(anonymous_81)","decl":{"start":{"line":575,"column":16},"end":{"line":575,"column":17}},"loc":{"start":{"line":575,"column":34},"end":{"line":585,"column":9}}},"82":{"name":"(anonymous_82)","decl":{"start":{"line":585,"column":17},"end":{"line":585,"column":18}},"loc":{"start":{"line":585,"column":32},"end":{"line":588,"column":9}}},"83":{"name":"(anonymous_83)","decl":{"start":{"line":590,"column":31},"end":{"line":590,"column":32}},"loc":{"start":{"line":590,"column":43},"end":{"line":634,"column":5}}},"84":{"name":"(anonymous_84)","decl":{"start":{"line":619,"column":16},"end":{"line":619,"column":17}},"loc":{"start":{"line":619,"column":34},"end":{"line":630,"column":9}}},"85":{"name":"(anonymous_85)","decl":{"start":{"line":630,"column":17},"end":{"line":630,"column":18}},"loc":{"start":{"line":630,"column":32},"end":{"line":633,"column":9}}},"86":{"name":"(anonymous_86)","decl":{"start":{"line":635,"column":25},"end":{"line":635,"column":26}},"loc":{"start":{"line":635,"column":37},"end":{"line":665,"column":5}}},"87":{"name":"(anonymous_87)","decl":{"start":{"line":648,"column":16},"end":{"line":648,"column":17}},"loc":{"start":{"line":648,"column":34},"end":{"line":661,"column":9}}},"88":{"name":"(anonymous_88)","decl":{"start":{"line":661,"column":17},"end":{"line":661,"column":18}},"loc":{"start":{"line":661,"column":32},"end":{"line":664,"column":9}}},"89":{"name":"(anonymous_89)","decl":{"start":{"line":666,"column":24},"end":{"line":666,"column":25}},"loc":{"start":{"line":666,"column":36},"end":{"line":768,"column":5}}},"90":{"name":"(anonymous_90)","decl":{"start":{"line":703,"column":16},"end":{"line":703,"column":17}},"loc":{"start":{"line":703,"column":34},"end":{"line":764,"column":9}}},"91":{"name":"(anonymous_91)","decl":{"start":{"line":764,"column":17},"end":{"line":764,"column":18}},"loc":{"start":{"line":764,"column":32},"end":{"line":767,"column":9}}},"92":{"name":"(anonymous_92)","decl":{"start":{"line":769,"column":18},"end":{"line":769,"column":19}},"loc":{"start":{"line":769,"column":30},"end":{"line":800,"column":5}}},"93":{"name":"(anonymous_93)","decl":{"start":{"line":785,"column":16},"end":{"line":785,"column":17}},"loc":{"start":{"line":785,"column":34},"end":{"line":796,"column":9}}},"94":{"name":"(anonymous_94)","decl":{"start":{"line":796,"column":17},"end":{"line":796,"column":18}},"loc":{"start":{"line":796,"column":32},"end":{"line":799,"column":9}}},"95":{"name":"(anonymous_95)","decl":{"start":{"line":801,"column":16},"end":{"line":801,"column":17}},"loc":{"start":{"line":801,"column":28},"end":{"line":899,"column":5}}},"96":{"name":"(anonymous_96)","decl":{"start":{"line":834,"column":16},"end":{"line":834,"column":17}},"loc":{"start":{"line":834,"column":34},"end":{"line":895,"column":9}}},"97":{"name":"(anonymous_97)","decl":{"start":{"line":895,"column":17},"end":{"line":895,"column":18}},"loc":{"start":{"line":895,"column":32},"end":{"line":898,"column":9}}},"98":{"name":"(anonymous_98)","decl":{"start":{"line":900,"column":16},"end":{"line":900,"column":17}},"loc":{"start":{"line":900,"column":28},"end":{"line":971,"column":5}}},"99":{"name":"(anonymous_99)","decl":{"start":{"line":914,"column":16},"end":{"line":914,"column":17}},"loc":{"start":{"line":914,"column":34},"end":{"line":967,"column":9}}},"100":{"name":"(anonymous_100)","decl":{"start":{"line":967,"column":17},"end":{"line":967,"column":18}},"loc":{"start":{"line":967,"column":32},"end":{"line":970,"column":9}}},"101":{"name":"(anonymous_101)","decl":{"start":{"line":972,"column":32},"end":{"line":972,"column":33}},"loc":{"start":{"line":972,"column":44},"end":{"line":991,"column":5}}},"102":{"name":"(anonymous_102)","decl":{"start":{"line":984,"column":16},"end":{"line":984,"column":17}},"loc":{"start":{"line":984,"column":34},"end":{"line":987,"column":9}}},"103":{"name":"(anonymous_103)","decl":{"start":{"line":987,"column":17},"end":{"line":987,"column":18}},"loc":{"start":{"line":987,"column":32},"end":{"line":990,"column":9}}},"104":{"name":"(anonymous_104)","decl":{"start":{"line":992,"column":32},"end":{"line":992,"column":33}},"loc":{"start":{"line":992,"column":44},"end":{"line":1011,"column":5}}},"105":{"name":"(anonymous_105)","decl":{"start":{"line":1004,"column":16},"end":{"line":1004,"column":17}},"loc":{"start":{"line":1004,"column":34},"end":{"line":1007,"column":9}}},"106":{"name":"(anonymous_106)","decl":{"start":{"line":1007,"column":17},"end":{"line":1007,"column":18}},"loc":{"start":{"line":1007,"column":32},"end":{"line":1010,"column":9}}},"107":{"name":"(anonymous_107)","decl":{"start":{"line":1012,"column":32},"end":{"line":1012,"column":33}},"loc":{"start":{"line":1012,"column":44},"end":{"line":1031,"column":5}}},"108":{"name":"(anonymous_108)","decl":{"start":{"line":1024,"column":16},"end":{"line":1024,"column":17}},"loc":{"start":{"line":1024,"column":34},"end":{"line":1027,"column":9}}},"109":{"name":"(anonymous_109)","decl":{"start":{"line":1027,"column":17},"end":{"line":1027,"column":18}},"loc":{"start":{"line":1027,"column":32},"end":{"line":1030,"column":9}}},"110":{"name":"(anonymous_110)","decl":{"start":{"line":1032,"column":32},"end":{"line":1032,"column":33}},"loc":{"start":{"line":1032,"column":44},"end":{"line":1051,"column":5}}},"111":{"name":"(anonymous_111)","decl":{"start":{"line":1044,"column":16},"end":{"line":1044,"column":17}},"loc":{"start":{"line":1044,"column":34},"end":{"line":1047,"column":9}}},"112":{"name":"(anonymous_112)","decl":{"start":{"line":1047,"column":17},"end":{"line":1047,"column":18}},"loc":{"start":{"line":1047,"column":32},"end":{"line":1050,"column":9}}},"113":{"name":"(anonymous_113)","decl":{"start":{"line":1052,"column":36},"end":{"line":1052,"column":37}},"loc":{"start":{"line":1052,"column":48},"end":{"line":1071,"column":5}}},"114":{"name":"(anonymous_114)","decl":{"start":{"line":1064,"column":16},"end":{"line":1064,"column":17}},"loc":{"start":{"line":1064,"column":34},"end":{"line":1067,"column":9}}},"115":{"name":"(anonymous_115)","decl":{"start":{"line":1067,"column":17},"end":{"line":1067,"column":18}},"loc":{"start":{"line":1067,"column":32},"end":{"line":1070,"column":9}}},"116":{"name":"(anonymous_116)","decl":{"start":{"line":1072,"column":25},"end":{"line":1072,"column":26}},"loc":{"start":{"line":1072,"column":37},"end":{"line":1096,"column":5}}},"117":{"name":"(anonymous_117)","decl":{"start":{"line":1084,"column":16},"end":{"line":1084,"column":17}},"loc":{"start":{"line":1084,"column":34},"end":{"line":1092,"column":9}}},"118":{"name":"(anonymous_118)","decl":{"start":{"line":1092,"column":17},"end":{"line":1092,"column":18}},"loc":{"start":{"line":1092,"column":32},"end":{"line":1095,"column":9}}},"119":{"name":"(anonymous_119)","decl":{"start":{"line":1097,"column":24},"end":{"line":1097,"column":25}},"loc":{"start":{"line":1097,"column":36},"end":{"line":1120,"column":5}}},"120":{"name":"(anonymous_120)","decl":{"start":{"line":1109,"column":16},"end":{"line":1109,"column":17}},"loc":{"start":{"line":1109,"column":34},"end":{"line":1116,"column":9}}},"121":{"name":"(anonymous_121)","decl":{"start":{"line":1116,"column":17},"end":{"line":1116,"column":18}},"loc":{"start":{"line":1116,"column":32},"end":{"line":1119,"column":9}}},"122":{"name":"(anonymous_122)","decl":{"start":{"line":1121,"column":18},"end":{"line":1121,"column":19}},"loc":{"start":{"line":1121,"column":30},"end":{"line":1147,"column":5}}},"123":{"name":"(anonymous_123)","decl":{"start":{"line":1135,"column":16},"end":{"line":1135,"column":17}},"loc":{"start":{"line":1135,"column":34},"end":{"line":1143,"column":9}}},"124":{"name":"(anonymous_124)","decl":{"start":{"line":1143,"column":17},"end":{"line":1143,"column":18}},"loc":{"start":{"line":1143,"column":32},"end":{"line":1146,"column":9}}},"125":{"name":"(anonymous_125)","decl":{"start":{"line":1148,"column":16},"end":{"line":1148,"column":17}},"loc":{"start":{"line":1148,"column":28},"end":{"line":1248,"column":5}}},"126":{"name":"(anonymous_126)","decl":{"start":{"line":1160,"column":16},"end":{"line":1160,"column":17}},"loc":{"start":{"line":1160,"column":34},"end":{"line":1244,"column":9}}},"127":{"name":"(anonymous_127)","decl":{"start":{"line":1244,"column":17},"end":{"line":1244,"column":18}},"loc":{"start":{"line":1244,"column":32},"end":{"line":1247,"column":9}}},"128":{"name":"(anonymous_128)","decl":{"start":{"line":1249,"column":16},"end":{"line":1249,"column":17}},"loc":{"start":{"line":1249,"column":28},"end":{"line":1282,"column":5}}},"129":{"name":"(anonymous_129)","decl":{"start":{"line":1262,"column":16},"end":{"line":1262,"column":17}},"loc":{"start":{"line":1262,"column":34},"end":{"line":1278,"column":9}}},"130":{"name":"(anonymous_130)","decl":{"start":{"line":1278,"column":17},"end":{"line":1278,"column":18}},"loc":{"start":{"line":1278,"column":32},"end":{"line":1281,"column":9}}},"131":{"name":"(anonymous_131)","decl":{"start":{"line":1283,"column":29},"end":{"line":1283,"column":30}},"loc":{"start":{"line":1283,"column":41},"end":{"line":1290,"column":5}}},"132":{"name":"(anonymous_132)","decl":{"start":{"line":1284,"column":41},"end":{"line":1284,"column":42}},"loc":{"start":{"line":1284,"column":57},"end":{"line":1287,"column":9}}},"133":{"name":"(anonymous_133)","decl":{"start":{"line":1287,"column":17},"end":{"line":1287,"column":18}},"loc":{"start":{"line":1287,"column":32},"end":{"line":1289,"column":9}}},"134":{"name":"(anonymous_134)","decl":{"start":{"line":1291,"column":40},"end":{"line":1291,"column":41}},"loc":{"start":{"line":1291,"column":52},"end":{"line":1298,"column":5}}},"135":{"name":"(anonymous_135)","decl":{"start":{"line":1292,"column":40},"end":{"line":1292,"column":41}},"loc":{"start":{"line":1292,"column":56},"end":{"line":1294,"column":9}}},"136":{"name":"(anonymous_136)","decl":{"start":{"line":1294,"column":17},"end":{"line":1294,"column":18}},"loc":{"start":{"line":1294,"column":32},"end":{"line":1297,"column":9}}},"137":{"name":"(anonymous_137)","decl":{"start":{"line":1299,"column":34},"end":{"line":1299,"column":35}},"loc":{"start":{"line":1299,"column":46},"end":{"line":1306,"column":5}}},"138":{"name":"(anonymous_138)","decl":{"start":{"line":1300,"column":41},"end":{"line":1300,"column":42}},"loc":{"start":{"line":1300,"column":57},"end":{"line":1302,"column":9}}},"139":{"name":"(anonymous_139)","decl":{"start":{"line":1302,"column":17},"end":{"line":1302,"column":18}},"loc":{"start":{"line":1302,"column":32},"end":{"line":1305,"column":9}}}},"branchMap":{},"s":{"0":1,"1":1,"2":1,"3":1,"4":1,"5":1,"6":1,"7":46,"8":1,"9":1,"10":0,"11":0,"12":1,"13":1,"14":1,"15":1,"16":0,"17":0,"18":1,"19":1,"20":1,"21":1,"22":0,"23":0,"24":1,"25":1,"26":1,"27":1,"28":0,"29":0,"30":1,"31":1,"32":1,"33":1,"34":0,"35":0,"36":1,"37":1,"38":1,"39":1,"40":0,"41":0,"42":1,"43":1,"44":1,"45":1,"46":0,"47":0,"48":1,"49":1,"50":1,"51":1,"52":0,"53":0,"54":1,"55":1,"56":1,"57":1,"58":0,"59":0,"60":1,"61":1,"62":1,"63":1,"64":0,"65":0,"66":1,"67":1,"68":1,"69":1,"70":0,"71":0,"72":1,"73":1,"74":1,"75":1,"76":0,"77":0,"78":1,"79":1,"80":1,"81":1,"82":0,"83":0,"84":1,"85":1,"86":1,"87":1,"88":0,"89":0,"90":1,"91":1,"92":1,"93":1,"94":0,"95":0,"96":1,"97":1,"98":1,"99":1,"100":0,"101":0,"102":1,"103":1,"104":1,"105":1,"106":0,"107":0,"108":1,"109":1,"110":1,"111":1,"112":0,"113":0,"114":1,"115":1,"116":1,"117":1,"118":0,"119":0,"120":1,"121":1,"122":1,"123":1,"124":0,"125":0,"126":1,"127":1,"128":1,"129":1,"130":0,"131":0,"132":1,"133":1,"134":1,"135":1,"136":0,"137":0,"138":1,"139":1,"140":1,"141":1,"142":0,"143":0,"144":1,"145":1,"146":1,"147":1,"148":0,"149":0,"150":1,"151":1,"152":1,"153":1,"154":1,"155":1,"156":0,"157":0,"158":1,"159":1,"160":1,"161":1,"162":0,"163":0,"164":1,"165":1,"166":1,"167":1,"168":1,"169":0,"170":0,"171":1,"172":1,"173":1,"174":1,"175":1,"176":0,"177":0,"178":1,"179":1,"180":1,"181":1,"182":0,"183":0,"184":1,"185":1,"186":1,"187":1,"188":0,"189":0,"190":1,"191":1,"192":1,"193":1,"194":0,"195":0,"196":1,"197":1,"198":1,"199":1,"200":1,"201":0,"202":0,"203":1,"204":1,"205":1,"206":1,"207":0,"208":0,"209":1,"210":1,"211":0,"212":0,"213":1,"214":1,"215":1,"216":1,"217":0,"218":0,"219":1,"220":1,"221":1,"222":1,"223":0,"224":0,"225":1,"226":1,"227":1,"228":1,"229":0,"230":0,"231":1,"232":1,"233":1,"234":1,"235":0,"236":0,"237":1,"238":1,"239":1,"240":1,"241":0,"242":0,"243":1,"244":1,"245":1,"246":1,"247":0,"248":0,"249":1,"250":1,"251":1,"252":1,"253":0,"254":0,"255":1,"256":1,"257":1,"258":1,"259":0,"260":0,"261":0,"262":1,"263":1,"264":1,"265":1,"266":0,"267":0,"268":0,"269":1,"270":1,"271":1,"272":1,"273":1,"274":1,"275":0,"276":1,"277":1,"278":0,"279":1,"280":1,"281":1,"282":1,"283":0,"284":1,"285":1},"f":{"0":1,"1":46,"2":1,"3":0,"4":1,"5":1,"6":0,"7":1,"8":1,"9":0,"10":1,"11":1,"12":0,"13":1,"14":1,"15":0,"16":1,"17":1,"18":0,"19":1,"20":1,"21":0,"22":1,"23":1,"24":0,"25":1,"26":1,"27":0,"28":1,"29":1,"30":0,"31":1,"32":1,"33":0,"34":1,"35":1,"36":0,"37":1,"38":1,"39":0,"40":1,"41":1,"42":0,"43":1,"44":1,"45":0,"46":1,"47":1,"48":0,"49":1,"50":1,"51":0,"52":1,"53":1,"54":0,"55":1,"56":1,"57":0,"58":1,"59":1,"60":0,"61":1,"62":1,"63":0,"64":1,"65":1,"66":0,"67":1,"68":1,"69":0,"70":1,"71":1,"72":0,"73":1,"74":1,"75":1,"76":0,"77":1,"78":1,"79":0,"80":1,"81":1,"82":0,"83":1,"84":1,"85":0,"86":1,"87":1,"88":0,"89":1,"90":1,"91":0,"92":1,"93":1,"94":0,"95":1,"96":1,"97":0,"98":1,"99":1,"100":0,"101":1,"102":0,"103":1,"104":1,"105":0,"106":1,"107":1,"108":0,"109":1,"110":1,"111":0,"112":1,"113":1,"114":0,"115":1,"116":1,"117":0,"118":1,"119":1,"120":0,"121":1,"122":1,"123":0,"124":1,"125":1,"126":0,"127":1,"128":1,"129":0,"130":1,"131":1,"132":1,"133":0,"134":1,"135":0,"136":1,"137":1,"138":0,"139":1},"b":{},"_coverageSchema":"332fd63041d2c1bcb487cc26dd0d5f7d97098a6c","hash":"eb9f7cf5ad0432b7e34fa7061908ce35d70b2b36","contentHash":"f558072e37d5c87b7e747acafc90e23d_10.1.2"}}